<?xml version="1.0" encoding="UTF-8"?>
<testsuite name="tests.WebQuizEngineTest" tests="1" skipped="0" failures="0" errors="0" timestamp="2020-07-30T06:47:38" hostname="ChaoX1Carbon" time="30.702">
  <properties/>
  <testcase name="start" classname="tests.WebQuizEngineTest" time="30.702"/>
  <system-out><![CDATA[?[1;31m
Start test 1?[0m

  .   ____          _            __ _ _
 /\\ / ___'_ __ _ _(_)_ __  __ _ \ \ \ \
( ( )\___ | '_ | '_| | '_ \/ _` | \ \ \ \
 \\/  ___)| |_)| | | | | || (_| |  ) ) ) )
  '  |____| .__|_| |_|_| |_\__, | / / / /
 =========|_|==============|___/=/_/_/_/
 :: Spring Boot ::        (v2.2.2.RELEASE)

2020-07-29 23:47:38.872  INFO 16968 --- [    Test worker] engine.WebQuizEngine                     : Starting WebQuizEngine on ChaoX1Carbon with PID 16968 (started by fc200 in C:\Users\fc200\IdeaProjects\Web Quiz Engine\Web Quiz Engine\task)
2020-07-29 23:47:38.877  INFO 16968 --- [    Test worker] engine.WebQuizEngine                     : No active profile set, falling back to default profiles: default
2020-07-29 23:47:40.272  INFO 16968 --- [    Test worker] .s.d.r.c.RepositoryConfigurationDelegate : Bootstrapping Spring Data JPA repositories in DEFAULT mode.
2020-07-29 23:47:40.374  INFO 16968 --- [    Test worker] .s.d.r.c.RepositoryConfigurationDelegate : Finished Spring Data repository scanning in 93ms. Found 3 JPA repository interfaces.
2020-07-29 23:47:40.999  INFO 16968 --- [    Test worker] trationDelegate$BeanPostProcessorChecker : Bean 'org.springframework.transaction.annotation.ProxyTransactionManagementConfiguration' of type [org.springframework.transaction.annotation.ProxyTransactionManagementConfiguration] is not eligible for getting processed by all BeanPostProcessors (for example: not eligible for auto-proxying)
2020-07-29 23:47:41.354  INFO 16968 --- [    Test worker] o.s.b.w.embedded.tomcat.TomcatWebServer  : Tomcat initialized with port(s): 8889 (http)
2020-07-29 23:47:41.366  INFO 16968 --- [    Test worker] o.apache.catalina.core.StandardService   : Starting service [Tomcat]
2020-07-29 23:47:41.366  INFO 16968 --- [    Test worker] org.apache.catalina.core.StandardEngine  : Starting Servlet engine: [Apache Tomcat/9.0.29]
2020-07-29 23:47:41.547  INFO 16968 --- [    Test worker] o.a.c.c.C.[Tomcat].[localhost].[/]       : Initializing Spring embedded WebApplicationContext
2020-07-29 23:47:41.547  INFO 16968 --- [    Test worker] o.s.web.context.ContextLoader            : Root WebApplicationContext: initialization completed in 2606 ms
2020-07-29 23:47:41.726  INFO 16968 --- [    Test worker] com.zaxxer.hikari.HikariDataSource       : HikariPool-1 - Starting...
2020-07-29 23:47:41.983  INFO 16968 --- [    Test worker] com.zaxxer.hikari.HikariDataSource       : HikariPool-1 - Start completed.
2020-07-29 23:47:41.991  INFO 16968 --- [    Test worker] o.s.b.a.h2.H2ConsoleAutoConfiguration    : H2 console available at '/h2-console'. Database available at 'jdbc:h2:file:../quizdb'
2020-07-29 23:47:42.369  INFO 16968 --- [    Test worker] o.hibernate.jpa.internal.util.LogHelper  : HHH000204: Processing PersistenceUnitInfo [name: default]
2020-07-29 23:47:42.482  INFO 16968 --- [    Test worker] org.hibernate.Version                    : HHH000412: Hibernate Core {5.4.9.Final}
2020-07-29 23:47:42.735  INFO 16968 --- [    Test worker] o.hibernate.annotations.common.Version   : HCANN000001: Hibernate Commons Annotations {5.1.0.Final}
2020-07-29 23:47:42.919  INFO 16968 --- [    Test worker] org.hibernate.dialect.Dialect            : HHH000400: Using dialect: org.hibernate.dialect.H2Dialect
Hibernate: create table authority (id integer generated by default as identity, name varchar(255) not null, primary key (id))
Hibernate: create table complete_question (primary_id integer not null, completed_at timestamp, id integer not null, userid integer not null, primary key (primary_id))
Hibernate: create table question (id integer not null, text varchar(255), title varchar(255), question_list_id integer, primary key (id))
Hibernate: create table question_answer (question_id integer not null, answer integer)
Hibernate: create table question_options (question_id integer not null, options varchar(255))
Hibernate: create table user (id integer not null, email varchar(255) not null, password varchar(255) not null, username varchar(255), primary key (id))
Hibernate: create table user_authority (user_id integer not null, authority_id integer not null)
Hibernate: alter table user drop constraint if exists UK_ob8kqyqqgmefl0aco34akdtpe
Hibernate: alter table user add constraint UK_ob8kqyqqgmefl0aco34akdtpe unique (email)
Hibernate: create sequence hibernate_sequence start with 1 increment by 1
Hibernate: alter table question add constraint FKrkq2ukt9map9g7b4bx364eg64 foreign key (question_list_id) references user
Hibernate: alter table question_answer add constraint FKflwcda2rengsndju5f1deywok foreign key (question_id) references question
Hibernate: alter table question_options add constraint FKjk4v42xhyfv4ca1yyhorsg5tv foreign key (question_id) references question
Hibernate: alter table user_authority add constraint FKgvxjs381k6f48d5d2yi11uh89 foreign key (authority_id) references authority
Hibernate: alter table user_authority add constraint FKpqlsjpkybgos9w2svcri7j8xy foreign key (user_id) references user
2020-07-29 23:47:44.042  INFO 16968 --- [    Test worker] o.h.e.t.j.p.i.JtaPlatformInitiator       : HHH000490: Using JtaPlatform implementation: [org.hibernate.engine.transaction.jta.platform.internal.NoJtaPlatform]
2020-07-29 23:47:44.052  INFO 16968 --- [    Test worker] j.LocalContainerEntityManagerFactoryBean : Initialized JPA EntityManagerFactory for persistence unit 'default'
2020-07-29 23:47:44.640  WARN 16968 --- [    Test worker] JpaBaseConfiguration$JpaWebConfiguration : spring.jpa.open-in-view is enabled by default. Therefore, database queries may be performed during view rendering. Explicitly configure spring.jpa.open-in-view to disable this warning
2020-07-29 23:47:44.886  INFO 16968 --- [    Test worker] o.s.s.web.DefaultSecurityFilterChain     : Creating filter chain: any request, [org.springframework.security.web.context.request.async.WebAsyncManagerIntegrationFilter@618286d, org.springframework.security.web.context.SecurityContextPersistenceFilter@73cfc890, org.springframework.security.web.header.HeaderWriterFilter@16f4dfdd, org.springframework.security.web.authentication.logout.LogoutFilter@65410af2, org.springframework.security.web.authentication.www.BasicAuthenticationFilter@332f8b7, org.springframework.security.web.savedrequest.RequestCacheAwareFilter@57681855, org.springframework.security.web.servletapi.SecurityContextHolderAwareRequestFilter@d5bbd67, org.springframework.security.web.authentication.AnonymousAuthenticationFilter@76366e4e, org.springframework.security.web.session.SessionManagementFilter@7fd306e7, org.springframework.security.web.access.ExceptionTranslationFilter@1e199244, org.springframework.security.web.access.intercept.FilterSecurityInterceptor@4b4e76a6]
2020-07-29 23:47:45.056  INFO 16968 --- [    Test worker] o.s.s.concurrent.ThreadPoolTaskExecutor  : Initializing ExecutorService 'applicationTaskExecutor'
2020-07-29 23:47:45.442  INFO 16968 --- [    Test worker] o.s.b.a.e.web.EndpointLinksResolver      : Exposing 14 endpoint(s) beneath base path '/actuator'
2020-07-29 23:47:45.523  INFO 16968 --- [    Test worker] o.s.b.w.embedded.tomcat.TomcatWebServer  : Tomcat started on port(s): 8889 (http) with context path ''
2020-07-29 23:47:45.527  INFO 16968 --- [    Test worker] engine.WebQuizEngine                     : Started WebQuizEngine in 7.148 seconds (JVM running for 8.133)
2020-07-29 23:47:45.988  INFO 16968 --- [nio-8889-exec-1] o.a.c.c.C.[Tomcat].[localhost].[/]       : Initializing Spring DispatcherServlet 'dispatcherServlet'
2020-07-29 23:47:45.989  INFO 16968 --- [nio-8889-exec-1] o.s.web.servlet.DispatcherServlet        : Initializing Servlet 'dispatcherServlet'
2020-07-29 23:47:46.002  INFO 16968 --- [nio-8889-exec-1] o.s.web.servlet.DispatcherServlet        : Completed initialization in 13 ms
in login field
Hibernate: select user0_.id as id1_5_, user0_.email as email2_5_, user0_.password as password3_5_, user0_.username as username4_5_ from user user0_ where user0_.username=?
User(id=0, username=null, email=test@google.com, password=qwerty, questionList=[], authorities=null)
User(id=0, username=test@google.com, email=test@google.com, password=$2a$10$Gu.VQmyfYJkWM5k6gSZ2VeOT8zR2c4SGK.i2nkGBnIiiSeUhvt/Y., questionList=[], authorities=[Authority(id=0, name=USER)])
Hibernate: call next value for hibernate_sequence
Hibernate: insert into user (email, password, username, id) values (?, ?, ?, ?)
Hibernate: insert into authority (id, name) values (null, ?)
Hibernate: insert into user_authority (user_id, authority_id) values (?, ?)
?[1;31m
Start test 2?[0m
in login field
Hibernate: select user0_.id as id1_5_, user0_.email as email2_5_, user0_.password as password3_5_, user0_.username as username4_5_ from user user0_ where user0_.username=?
User(id=0, username=null, email=user@google.com, password=12345, questionList=[], authorities=null)
User(id=0, username=user@google.com, email=user@google.com, password=$2a$10$kyLvtYj391YCXrypgZvB7uuuuqlSJqR3VAB6Ia5IKl4hlIcLZFmVW, questionList=[], authorities=[Authority(id=0, name=USER)])
Hibernate: call next value for hibernate_sequence
Hibernate: insert into user (email, password, username, id) values (?, ?, ?, ?)
Hibernate: insert into authority (id, name) values (null, ?)
Hibernate: insert into user_authority (user_id, authority_id) values (?, ?)
?[1;31m
Start test 3?[0m
2020-07-29 23:47:46.687  WARN 16968 --- [nio-8889-exec-4] .w.s.m.s.DefaultHandlerExceptionResolver : Resolved [org.springframework.web.bind.MethodArgumentNotValidException: Validation failed for argument [0] in public org.springframework.http.ResponseEntity engine.controller.UserController.addUser(engine.model.User) with 2 errors: [Field error in object 'user' on field 'email': rejected value [google.com]; codes [Email.user.email,Email.email,Email.java.lang.String,Email]; arguments [org.springframework.context.support.DefaultMessageSourceResolvable: codes [user.email,email]; arguments []; default message [email],[Ljavax.validation.constraints.Pattern$Flag;@2b17fab8,.*]; default message [must be a well-formed email address]] [Field error in object 'user' on field 'email': rejected value [google.com]; codes [Pattern.user.email,Pattern.email,Pattern.java.lang.String,Pattern]; arguments [org.springframework.context.support.DefaultMessageSourceResolvable: codes [user.email,email]; arguments []; default message [email],[Ljavax.validation.constraints.Pattern$Flag;@3ebdb520,.+@.*\..*]; default message [Please provide a valid email address]] ]
?[1;31m
Start test 4?[0m
2020-07-29 23:47:46.729  WARN 16968 --- [nio-8889-exec-5] .w.s.m.s.DefaultHandlerExceptionResolver : Resolved [org.springframework.web.bind.MethodArgumentNotValidException: Validation failed for argument [0] in public org.springframework.http.ResponseEntity engine.controller.UserController.addUser(engine.model.User): [Field error in object 'user' on field 'email': rejected value [well@googlecom]; codes [Pattern.user.email,Pattern.email,Pattern.java.lang.String,Pattern]; arguments [org.springframework.context.support.DefaultMessageSourceResolvable: codes [user.email,email]; arguments []; default message [email],[Ljavax.validation.constraints.Pattern$Flag;@3ebdb520,.+@.*\..*]; default message [Please provide a valid email address]] ]
?[1;31m
Start test 5?[0m
in login field
Hibernate: select user0_.id as id1_5_, user0_.email as email2_5_, user0_.password as password3_5_, user0_.username as username4_5_ from user user0_ where user0_.username=?
Hibernate: select authoritie0_.user_id as user_id1_6_0_, authoritie0_.authority_id as authorit2_6_0_, authority1_.id as id1_0_1_, authority1_.name as name2_0_1_ from user_authority authoritie0_ inner join authority authority1_ on authoritie0_.authority_id=authority1_.id where authoritie0_.user_id=?
?[1;31m
Start test 6?[0m
2020-07-29 23:47:46.773  WARN 16968 --- [nio-8889-exec-7] .w.s.m.s.DefaultHandlerExceptionResolver : Resolved [org.springframework.web.bind.MethodArgumentNotValidException: Validation failed for argument [0] in public org.springframework.http.ResponseEntity engine.controller.UserController.addUser(engine.model.User): [Field error in object 'user' on field 'password': rejected value [1234]; codes [Size.user.password,Size.password,Size.java.lang.String,Size]; arguments [org.springframework.context.support.DefaultMessageSourceResolvable: codes [user.password,password]; arguments []; default message [password],2147483647,5]; default message [size must be between 5 and 2147483647]] ]
?[1;31m
Start test 7?[0m
2020-07-29 23:47:46.783  WARN 16968 --- [nio-8889-exec-8] .w.s.m.s.DefaultHandlerExceptionResolver : Resolved [org.springframework.web.bind.MethodArgumentNotValidException: Validation failed for argument [0] in public org.springframework.http.ResponseEntity engine.controller.UserController.addUser(engine.model.User): [Field error in object 'user' on field 'password': rejected value [123]; codes [Size.user.password,Size.password,Size.java.lang.String,Size]; arguments [org.springframework.context.support.DefaultMessageSourceResolvable: codes [user.password,password]; arguments []; default message [password],2147483647,5]; default message [size must be between 5 and 2147483647]] ]
?[1;31m
Start test 8?[0m
Hibernate: select user0_.id as id1_5_, user0_.email as email2_5_, user0_.password as password3_5_, user0_.username as username4_5_ from user user0_ where user0_.username=?
Hibernate: select authoritie0_.user_id as user_id1_6_0_, authoritie0_.authority_id as authorit2_6_0_, authority1_.id as id1_0_1_, authority1_.name as name2_0_1_ from user_authority authoritie0_ inner join authority authority1_ on authoritie0_.authority_id=authority1_.id where authoritie0_.user_id=?
2020-07-29 23:47:47.083  WARN 16968 --- [nio-8889-exec-9] o.a.c.util.SessionIdGeneratorBase        : Creation of SecureRandom instance for session ID generation using [SHA1PRNG] took [125] milliseconds.
Hibernate: select question0_.id as id1_2_, question0_.text as text2_2_, question0_.title as title3_2_ from question question0_ order by question0_.id asc limit ?
?[1;31m
Start test 9?[0m
Hibernate: select user0_.id as id1_5_, user0_.email as email2_5_, user0_.password as password3_5_, user0_.username as username4_5_ from user user0_ where user0_.username=?
Hibernate: select authoritie0_.user_id as user_id1_6_0_, authoritie0_.authority_id as authorit2_6_0_, authority1_.id as id1_0_1_, authority1_.name as name2_0_1_ from user_authority authoritie0_ inner join authority authority1_ on authoritie0_.authority_id=authority1_.id where authoritie0_.user_id=?
Hibernate: select question0_.id as id1_2_, question0_.text as text2_2_, question0_.title as title3_2_ from question question0_ order by question0_.id asc limit ?
?[1;31m
Start test 10?[0m
Hibernate: select user0_.id as id1_5_, user0_.email as email2_5_, user0_.password as password3_5_, user0_.username as username4_5_ from user user0_ where user0_.username=?
Hibernate: select authoritie0_.user_id as user_id1_6_0_, authoritie0_.authority_id as authorit2_6_0_, authority1_.id as id1_0_1_, authority1_.name as name2_0_1_ from user_authority authoritie0_ inner join authority authority1_ on authoritie0_.authority_id=authority1_.id where authoritie0_.user_id=?
USERNAME
test@google.com
Hibernate: select user0_.id as id1_5_, user0_.email as email2_5_, user0_.password as password3_5_, user0_.username as username4_5_ from user user0_ where user0_.username=?
Hibernate: select authoritie0_.user_id as user_id1_6_0_, authoritie0_.authority_id as authorit2_6_0_, authority1_.id as id1_0_1_, authority1_.name as name2_0_1_ from user_authority authoritie0_ inner join authority authority1_ on authoritie0_.authority_id=authority1_.id where authoritie0_.user_id=?
Hibernate: call next value for hibernate_sequence
Hibernate: insert into question (text, title, id) values (?, ?, ?)
Hibernate: insert into question_answer (question_id, answer) values (?, ?)
Hibernate: insert into question_options (question_id, options) values (?, ?)
Hibernate: insert into question_options (question_id, options) values (?, ?)
Hibernate: insert into question_options (question_id, options) values (?, ?)
Hibernate: insert into question_options (question_id, options) values (?, ?)
Hibernate: select questionli0_.question_list_id as question4_2_0_, questionli0_.id as id1_2_0_, questionli0_.id as id1_2_1_, questionli0_.text as text2_2_1_, questionli0_.title as title3_2_1_ from question questionli0_ where questionli0_.question_list_id=?
Question(id=3, title=The Java Logo, text=What is depicted on the Java logo?, options=[Robot, Tea leaf, Cup of coffee, Bug], answer=[2])
Question(id=3, title=The Java Logo, text=What is depicted on the Java logo?, options=[Robot, Tea leaf, Cup of coffee, Bug], answer=null)
Hibernate: update question set question_list_id=? where id=?
?[1;31m
Start test 11?[0m
Hibernate: select user0_.id as id1_5_, user0_.email as email2_5_, user0_.password as password3_5_, user0_.username as username4_5_ from user user0_ where user0_.username=?
Hibernate: select authoritie0_.user_id as user_id1_6_0_, authoritie0_.authority_id as authorit2_6_0_, authority1_.id as id1_0_1_, authority1_.name as name2_0_1_ from user_authority authoritie0_ inner join authority authority1_ on authoritie0_.authority_id=authority1_.id where authoritie0_.user_id=?
Hibernate: select question0_.id as id1_2_0_, question0_.text as text2_2_0_, question0_.title as title3_2_0_ from question question0_ where question0_.id=?
Hibernate: select options0_.question_id as question1_4_0_, options0_.options as options2_4_0_ from question_options options0_ where options0_.question_id=?
?[1;31m
Start test 12?[0m
Hibernate: select user0_.id as id1_5_, user0_.email as email2_5_, user0_.password as password3_5_, user0_.username as username4_5_ from user user0_ where user0_.username=?
Hibernate: select authoritie0_.user_id as user_id1_6_0_, authoritie0_.authority_id as authorit2_6_0_, authority1_.id as id1_0_1_, authority1_.name as name2_0_1_ from user_authority authoritie0_ inner join authority authority1_ on authoritie0_.authority_id=authority1_.id where authoritie0_.user_id=?
Hibernate: select question0_.id as id1_2_0_, question0_.text as text2_2_0_, question0_.title as title3_2_0_ from question question0_ where question0_.id=?
?[1;31m
Start test 13?[0m
Hibernate: select user0_.id as id1_5_, user0_.email as email2_5_, user0_.password as password3_5_, user0_.username as username4_5_ from user user0_ where user0_.username=?
Hibernate: select authoritie0_.user_id as user_id1_6_0_, authoritie0_.authority_id as authorit2_6_0_, authority1_.id as id1_0_1_, authority1_.name as name2_0_1_ from user_authority authoritie0_ inner join authority authority1_ on authoritie0_.authority_id=authority1_.id where authoritie0_.user_id=?
Hibernate: select question0_.id as id1_2_, question0_.text as text2_2_, question0_.title as title3_2_ from question question0_ order by question0_.id asc limit ?
Hibernate: select options0_.question_id as question1_4_0_, options0_.options as options2_4_0_ from question_options options0_ where options0_.question_id=?
?[1;31m
Start test 14?[0m
Hibernate: select user0_.id as id1_5_, user0_.email as email2_5_, user0_.password as password3_5_, user0_.username as username4_5_ from user user0_ where user0_.username=?
Hibernate: select authoritie0_.user_id as user_id1_6_0_, authoritie0_.authority_id as authorit2_6_0_, authority1_.id as id1_0_1_, authority1_.name as name2_0_1_ from user_authority authoritie0_ inner join authority authority1_ on authoritie0_.authority_id=authority1_.id where authoritie0_.user_id=?
USERNAME
user@google.com
Hibernate: select user0_.id as id1_5_, user0_.email as email2_5_, user0_.password as password3_5_, user0_.username as username4_5_ from user user0_ where user0_.username=?
Hibernate: select authoritie0_.user_id as user_id1_6_0_, authoritie0_.authority_id as authorit2_6_0_, authority1_.id as id1_0_1_, authority1_.name as name2_0_1_ from user_authority authoritie0_ inner join authority authority1_ on authoritie0_.authority_id=authority1_.id where authoritie0_.user_id=?
Hibernate: call next value for hibernate_sequence
Hibernate: insert into question (text, title, id) values (?, ?, ?)
Hibernate: insert into question_answer (question_id, answer) values (?, ?)
Hibernate: insert into question_options (question_id, options) values (?, ?)
Hibernate: insert into question_options (question_id, options) values (?, ?)
Hibernate: insert into question_options (question_id, options) values (?, ?)
Hibernate: insert into question_options (question_id, options) values (?, ?)
Hibernate: select questionli0_.question_list_id as question4_2_0_, questionli0_.id as id1_2_0_, questionli0_.id as id1_2_1_, questionli0_.text as text2_2_1_, questionli0_.title as title3_2_1_ from question questionli0_ where questionli0_.question_list_id=?
Question(id=4, title=The Ultimate Question, text=What is the answer to the Ultimate Question of Life, the Universe and Everything?, options=[Everything goes right, 42, 2+2=4, 11011100], answer=[1])
Question(id=4, title=The Ultimate Question, text=What is the answer to the Ultimate Question of Life, the Universe and Everything?, options=[Everything goes right, 42, 2+2=4, 11011100], answer=null)
Hibernate: update question set question_list_id=? where id=?
?[1;31m
Start test 15?[0m
Hibernate: select user0_.id as id1_5_, user0_.email as email2_5_, user0_.password as password3_5_, user0_.username as username4_5_ from user user0_ where user0_.username=?
Hibernate: select authoritie0_.user_id as user_id1_6_0_, authoritie0_.authority_id as authorit2_6_0_, authority1_.id as id1_0_1_, authority1_.name as name2_0_1_ from user_authority authoritie0_ inner join authority authority1_ on authoritie0_.authority_id=authority1_.id where authoritie0_.user_id=?
Hibernate: select question0_.id as id1_2_0_, question0_.text as text2_2_0_, question0_.title as title3_2_0_ from question question0_ where question0_.id=?
Hibernate: select options0_.question_id as question1_4_0_, options0_.options as options2_4_0_ from question_options options0_ where options0_.question_id=?
?[1;31m
Start test 16?[0m
Hibernate: select user0_.id as id1_5_, user0_.email as email2_5_, user0_.password as password3_5_, user0_.username as username4_5_ from user user0_ where user0_.username=?
Hibernate: select authoritie0_.user_id as user_id1_6_0_, authoritie0_.authority_id as authorit2_6_0_, authority1_.id as id1_0_1_, authority1_.name as name2_0_1_ from user_authority authoritie0_ inner join authority authority1_ on authoritie0_.authority_id=authority1_.id where authoritie0_.user_id=?
Hibernate: select question0_.id as id1_2_0_, question0_.text as text2_2_0_, question0_.title as title3_2_0_ from question question0_ where question0_.id=?
?[1;31m
Start test 17?[0m
Hibernate: select user0_.id as id1_5_, user0_.email as email2_5_, user0_.password as password3_5_, user0_.username as username4_5_ from user user0_ where user0_.username=?
Hibernate: select authoritie0_.user_id as user_id1_6_0_, authoritie0_.authority_id as authorit2_6_0_, authority1_.id as id1_0_1_, authority1_.name as name2_0_1_ from user_authority authoritie0_ inner join authority authority1_ on authoritie0_.authority_id=authority1_.id where authoritie0_.user_id=?
Hibernate: select question0_.id as id1_2_, question0_.text as text2_2_, question0_.title as title3_2_ from question question0_ order by question0_.id asc limit ?
Hibernate: select options0_.question_id as question1_4_0_, options0_.options as options2_4_0_ from question_options options0_ where options0_.question_id=?
Hibernate: select options0_.question_id as question1_4_0_, options0_.options as options2_4_0_ from question_options options0_ where options0_.question_id=?
?[1;31m
Start test 18?[0m
?[1;31m
Start test 19?[0m
?[1;31m
Start test 20?[0m
?[1;31m
Start test 21?[0m
?[1;31m
Start test 22?[0m
?[1;31m
Start test 23?[0m
?[1;31m
Start test 24?[0m
?[1;31m
Start test 25?[0m
?[1;31m
Start test 26?[0m
Hibernate: select user0_.id as id1_5_, user0_.email as email2_5_, user0_.password as password3_5_, user0_.username as username4_5_ from user user0_ where user0_.username=?
?[1;31m
Start test 27?[0m
Hibernate: select user0_.id as id1_5_, user0_.email as email2_5_, user0_.password as password3_5_, user0_.username as username4_5_ from user user0_ where user0_.username=?
?[1;31m
Start test 28?[0m
Hibernate: select user0_.id as id1_5_, user0_.email as email2_5_, user0_.password as password3_5_, user0_.username as username4_5_ from user user0_ where user0_.username=?
?[1;31m
Start test 29?[0m
Hibernate: select user0_.id as id1_5_, user0_.email as email2_5_, user0_.password as password3_5_, user0_.username as username4_5_ from user user0_ where user0_.username=?
?[1;31m
Start test 30?[0m
Hibernate: select user0_.id as id1_5_, user0_.email as email2_5_, user0_.password as password3_5_, user0_.username as username4_5_ from user user0_ where user0_.username=?
?[1;31m
Start test 31?[0m
Hibernate: select user0_.id as id1_5_, user0_.email as email2_5_, user0_.password as password3_5_, user0_.username as username4_5_ from user user0_ where user0_.username=?
?[1;31m
Start test 32?[0m
Hibernate: select user0_.id as id1_5_, user0_.email as email2_5_, user0_.password as password3_5_, user0_.username as username4_5_ from user user0_ where user0_.username=?
?[1;31m
Start test 33?[0m
Hibernate: select user0_.id as id1_5_, user0_.email as email2_5_, user0_.password as password3_5_, user0_.username as username4_5_ from user user0_ where user0_.username=?
?[1;31m
Start test 34?[0m
Hibernate: select user0_.id as id1_5_, user0_.email as email2_5_, user0_.password as password3_5_, user0_.username as username4_5_ from user user0_ where user0_.username=?
Hibernate: select authoritie0_.user_id as user_id1_6_0_, authoritie0_.authority_id as authorit2_6_0_, authority1_.id as id1_0_1_, authority1_.name as name2_0_1_ from user_authority authoritie0_ inner join authority authority1_ on authoritie0_.authority_id=authority1_.id where authoritie0_.user_id=?
Hibernate: select question0_.id as id1_2_0_, question0_.text as text2_2_0_, question0_.title as title3_2_0_ from question question0_ where question0_.id=?
Hibernate: select answer0_.question_id as question1_3_0_, answer0_.answer as answer2_3_0_ from question_answer answer0_ where answer0_.question_id=?
?[1;31m
Start test 35?[0m
Hibernate: select user0_.id as id1_5_, user0_.email as email2_5_, user0_.password as password3_5_, user0_.username as username4_5_ from user user0_ where user0_.username=?
Hibernate: select authoritie0_.user_id as user_id1_6_0_, authoritie0_.authority_id as authorit2_6_0_, authority1_.id as id1_0_1_, authority1_.name as name2_0_1_ from user_authority authoritie0_ inner join authority authority1_ on authoritie0_.authority_id=authority1_.id where authoritie0_.user_id=?
Hibernate: select question0_.id as id1_2_0_, question0_.text as text2_2_0_, question0_.title as title3_2_0_ from question question0_ where question0_.id=?
Hibernate: select answer0_.question_id as question1_3_0_, answer0_.answer as answer2_3_0_ from question_answer answer0_ where answer0_.question_id=?
?[1;31m
Start test 36?[0m
Hibernate: select user0_.id as id1_5_, user0_.email as email2_5_, user0_.password as password3_5_, user0_.username as username4_5_ from user user0_ where user0_.username=?
Hibernate: select authoritie0_.user_id as user_id1_6_0_, authoritie0_.authority_id as authorit2_6_0_, authority1_.id as id1_0_1_, authority1_.name as name2_0_1_ from user_authority authoritie0_ inner join authority authority1_ on authoritie0_.authority_id=authority1_.id where authoritie0_.user_id=?
Hibernate: select question0_.id as id1_2_0_, question0_.text as text2_2_0_, question0_.title as title3_2_0_ from question question0_ where question0_.id=?
Hibernate: select answer0_.question_id as question1_3_0_, answer0_.answer as answer2_3_0_ from question_answer answer0_ where answer0_.question_id=?
USERNAME
test@google.com
Hibernate: select user0_.id as id1_5_, user0_.email as email2_5_, user0_.password as password3_5_, user0_.username as username4_5_ from user user0_ where user0_.username=?
Hibernate: select authoritie0_.user_id as user_id1_6_0_, authoritie0_.authority_id as authorit2_6_0_, authority1_.id as id1_0_1_, authority1_.name as name2_0_1_ from user_authority authoritie0_ inner join authority authority1_ on authoritie0_.authority_id=authority1_.id where authoritie0_.user_id=?
Hibernate: call next value for hibernate_sequence
Hibernate: insert into complete_question (completed_at, id, userid, primary_id) values (?, ?, ?, ?)
CompleteQuestion(completedAt=2020-07-29 23:47:48.216, primaryId=5, userid=1, id=3)
?[1;31m
Start test 37?[0m
Hibernate: select user0_.id as id1_5_, user0_.email as email2_5_, user0_.password as password3_5_, user0_.username as username4_5_ from user user0_ where user0_.username=?
Hibernate: select authoritie0_.user_id as user_id1_6_0_, authoritie0_.authority_id as authorit2_6_0_, authority1_.id as id1_0_1_, authority1_.name as name2_0_1_ from user_authority authoritie0_ inner join authority authority1_ on authoritie0_.authority_id=authority1_.id where authoritie0_.user_id=?
Hibernate: select question0_.id as id1_2_0_, question0_.text as text2_2_0_, question0_.title as title3_2_0_ from question question0_ where question0_.id=?
Hibernate: select answer0_.question_id as question1_3_0_, answer0_.answer as answer2_3_0_ from question_answer answer0_ where answer0_.question_id=?
?[1;31m
Start test 38?[0m
Hibernate: select user0_.id as id1_5_, user0_.email as email2_5_, user0_.password as password3_5_, user0_.username as username4_5_ from user user0_ where user0_.username=?
Hibernate: select authoritie0_.user_id as user_id1_6_0_, authoritie0_.authority_id as authorit2_6_0_, authority1_.id as id1_0_1_, authority1_.name as name2_0_1_ from user_authority authoritie0_ inner join authority authority1_ on authoritie0_.authority_id=authority1_.id where authoritie0_.user_id=?
Hibernate: select question0_.id as id1_2_0_, question0_.text as text2_2_0_, question0_.title as title3_2_0_ from question question0_ where question0_.id=?
Hibernate: select answer0_.question_id as question1_3_0_, answer0_.answer as answer2_3_0_ from question_answer answer0_ where answer0_.question_id=?
?[1;31m
Start test 39?[0m
Hibernate: select user0_.id as id1_5_, user0_.email as email2_5_, user0_.password as password3_5_, user0_.username as username4_5_ from user user0_ where user0_.username=?
Hibernate: select authoritie0_.user_id as user_id1_6_0_, authoritie0_.authority_id as authorit2_6_0_, authority1_.id as id1_0_1_, authority1_.name as name2_0_1_ from user_authority authoritie0_ inner join authority authority1_ on authoritie0_.authority_id=authority1_.id where authoritie0_.user_id=?
Hibernate: select question0_.id as id1_2_0_, question0_.text as text2_2_0_, question0_.title as title3_2_0_ from question question0_ where question0_.id=?
Hibernate: select answer0_.question_id as question1_3_0_, answer0_.answer as answer2_3_0_ from question_answer answer0_ where answer0_.question_id=?
USERNAME
user@google.com
Hibernate: select user0_.id as id1_5_, user0_.email as email2_5_, user0_.password as password3_5_, user0_.username as username4_5_ from user user0_ where user0_.username=?
Hibernate: select authoritie0_.user_id as user_id1_6_0_, authoritie0_.authority_id as authorit2_6_0_, authority1_.id as id1_0_1_, authority1_.name as name2_0_1_ from user_authority authoritie0_ inner join authority authority1_ on authoritie0_.authority_id=authority1_.id where authoritie0_.user_id=?
Hibernate: call next value for hibernate_sequence
Hibernate: insert into complete_question (completed_at, id, userid, primary_id) values (?, ?, ?, ?)
CompleteQuestion(completedAt=2020-07-29 23:47:48.453, primaryId=6, userid=2, id=4)
?[1;31m
Start test 40?[0m
Hibernate: select user0_.id as id1_5_, user0_.email as email2_5_, user0_.password as password3_5_, user0_.username as username4_5_ from user user0_ where user0_.username=?
Hibernate: select authoritie0_.user_id as user_id1_6_0_, authoritie0_.authority_id as authorit2_6_0_, authority1_.id as id1_0_1_, authority1_.name as name2_0_1_ from user_authority authoritie0_ inner join authority authority1_ on authoritie0_.authority_id=authority1_.id where authoritie0_.user_id=?
Hibernate: select question0_.id as id1_2_0_, question0_.text as text2_2_0_, question0_.title as title3_2_0_ from question question0_ where question0_.id=?
Hibernate: select answer0_.question_id as question1_3_0_, answer0_.answer as answer2_3_0_ from question_answer answer0_ where answer0_.question_id=?
?[1;31m
Start test 41?[0m
Hibernate: select user0_.id as id1_5_, user0_.email as email2_5_, user0_.password as password3_5_, user0_.username as username4_5_ from user user0_ where user0_.username=?
Hibernate: select authoritie0_.user_id as user_id1_6_0_, authoritie0_.authority_id as authorit2_6_0_, authority1_.id as id1_0_1_, authority1_.name as name2_0_1_ from user_authority authoritie0_ inner join authority authority1_ on authoritie0_.authority_id=authority1_.id where authoritie0_.user_id=?
Hibernate: select question0_.id as id1_2_0_, question0_.text as text2_2_0_, question0_.title as title3_2_0_ from question question0_ where question0_.id=?
Hibernate: select answer0_.question_id as question1_3_0_, answer0_.answer as answer2_3_0_ from question_answer answer0_ where answer0_.question_id=?
?[1;31m
Start test 42?[0m
Hibernate: select user0_.id as id1_5_, user0_.email as email2_5_, user0_.password as password3_5_, user0_.username as username4_5_ from user user0_ where user0_.username=?
Hibernate: select authoritie0_.user_id as user_id1_6_0_, authoritie0_.authority_id as authorit2_6_0_, authority1_.id as id1_0_1_, authority1_.name as name2_0_1_ from user_authority authoritie0_ inner join authority authority1_ on authoritie0_.authority_id=authority1_.id where authoritie0_.user_id=?
USERNAME
test@google.com
Hibernate: select user0_.id as id1_5_, user0_.email as email2_5_, user0_.password as password3_5_, user0_.username as username4_5_ from user user0_ where user0_.username=?
Hibernate: select authoritie0_.user_id as user_id1_6_0_, authoritie0_.authority_id as authorit2_6_0_, authority1_.id as id1_0_1_, authority1_.name as name2_0_1_ from user_authority authoritie0_ inner join authority authority1_ on authoritie0_.authority_id=authority1_.id where authoritie0_.user_id=?
Hibernate: select completequ0_.primary_id as primary_1_1_, completequ0_.completed_at as complete2_1_, completequ0_.id as id3_1_, completequ0_.userid as userid4_1_ from complete_question completequ0_ where completequ0_.userid=? order by completequ0_.completed_at desc limit ?
Page 1 of 1 containing engine.model.CompleteQuestion instances
?[1;31m
Start test 43?[0m
Hibernate: select user0_.id as id1_5_, user0_.email as email2_5_, user0_.password as password3_5_, user0_.username as username4_5_ from user user0_ where user0_.username=?
Hibernate: select authoritie0_.user_id as user_id1_6_0_, authoritie0_.authority_id as authorit2_6_0_, authority1_.id as id1_0_1_, authority1_.name as name2_0_1_ from user_authority authoritie0_ inner join authority authority1_ on authoritie0_.authority_id=authority1_.id where authoritie0_.user_id=?
USERNAME
user@google.com
Hibernate: select user0_.id as id1_5_, user0_.email as email2_5_, user0_.password as password3_5_, user0_.username as username4_5_ from user user0_ where user0_.username=?
Hibernate: select authoritie0_.user_id as user_id1_6_0_, authoritie0_.authority_id as authorit2_6_0_, authority1_.id as id1_0_1_, authority1_.name as name2_0_1_ from user_authority authoritie0_ inner join authority authority1_ on authoritie0_.authority_id=authority1_.id where authoritie0_.user_id=?
Hibernate: select completequ0_.primary_id as primary_1_1_, completequ0_.completed_at as complete2_1_, completequ0_.id as id3_1_, completequ0_.userid as userid4_1_ from complete_question completequ0_ where completequ0_.userid=? order by completequ0_.completed_at desc limit ?
Page 1 of 1 containing engine.model.CompleteQuestion instances
?[1;31m
Start test 44?[0m
Hibernate: select user0_.id as id1_5_, user0_.email as email2_5_, user0_.password as password3_5_, user0_.username as username4_5_ from user user0_ where user0_.username=?
Hibernate: select authoritie0_.user_id as user_id1_6_0_, authoritie0_.authority_id as authorit2_6_0_, authority1_.id as id1_0_1_, authority1_.name as name2_0_1_ from user_authority authoritie0_ inner join authority authority1_ on authoritie0_.authority_id=authority1_.id where authoritie0_.user_id=?
Hibernate: select question0_.id as id1_2_, question0_.text as text2_2_, question0_.title as title3_2_ from question question0_ order by question0_.id asc limit ?
Hibernate: select options0_.question_id as question1_4_0_, options0_.options as options2_4_0_ from question_options options0_ where options0_.question_id=?
Hibernate: select options0_.question_id as question1_4_0_, options0_.options as options2_4_0_ from question_options options0_ where options0_.question_id=?
?[1;31m
Start test 45?[0m
Hibernate: select user0_.id as id1_5_, user0_.email as email2_5_, user0_.password as password3_5_, user0_.username as username4_5_ from user user0_ where user0_.username=?
Hibernate: select authoritie0_.user_id as user_id1_6_0_, authoritie0_.authority_id as authorit2_6_0_, authority1_.id as id1_0_1_, authority1_.name as name2_0_1_ from user_authority authoritie0_ inner join authority authority1_ on authoritie0_.authority_id=authority1_.id where authoritie0_.user_id=?
Hibernate: select question0_.id as id1_2_, question0_.text as text2_2_, question0_.title as title3_2_ from question question0_ order by question0_.id asc limit ?
Hibernate: select options0_.question_id as question1_4_0_, options0_.options as options2_4_0_ from question_options options0_ where options0_.question_id=?
Hibernate: select options0_.question_id as question1_4_0_, options0_.options as options2_4_0_ from question_options options0_ where options0_.question_id=?
?[1;31m
Start test 46?[0m
2020-07-29 23:47:49.415  INFO 16968 --- [       Thread-6] o.s.s.concurrent.ThreadPoolTaskExecutor  : Shutting down ExecutorService 'applicationTaskExecutor'
2020-07-29 23:47:49.418  INFO 16968 --- [       Thread-6] j.LocalContainerEntityManagerFactoryBean : Closing JPA EntityManagerFactory for persistence unit 'default'
2020-07-29 23:47:49.422  INFO 16968 --- [       Thread-6] com.zaxxer.hikari.HikariDataSource       : HikariPool-1 - Shutdown initiated...
2020-07-29 23:47:49.460  INFO 16968 --- [       Thread-6] com.zaxxer.hikari.HikariDataSource       : HikariPool-1 - Shutdown completed.

  .   ____          _            __ _ _
 /\\ / ___'_ __ _ _(_)_ __  __ _ \ \ \ \
( ( )\___ | '_ | '_| | '_ \/ _` | \ \ \ \
 \\/  ___)| |_)| | | | | || (_| |  ) ) ) )
  '  |____| .__|_| |_|_| |_\__, | / / / /
 =========|_|==============|___/=/_/_/_/
 :: Spring Boot ::        (v2.2.2.RELEASE)

2020-07-29 23:47:49.587  INFO 16968 --- [       Thread-6] o.apache.catalina.core.StandardService   : Stopping service [Tomcat]
2020-07-29 23:47:49.588  INFO 16968 --- [    Test worker] engine.WebQuizEngine                     : Starting WebQuizEngine on ChaoX1Carbon with PID 16968 (started by fc200 in C:\Users\fc200\IdeaProjects\Web Quiz Engine\Web Quiz Engine\task)
2020-07-29 23:47:49.589  INFO 16968 --- [    Test worker] engine.WebQuizEngine                     : No active profile set, falling back to default profiles: default
2020-07-29 23:47:49.596  INFO 16968 --- [       Thread-6] o.a.c.c.C.[Tomcat].[localhost].[/]       : Destroying Spring FrameworkServlet 'dispatcherServlet'
2020-07-29 23:47:49.962  INFO 16968 --- [    Test worker] .s.d.r.c.RepositoryConfigurationDelegate : Bootstrapping Spring Data JPA repositories in DEFAULT mode.
2020-07-29 23:47:49.980  INFO 16968 --- [    Test worker] .s.d.r.c.RepositoryConfigurationDelegate : Finished Spring Data repository scanning in 17ms. Found 3 JPA repository interfaces.
2020-07-29 23:47:50.045  INFO 16968 --- [    Test worker] trationDelegate$BeanPostProcessorChecker : Bean 'org.springframework.transaction.annotation.ProxyTransactionManagementConfiguration' of type [org.springframework.transaction.annotation.ProxyTransactionManagementConfiguration] is not eligible for getting processed by all BeanPostProcessors (for example: not eligible for auto-proxying)
2020-07-29 23:47:50.088  WARN 16968 --- [    Test worker] org.apache.tomcat.util.modeler.Registry  : The MBean registry cannot be disabled because it has already been initialised
2020-07-29 23:47:50.096  INFO 16968 --- [    Test worker] o.s.b.w.embedded.tomcat.TomcatWebServer  : Tomcat initialized with port(s): 8889 (http)
2020-07-29 23:47:50.097  INFO 16968 --- [    Test worker] o.apache.catalina.core.StandardService   : Starting service [Tomcat]
2020-07-29 23:47:50.097  INFO 16968 --- [    Test worker] org.apache.catalina.core.StandardEngine  : Starting Servlet engine: [Apache Tomcat/9.0.29]
2020-07-29 23:47:50.130  INFO 16968 --- [    Test worker] o.a.c.c.C.[Tomcat].[localhost].[/]       : Initializing Spring embedded WebApplicationContext
2020-07-29 23:47:50.130  INFO 16968 --- [    Test worker] o.s.web.context.ContextLoader            : Root WebApplicationContext: initialization completed in 529 ms
2020-07-29 23:47:50.210  INFO 16968 --- [    Test worker] com.zaxxer.hikari.HikariDataSource       : HikariPool-2 - Starting...
2020-07-29 23:47:50.226  INFO 16968 --- [    Test worker] com.zaxxer.hikari.HikariDataSource       : HikariPool-2 - Start completed.
2020-07-29 23:47:50.226  INFO 16968 --- [    Test worker] o.s.b.a.h2.H2ConsoleAutoConfiguration    : H2 console available at '/h2-console'. Database available at 'jdbc:h2:file:../quizdb'
2020-07-29 23:47:50.327  INFO 16968 --- [    Test worker] o.hibernate.jpa.internal.util.LogHelper  : HHH000204: Processing PersistenceUnitInfo [name: default]
2020-07-29 23:47:50.336  INFO 16968 --- [    Test worker] org.hibernate.dialect.Dialect            : HHH000400: Using dialect: org.hibernate.dialect.H2Dialect
2020-07-29 23:47:50.497  INFO 16968 --- [    Test worker] o.h.e.t.j.p.i.JtaPlatformInitiator       : HHH000490: Using JtaPlatform implementation: [org.hibernate.engine.transaction.jta.platform.internal.NoJtaPlatform]
2020-07-29 23:47:50.497  INFO 16968 --- [    Test worker] j.LocalContainerEntityManagerFactoryBean : Initialized JPA EntityManagerFactory for persistence unit 'default'
2020-07-29 23:47:50.621  WARN 16968 --- [    Test worker] JpaBaseConfiguration$JpaWebConfiguration : spring.jpa.open-in-view is enabled by default. Therefore, database queries may be performed during view rendering. Explicitly configure spring.jpa.open-in-view to disable this warning
2020-07-29 23:47:50.659  INFO 16968 --- [    Test worker] o.s.s.web.DefaultSecurityFilterChain     : Creating filter chain: any request, [org.springframework.security.web.context.request.async.WebAsyncManagerIntegrationFilter@69e10faa, org.springframework.security.web.context.SecurityContextPersistenceFilter@6573bd42, org.springframework.security.web.header.HeaderWriterFilter@5795975, org.springframework.security.web.authentication.logout.LogoutFilter@38787d26, org.springframework.security.web.authentication.www.BasicAuthenticationFilter@1cea0f1, org.springframework.security.web.savedrequest.RequestCacheAwareFilter@24e3ad9d, org.springframework.security.web.servletapi.SecurityContextHolderAwareRequestFilter@6b1eea85, org.springframework.security.web.authentication.AnonymousAuthenticationFilter@6142f661, org.springframework.security.web.session.SessionManagementFilter@66f9baa6, org.springframework.security.web.access.ExceptionTranslationFilter@20bc2dbc, org.springframework.security.web.access.intercept.FilterSecurityInterceptor@7a866705]
2020-07-29 23:47:50.728  INFO 16968 --- [    Test worker] o.s.s.concurrent.ThreadPoolTaskExecutor  : Initializing ExecutorService 'applicationTaskExecutor'
2020-07-29 23:47:50.871  INFO 16968 --- [    Test worker] o.s.b.a.e.web.EndpointLinksResolver      : Exposing 14 endpoint(s) beneath base path '/actuator'
2020-07-29 23:47:50.895  INFO 16968 --- [    Test worker] o.s.b.w.embedded.tomcat.TomcatWebServer  : Tomcat started on port(s): 8889 (http) with context path ''
2020-07-29 23:47:50.896  INFO 16968 --- [    Test worker] engine.WebQuizEngine                     : Started WebQuizEngine in 1.342 seconds (JVM running for 13.502)
?[1;31m
Start test 47?[0m
2020-07-29 23:47:50.902  INFO 16968 --- [nio-8889-exec-1] o.a.c.c.C.[Tomcat].[localhost].[/]       : Initializing Spring DispatcherServlet 'dispatcherServlet'
2020-07-29 23:47:50.902  INFO 16968 --- [nio-8889-exec-1] o.s.web.servlet.DispatcherServlet        : Initializing Servlet 'dispatcherServlet'
2020-07-29 23:47:50.908  INFO 16968 --- [nio-8889-exec-1] o.s.web.servlet.DispatcherServlet        : Completed initialization in 6 ms
Hibernate: select user0_.id as id1_5_, user0_.email as email2_5_, user0_.password as password3_5_, user0_.username as username4_5_ from user user0_ where user0_.username=?
Hibernate: select authoritie0_.user_id as user_id1_6_0_, authoritie0_.authority_id as authorit2_6_0_, authority1_.id as id1_0_1_, authority1_.name as name2_0_1_ from user_authority authoritie0_ inner join authority authority1_ on authoritie0_.authority_id=authority1_.id where authoritie0_.user_id=?
Hibernate: select question0_.id as id1_2_, question0_.text as text2_2_, question0_.title as title3_2_ from question question0_ order by question0_.id asc limit ?
Hibernate: select options0_.question_id as question1_4_0_, options0_.options as options2_4_0_ from question_options options0_ where options0_.question_id=?
Hibernate: select options0_.question_id as question1_4_0_, options0_.options as options2_4_0_ from question_options options0_ where options0_.question_id=?
?[1;31m
Start test 48?[0m
Hibernate: select user0_.id as id1_5_, user0_.email as email2_5_, user0_.password as password3_5_, user0_.username as username4_5_ from user user0_ where user0_.username=?
Hibernate: select authoritie0_.user_id as user_id1_6_0_, authoritie0_.authority_id as authorit2_6_0_, authority1_.id as id1_0_1_, authority1_.name as name2_0_1_ from user_authority authoritie0_ inner join authority authority1_ on authoritie0_.authority_id=authority1_.id where authoritie0_.user_id=?
Hibernate: select question0_.id as id1_2_, question0_.text as text2_2_, question0_.title as title3_2_ from question question0_ order by question0_.id asc limit ?
Hibernate: select options0_.question_id as question1_4_0_, options0_.options as options2_4_0_ from question_options options0_ where options0_.question_id=?
Hibernate: select options0_.question_id as question1_4_0_, options0_.options as options2_4_0_ from question_options options0_ where options0_.question_id=?
?[1;31m
Start test 49?[0m
Hibernate: select user0_.id as id1_5_, user0_.email as email2_5_, user0_.password as password3_5_, user0_.username as username4_5_ from user user0_ where user0_.username=?
Hibernate: select authoritie0_.user_id as user_id1_6_0_, authoritie0_.authority_id as authorit2_6_0_, authority1_.id as id1_0_1_, authority1_.name as name2_0_1_ from user_authority authoritie0_ inner join authority authority1_ on authoritie0_.authority_id=authority1_.id where authoritie0_.user_id=?
Hibernate: select question0_.id as id1_2_0_, question0_.text as text2_2_0_, question0_.title as title3_2_0_ from question question0_ where question0_.id=?
Hibernate: select answer0_.question_id as question1_3_0_, answer0_.answer as answer2_3_0_ from question_answer answer0_ where answer0_.question_id=?
USERNAME
user@google.com
Hibernate: select user0_.id as id1_5_, user0_.email as email2_5_, user0_.password as password3_5_, user0_.username as username4_5_ from user user0_ where user0_.username=?
Hibernate: select authoritie0_.user_id as user_id1_6_0_, authoritie0_.authority_id as authorit2_6_0_, authority1_.id as id1_0_1_, authority1_.name as name2_0_1_ from user_authority authoritie0_ inner join authority authority1_ on authoritie0_.authority_id=authority1_.id where authoritie0_.user_id=?
Hibernate: call next value for hibernate_sequence
Hibernate: insert into complete_question (completed_at, id, userid, primary_id) values (?, ?, ?, ?)
CompleteQuestion(completedAt=2020-07-29 23:47:51.292, primaryId=7, userid=2, id=3)
?[1;31m
Start test 50?[0m
Hibernate: select user0_.id as id1_5_, user0_.email as email2_5_, user0_.password as password3_5_, user0_.username as username4_5_ from user user0_ where user0_.username=?
Hibernate: select authoritie0_.user_id as user_id1_6_0_, authoritie0_.authority_id as authorit2_6_0_, authority1_.id as id1_0_1_, authority1_.name as name2_0_1_ from user_authority authoritie0_ inner join authority authority1_ on authoritie0_.authority_id=authority1_.id where authoritie0_.user_id=?
Hibernate: select question0_.id as id1_2_0_, question0_.text as text2_2_0_, question0_.title as title3_2_0_ from question question0_ where question0_.id=?
Hibernate: select answer0_.question_id as question1_3_0_, answer0_.answer as answer2_3_0_ from question_answer answer0_ where answer0_.question_id=?
?[1;31m
Start test 51?[0m
Hibernate: select user0_.id as id1_5_, user0_.email as email2_5_, user0_.password as password3_5_, user0_.username as username4_5_ from user user0_ where user0_.username=?
Hibernate: select authoritie0_.user_id as user_id1_6_0_, authoritie0_.authority_id as authorit2_6_0_, authority1_.id as id1_0_1_, authority1_.name as name2_0_1_ from user_authority authoritie0_ inner join authority authority1_ on authoritie0_.authority_id=authority1_.id where authoritie0_.user_id=?
Hibernate: select question0_.id as id1_2_0_, question0_.text as text2_2_0_, question0_.title as title3_2_0_ from question question0_ where question0_.id=?
Hibernate: select answer0_.question_id as question1_3_0_, answer0_.answer as answer2_3_0_ from question_answer answer0_ where answer0_.question_id=?
?[1;31m
Start test 52?[0m
Hibernate: select user0_.id as id1_5_, user0_.email as email2_5_, user0_.password as password3_5_, user0_.username as username4_5_ from user user0_ where user0_.username=?
Hibernate: select authoritie0_.user_id as user_id1_6_0_, authoritie0_.authority_id as authorit2_6_0_, authority1_.id as id1_0_1_, authority1_.name as name2_0_1_ from user_authority authoritie0_ inner join authority authority1_ on authoritie0_.authority_id=authority1_.id where authoritie0_.user_id=?
Hibernate: select question0_.id as id1_2_0_, question0_.text as text2_2_0_, question0_.title as title3_2_0_ from question question0_ where question0_.id=?
Hibernate: select answer0_.question_id as question1_3_0_, answer0_.answer as answer2_3_0_ from question_answer answer0_ where answer0_.question_id=?
USERNAME
test@google.com
Hibernate: select user0_.id as id1_5_, user0_.email as email2_5_, user0_.password as password3_5_, user0_.username as username4_5_ from user user0_ where user0_.username=?
Hibernate: select authoritie0_.user_id as user_id1_6_0_, authoritie0_.authority_id as authorit2_6_0_, authority1_.id as id1_0_1_, authority1_.name as name2_0_1_ from user_authority authoritie0_ inner join authority authority1_ on authoritie0_.authority_id=authority1_.id where authoritie0_.user_id=?
Hibernate: call next value for hibernate_sequence
Hibernate: insert into complete_question (completed_at, id, userid, primary_id) values (?, ?, ?, ?)
CompleteQuestion(completedAt=2020-07-29 23:47:51.517, primaryId=8, userid=1, id=4)
?[1;31m
Start test 53?[0m
Hibernate: select user0_.id as id1_5_, user0_.email as email2_5_, user0_.password as password3_5_, user0_.username as username4_5_ from user user0_ where user0_.username=?
Hibernate: select authoritie0_.user_id as user_id1_6_0_, authoritie0_.authority_id as authorit2_6_0_, authority1_.id as id1_0_1_, authority1_.name as name2_0_1_ from user_authority authoritie0_ inner join authority authority1_ on authoritie0_.authority_id=authority1_.id where authoritie0_.user_id=?
USERNAME
test@google.com
Hibernate: select user0_.id as id1_5_, user0_.email as email2_5_, user0_.password as password3_5_, user0_.username as username4_5_ from user user0_ where user0_.username=?
Hibernate: select authoritie0_.user_id as user_id1_6_0_, authoritie0_.authority_id as authorit2_6_0_, authority1_.id as id1_0_1_, authority1_.name as name2_0_1_ from user_authority authoritie0_ inner join authority authority1_ on authoritie0_.authority_id=authority1_.id where authoritie0_.user_id=?
Hibernate: select completequ0_.primary_id as primary_1_1_, completequ0_.completed_at as complete2_1_, completequ0_.id as id3_1_, completequ0_.userid as userid4_1_ from complete_question completequ0_ where completequ0_.userid=? order by completequ0_.completed_at desc limit ?
Page 1 of 1 containing engine.model.CompleteQuestion instances
?[1;31m
Start test 54?[0m
Hibernate: select user0_.id as id1_5_, user0_.email as email2_5_, user0_.password as password3_5_, user0_.username as username4_5_ from user user0_ where user0_.username=?
Hibernate: select authoritie0_.user_id as user_id1_6_0_, authoritie0_.authority_id as authorit2_6_0_, authority1_.id as id1_0_1_, authority1_.name as name2_0_1_ from user_authority authoritie0_ inner join authority authority1_ on authoritie0_.authority_id=authority1_.id where authoritie0_.user_id=?
USERNAME
test@google.com
Hibernate: select user0_.id as id1_5_, user0_.email as email2_5_, user0_.password as password3_5_, user0_.username as username4_5_ from user user0_ where user0_.username=?
Hibernate: select authoritie0_.user_id as user_id1_6_0_, authoritie0_.authority_id as authorit2_6_0_, authority1_.id as id1_0_1_, authority1_.name as name2_0_1_ from user_authority authoritie0_ inner join authority authority1_ on authoritie0_.authority_id=authority1_.id where authoritie0_.user_id=?
Hibernate: select completequ0_.primary_id as primary_1_1_, completequ0_.completed_at as complete2_1_, completequ0_.id as id3_1_, completequ0_.userid as userid4_1_ from complete_question completequ0_ where completequ0_.userid=? order by completequ0_.completed_at desc limit ?
Page 1 of 1 containing engine.model.CompleteQuestion instances
?[1;31m
Start test 55?[0m
Hibernate: select user0_.id as id1_5_, user0_.email as email2_5_, user0_.password as password3_5_, user0_.username as username4_5_ from user user0_ where user0_.username=?
Hibernate: select authoritie0_.user_id as user_id1_6_0_, authoritie0_.authority_id as authorit2_6_0_, authority1_.id as id1_0_1_, authority1_.name as name2_0_1_ from user_authority authoritie0_ inner join authority authority1_ on authoritie0_.authority_id=authority1_.id where authoritie0_.user_id=?
USERNAME
user@google.com
Hibernate: select user0_.id as id1_5_, user0_.email as email2_5_, user0_.password as password3_5_, user0_.username as username4_5_ from user user0_ where user0_.username=?
Hibernate: select authoritie0_.user_id as user_id1_6_0_, authoritie0_.authority_id as authorit2_6_0_, authority1_.id as id1_0_1_, authority1_.name as name2_0_1_ from user_authority authoritie0_ inner join authority authority1_ on authoritie0_.authority_id=authority1_.id where authoritie0_.user_id=?
Hibernate: select completequ0_.primary_id as primary_1_1_, completequ0_.completed_at as complete2_1_, completequ0_.id as id3_1_, completequ0_.userid as userid4_1_ from complete_question completequ0_ where completequ0_.userid=? order by completequ0_.completed_at desc limit ?
Page 1 of 1 containing engine.model.CompleteQuestion instances
?[1;31m
Start test 56?[0m
Hibernate: select user0_.id as id1_5_, user0_.email as email2_5_, user0_.password as password3_5_, user0_.username as username4_5_ from user user0_ where user0_.username=?
Hibernate: select authoritie0_.user_id as user_id1_6_0_, authoritie0_.authority_id as authorit2_6_0_, authority1_.id as id1_0_1_, authority1_.name as name2_0_1_ from user_authority authoritie0_ inner join authority authority1_ on authoritie0_.authority_id=authority1_.id where authoritie0_.user_id=?
USERNAME
user@google.com
Hibernate: select user0_.id as id1_5_, user0_.email as email2_5_, user0_.password as password3_5_, user0_.username as username4_5_ from user user0_ where user0_.username=?
Hibernate: select authoritie0_.user_id as user_id1_6_0_, authoritie0_.authority_id as authorit2_6_0_, authority1_.id as id1_0_1_, authority1_.name as name2_0_1_ from user_authority authoritie0_ inner join authority authority1_ on authoritie0_.authority_id=authority1_.id where authoritie0_.user_id=?
Hibernate: select completequ0_.primary_id as primary_1_1_, completequ0_.completed_at as complete2_1_, completequ0_.id as id3_1_, completequ0_.userid as userid4_1_ from complete_question completequ0_ where completequ0_.userid=? order by completequ0_.completed_at desc limit ?
Page 1 of 1 containing engine.model.CompleteQuestion instances
?[1;31m
Start test 57?[0m
Hibernate: select user0_.id as id1_5_, user0_.email as email2_5_, user0_.password as password3_5_, user0_.username as username4_5_ from user user0_ where user0_.username=?
Hibernate: select authoritie0_.user_id as user_id1_6_0_, authoritie0_.authority_id as authorit2_6_0_, authority1_.id as id1_0_1_, authority1_.name as name2_0_1_ from user_authority authoritie0_ inner join authority authority1_ on authoritie0_.authority_id=authority1_.id where authoritie0_.user_id=?
2020-07-29 23:47:51.895  WARN 16968 --- [nio-8889-exec-1] .w.s.m.s.DefaultHandlerExceptionResolver : Resolved [org.springframework.http.converter.HttpMessageNotReadableException: JSON parse error: Unexpected character ('"' (code 34)): was expecting comma to separate Object entries; nested exception is com.fasterxml.jackson.core.JsonParseException: Unexpected character ('"' (code 34)): was expecting comma to separate Object entries
 at [Source: (PushbackInputStream); line: 4, column: 4]]
?[1;31m
Start test 58?[0m
Hibernate: select user0_.id as id1_5_, user0_.email as email2_5_, user0_.password as password3_5_, user0_.username as username4_5_ from user user0_ where user0_.username=?
Hibernate: select authoritie0_.user_id as user_id1_6_0_, authoritie0_.authority_id as authorit2_6_0_, authority1_.id as id1_0_1_, authority1_.name as name2_0_1_ from user_authority authoritie0_ inner join authority authority1_ on authoritie0_.authority_id=authority1_.id where authoritie0_.user_id=?
2020-07-29 23:47:51.970  WARN 16968 --- [nio-8889-exec-2] .w.s.m.s.DefaultHandlerExceptionResolver : Resolved [org.springframework.http.converter.HttpMessageNotReadableException: JSON parse error: Unexpected character ('"' (code 34)): was expecting comma to separate Object entries; nested exception is com.fasterxml.jackson.core.JsonParseException: Unexpected character ('"' (code 34)): was expecting comma to separate Object entries
 at [Source: (PushbackInputStream); line: 5, column: 4]]
?[1;31m
Start test 59?[0m
Hibernate: select user0_.id as id1_5_, user0_.email as email2_5_, user0_.password as password3_5_, user0_.username as username4_5_ from user user0_ where user0_.username=?
Hibernate: select authoritie0_.user_id as user_id1_6_0_, authoritie0_.authority_id as authorit2_6_0_, authority1_.id as id1_0_1_, authority1_.name as name2_0_1_ from user_authority authoritie0_ inner join authority authority1_ on authoritie0_.authority_id=authority1_.id where authoritie0_.user_id=?
2020-07-29 23:47:52.042  WARN 16968 --- [nio-8889-exec-3] .w.s.m.s.DefaultHandlerExceptionResolver : Resolved [org.springframework.http.converter.HttpMessageNotReadableException: JSON parse error: Unexpected character ('"' (code 34)): was expecting comma to separate Object entries; nested exception is com.fasterxml.jackson.core.JsonParseException: Unexpected character ('"' (code 34)): was expecting comma to separate Object entries
 at [Source: (PushbackInputStream); line: 4, column: 4]]
?[1;31m
Start test 60?[0m
Hibernate: select user0_.id as id1_5_, user0_.email as email2_5_, user0_.password as password3_5_, user0_.username as username4_5_ from user user0_ where user0_.username=?
Hibernate: select authoritie0_.user_id as user_id1_6_0_, authoritie0_.authority_id as authorit2_6_0_, authority1_.id as id1_0_1_, authority1_.name as name2_0_1_ from user_authority authoritie0_ inner join authority authority1_ on authoritie0_.authority_id=authority1_.id where authoritie0_.user_id=?
2020-07-29 23:47:52.110  WARN 16968 --- [nio-8889-exec-4] .w.s.m.s.DefaultHandlerExceptionResolver : Resolved [org.springframework.http.converter.HttpMessageNotReadableException: JSON parse error: Unexpected character ('"' (code 34)): was expecting comma to separate Object entries; nested exception is com.fasterxml.jackson.core.JsonParseException: Unexpected character ('"' (code 34)): was expecting comma to separate Object entries
 at [Source: (PushbackInputStream); line: 5, column: 4]]
?[1;31m
Start test 61?[0m
Hibernate: select user0_.id as id1_5_, user0_.email as email2_5_, user0_.password as password3_5_, user0_.username as username4_5_ from user user0_ where user0_.username=?
Hibernate: select authoritie0_.user_id as user_id1_6_0_, authoritie0_.authority_id as authorit2_6_0_, authority1_.id as id1_0_1_, authority1_.name as name2_0_1_ from user_authority authoritie0_ inner join authority authority1_ on authoritie0_.authority_id=authority1_.id where authoritie0_.user_id=?
?[1;31m
Start test 62?[0m
Hibernate: select user0_.id as id1_5_, user0_.email as email2_5_, user0_.password as password3_5_, user0_.username as username4_5_ from user user0_ where user0_.username=?
Hibernate: select authoritie0_.user_id as user_id1_6_0_, authoritie0_.authority_id as authorit2_6_0_, authority1_.id as id1_0_1_, authority1_.name as name2_0_1_ from user_authority authoritie0_ inner join authority authority1_ on authoritie0_.authority_id=authority1_.id where authoritie0_.user_id=?
2020-07-29 23:47:52.277  WARN 16968 --- [nio-8889-exec-6] .w.s.m.s.DefaultHandlerExceptionResolver : Resolved [org.springframework.http.converter.HttpMessageNotReadableException: JSON parse error: Unexpected character ('"' (code 34)): was expecting comma to separate Object entries; nested exception is com.fasterxml.jackson.core.JsonParseException: Unexpected character ('"' (code 34)): was expecting comma to separate Object entries
 at [Source: (PushbackInputStream); line: 5, column: 4]]
?[1;31m
Start test 63?[0m
Hibernate: select user0_.id as id1_5_, user0_.email as email2_5_, user0_.password as password3_5_, user0_.username as username4_5_ from user user0_ where user0_.username=?
Hibernate: select authoritie0_.user_id as user_id1_6_0_, authoritie0_.authority_id as authorit2_6_0_, authority1_.id as id1_0_1_, authority1_.name as name2_0_1_ from user_authority authoritie0_ inner join authority authority1_ on authoritie0_.authority_id=authority1_.id where authoritie0_.user_id=?
2020-07-29 23:47:52.346  WARN 16968 --- [nio-8889-exec-7] .w.s.m.s.DefaultHandlerExceptionResolver : Resolved [org.springframework.http.converter.HttpMessageNotReadableException: JSON parse error: Unexpected character ('"' (code 34)): was expecting comma to separate Object entries; nested exception is com.fasterxml.jackson.core.JsonParseException: Unexpected character ('"' (code 34)): was expecting comma to separate Object entries
 at [Source: (PushbackInputStream); line: 5, column: 4]]
?[1;31m
Start test 64?[0m
Hibernate: select user0_.id as id1_5_, user0_.email as email2_5_, user0_.password as password3_5_, user0_.username as username4_5_ from user user0_ where user0_.username=?
Hibernate: select authoritie0_.user_id as user_id1_6_0_, authoritie0_.authority_id as authorit2_6_0_, authority1_.id as id1_0_1_, authority1_.name as name2_0_1_ from user_authority authoritie0_ inner join authority authority1_ on authoritie0_.authority_id=authority1_.id where authoritie0_.user_id=?
USERNAME
test@google.com
Hibernate: select user0_.id as id1_5_, user0_.email as email2_5_, user0_.password as password3_5_, user0_.username as username4_5_ from user user0_ where user0_.username=?
Hibernate: select authoritie0_.user_id as user_id1_6_0_, authoritie0_.authority_id as authorit2_6_0_, authority1_.id as id1_0_1_, authority1_.name as name2_0_1_ from user_authority authoritie0_ inner join authority authority1_ on authoritie0_.authority_id=authority1_.id where authoritie0_.user_id=?
Hibernate: call next value for hibernate_sequence
Hibernate: insert into question (text, title, id) values (?, ?, ?)
Hibernate: insert into question_answer (question_id, answer) values (?, ?)
Hibernate: insert into question_answer (question_id, answer) values (?, ?)
Hibernate: insert into question_options (question_id, options) values (?, ?)
Hibernate: insert into question_options (question_id, options) values (?, ?)
Hibernate: insert into question_options (question_id, options) values (?, ?)
Hibernate: insert into question_options (question_id, options) values (?, ?)
Hibernate: select questionli0_.question_list_id as question4_2_0_, questionli0_.id as id1_2_0_, questionli0_.id as id1_2_1_, questionli0_.text as text2_2_1_, questionli0_.title as title3_2_1_ from question questionli0_ where questionli0_.question_list_id=?
Question(id=9, title=Math1, text=Which of the following is equal to 4?, options=[1+3, 2+2, 8-1, 1+5], answer=[0, 1])
Question(id=9, title=Math1, text=Which of the following is equal to 4?, options=[1+3, 2+2, 8-1, 1+5], answer=null)
Hibernate: update question set question_list_id=? where id=?
?[1;31m
Start test 65?[0m
Hibernate: select user0_.id as id1_5_, user0_.email as email2_5_, user0_.password as password3_5_, user0_.username as username4_5_ from user user0_ where user0_.username=?
Hibernate: select authoritie0_.user_id as user_id1_6_0_, authoritie0_.authority_id as authorit2_6_0_, authority1_.id as id1_0_1_, authority1_.name as name2_0_1_ from user_authority authoritie0_ inner join authority authority1_ on authoritie0_.authority_id=authority1_.id where authoritie0_.user_id=?
Hibernate: select question0_.id as id1_2_0_, question0_.text as text2_2_0_, question0_.title as title3_2_0_ from question question0_ where question0_.id=?
Hibernate: select options0_.question_id as question1_4_0_, options0_.options as options2_4_0_ from question_options options0_ where options0_.question_id=?
?[1;31m
Start test 66?[0m
Hibernate: select user0_.id as id1_5_, user0_.email as email2_5_, user0_.password as password3_5_, user0_.username as username4_5_ from user user0_ where user0_.username=?
Hibernate: select authoritie0_.user_id as user_id1_6_0_, authoritie0_.authority_id as authorit2_6_0_, authority1_.id as id1_0_1_, authority1_.name as name2_0_1_ from user_authority authoritie0_ inner join authority authority1_ on authoritie0_.authority_id=authority1_.id where authoritie0_.user_id=?
Hibernate: select question0_.id as id1_2_0_, question0_.text as text2_2_0_, question0_.title as title3_2_0_ from question question0_ where question0_.id=?
?[1;31m
Start test 67?[0m
Hibernate: select user0_.id as id1_5_, user0_.email as email2_5_, user0_.password as password3_5_, user0_.username as username4_5_ from user user0_ where user0_.username=?
Hibernate: select authoritie0_.user_id as user_id1_6_0_, authoritie0_.authority_id as authorit2_6_0_, authority1_.id as id1_0_1_, authority1_.name as name2_0_1_ from user_authority authoritie0_ inner join authority authority1_ on authoritie0_.authority_id=authority1_.id where authoritie0_.user_id=?
Hibernate: select question0_.id as id1_2_0_, question0_.text as text2_2_0_, question0_.title as title3_2_0_ from question question0_ where question0_.id=?
Hibernate: select answer0_.question_id as question1_3_0_, answer0_.answer as answer2_3_0_ from question_answer answer0_ where answer0_.question_id=?
?[1;31m
Start test 68?[0m
Hibernate: select user0_.id as id1_5_, user0_.email as email2_5_, user0_.password as password3_5_, user0_.username as username4_5_ from user user0_ where user0_.username=?
Hibernate: select authoritie0_.user_id as user_id1_6_0_, authoritie0_.authority_id as authorit2_6_0_, authority1_.id as id1_0_1_, authority1_.name as name2_0_1_ from user_authority authoritie0_ inner join authority authority1_ on authoritie0_.authority_id=authority1_.id where authoritie0_.user_id=?
Hibernate: select question0_.id as id1_2_0_, question0_.text as text2_2_0_, question0_.title as title3_2_0_ from question question0_ where question0_.id=?
Hibernate: select answer0_.question_id as question1_3_0_, answer0_.answer as answer2_3_0_ from question_answer answer0_ where answer0_.question_id=?
?[1;31m
Start test 69?[0m
Hibernate: select user0_.id as id1_5_, user0_.email as email2_5_, user0_.password as password3_5_, user0_.username as username4_5_ from user user0_ where user0_.username=?
Hibernate: select authoritie0_.user_id as user_id1_6_0_, authoritie0_.authority_id as authorit2_6_0_, authority1_.id as id1_0_1_, authority1_.name as name2_0_1_ from user_authority authoritie0_ inner join authority authority1_ on authoritie0_.authority_id=authority1_.id where authoritie0_.user_id=?
Hibernate: select question0_.id as id1_2_0_, question0_.text as text2_2_0_, question0_.title as title3_2_0_ from question question0_ where question0_.id=?
Hibernate: select answer0_.question_id as question1_3_0_, answer0_.answer as answer2_3_0_ from question_answer answer0_ where answer0_.question_id=?
?[1;31m
Start test 70?[0m
Hibernate: select user0_.id as id1_5_, user0_.email as email2_5_, user0_.password as password3_5_, user0_.username as username4_5_ from user user0_ where user0_.username=?
Hibernate: select authoritie0_.user_id as user_id1_6_0_, authoritie0_.authority_id as authorit2_6_0_, authority1_.id as id1_0_1_, authority1_.name as name2_0_1_ from user_authority authoritie0_ inner join authority authority1_ on authoritie0_.authority_id=authority1_.id where authoritie0_.user_id=?
Hibernate: select question0_.id as id1_2_0_, question0_.text as text2_2_0_, question0_.title as title3_2_0_ from question question0_ where question0_.id=?
Hibernate: select answer0_.question_id as question1_3_0_, answer0_.answer as answer2_3_0_ from question_answer answer0_ where answer0_.question_id=?
?[1;31m
Start test 71?[0m
Hibernate: select user0_.id as id1_5_, user0_.email as email2_5_, user0_.password as password3_5_, user0_.username as username4_5_ from user user0_ where user0_.username=?
Hibernate: select authoritie0_.user_id as user_id1_6_0_, authoritie0_.authority_id as authorit2_6_0_, authority1_.id as id1_0_1_, authority1_.name as name2_0_1_ from user_authority authoritie0_ inner join authority authority1_ on authoritie0_.authority_id=authority1_.id where authoritie0_.user_id=?
Hibernate: select question0_.id as id1_2_0_, question0_.text as text2_2_0_, question0_.title as title3_2_0_ from question question0_ where question0_.id=?
Hibernate: select answer0_.question_id as question1_3_0_, answer0_.answer as answer2_3_0_ from question_answer answer0_ where answer0_.question_id=?
?[1;31m
Start test 72?[0m
Hibernate: select user0_.id as id1_5_, user0_.email as email2_5_, user0_.password as password3_5_, user0_.username as username4_5_ from user user0_ where user0_.username=?
Hibernate: select authoritie0_.user_id as user_id1_6_0_, authoritie0_.authority_id as authorit2_6_0_, authority1_.id as id1_0_1_, authority1_.name as name2_0_1_ from user_authority authoritie0_ inner join authority authority1_ on authoritie0_.authority_id=authority1_.id where authoritie0_.user_id=?
Hibernate: select question0_.id as id1_2_0_, question0_.text as text2_2_0_, question0_.title as title3_2_0_ from question question0_ where question0_.id=?
Hibernate: select answer0_.question_id as question1_3_0_, answer0_.answer as answer2_3_0_ from question_answer answer0_ where answer0_.question_id=?
USERNAME
user@google.com
Hibernate: select user0_.id as id1_5_, user0_.email as email2_5_, user0_.password as password3_5_, user0_.username as username4_5_ from user user0_ where user0_.username=?
Hibernate: select authoritie0_.user_id as user_id1_6_0_, authoritie0_.authority_id as authorit2_6_0_, authority1_.id as id1_0_1_, authority1_.name as name2_0_1_ from user_authority authoritie0_ inner join authority authority1_ on authoritie0_.authority_id=authority1_.id where authoritie0_.user_id=?
Hibernate: call next value for hibernate_sequence
Hibernate: insert into complete_question (completed_at, id, userid, primary_id) values (?, ?, ?, ?)
CompleteQuestion(completedAt=2020-07-29 23:47:52.996, primaryId=10, userid=2, id=9)
?[1;31m
Start test 73?[0m
Hibernate: select user0_.id as id1_5_, user0_.email as email2_5_, user0_.password as password3_5_, user0_.username as username4_5_ from user user0_ where user0_.username=?
Hibernate: select authoritie0_.user_id as user_id1_6_0_, authoritie0_.authority_id as authorit2_6_0_, authority1_.id as id1_0_1_, authority1_.name as name2_0_1_ from user_authority authoritie0_ inner join authority authority1_ on authoritie0_.authority_id=authority1_.id where authoritie0_.user_id=?
Hibernate: select question0_.id as id1_2_0_, question0_.text as text2_2_0_, question0_.title as title3_2_0_ from question question0_ where question0_.id=?
Hibernate: select answer0_.question_id as question1_3_0_, answer0_.answer as answer2_3_0_ from question_answer answer0_ where answer0_.question_id=?
?[1;31m
Start test 74?[0m
Hibernate: select user0_.id as id1_5_, user0_.email as email2_5_, user0_.password as password3_5_, user0_.username as username4_5_ from user user0_ where user0_.username=?
Hibernate: select authoritie0_.user_id as user_id1_6_0_, authoritie0_.authority_id as authorit2_6_0_, authority1_.id as id1_0_1_, authority1_.name as name2_0_1_ from user_authority authoritie0_ inner join authority authority1_ on authoritie0_.authority_id=authority1_.id where authoritie0_.user_id=?
Hibernate: select question0_.id as id1_2_0_, question0_.text as text2_2_0_, question0_.title as title3_2_0_ from question question0_ where question0_.id=?
Hibernate: select answer0_.question_id as question1_3_0_, answer0_.answer as answer2_3_0_ from question_answer answer0_ where answer0_.question_id=?
?[1;31m
Start test 75?[0m
Hibernate: select user0_.id as id1_5_, user0_.email as email2_5_, user0_.password as password3_5_, user0_.username as username4_5_ from user user0_ where user0_.username=?
Hibernate: select authoritie0_.user_id as user_id1_6_0_, authoritie0_.authority_id as authorit2_6_0_, authority1_.id as id1_0_1_, authority1_.name as name2_0_1_ from user_authority authoritie0_ inner join authority authority1_ on authoritie0_.authority_id=authority1_.id where authoritie0_.user_id=?
Hibernate: select question0_.id as id1_2_0_, question0_.text as text2_2_0_, question0_.title as title3_2_0_ from question question0_ where question0_.id=?
Hibernate: select answer0_.question_id as question1_3_0_, answer0_.answer as answer2_3_0_ from question_answer answer0_ where answer0_.question_id=?
?[1;31m
Start test 76?[0m
Hibernate: select user0_.id as id1_5_, user0_.email as email2_5_, user0_.password as password3_5_, user0_.username as username4_5_ from user user0_ where user0_.username=?
Hibernate: select authoritie0_.user_id as user_id1_6_0_, authoritie0_.authority_id as authorit2_6_0_, authority1_.id as id1_0_1_, authority1_.name as name2_0_1_ from user_authority authoritie0_ inner join authority authority1_ on authoritie0_.authority_id=authority1_.id where authoritie0_.user_id=?
Hibernate: select question0_.id as id1_2_0_, question0_.text as text2_2_0_, question0_.title as title3_2_0_ from question question0_ where question0_.id=?
Hibernate: select answer0_.question_id as question1_3_0_, answer0_.answer as answer2_3_0_ from question_answer answer0_ where answer0_.question_id=?
?[1;31m
Start test 77?[0m
Hibernate: select user0_.id as id1_5_, user0_.email as email2_5_, user0_.password as password3_5_, user0_.username as username4_5_ from user user0_ where user0_.username=?
Hibernate: select authoritie0_.user_id as user_id1_6_0_, authoritie0_.authority_id as authorit2_6_0_, authority1_.id as id1_0_1_, authority1_.name as name2_0_1_ from user_authority authoritie0_ inner join authority authority1_ on authoritie0_.authority_id=authority1_.id where authoritie0_.user_id=?
Hibernate: select question0_.id as id1_2_0_, question0_.text as text2_2_0_, question0_.title as title3_2_0_ from question question0_ where question0_.id=?
Hibernate: select answer0_.question_id as question1_3_0_, answer0_.answer as answer2_3_0_ from question_answer answer0_ where answer0_.question_id=?
?[1;31m
Start test 78?[0m
Hibernate: select user0_.id as id1_5_, user0_.email as email2_5_, user0_.password as password3_5_, user0_.username as username4_5_ from user user0_ where user0_.username=?
Hibernate: select authoritie0_.user_id as user_id1_6_0_, authoritie0_.authority_id as authorit2_6_0_, authority1_.id as id1_0_1_, authority1_.name as name2_0_1_ from user_authority authoritie0_ inner join authority authority1_ on authoritie0_.authority_id=authority1_.id where authoritie0_.user_id=?
Hibernate: select question0_.id as id1_2_0_, question0_.text as text2_2_0_, question0_.title as title3_2_0_ from question question0_ where question0_.id=?
Hibernate: select answer0_.question_id as question1_3_0_, answer0_.answer as answer2_3_0_ from question_answer answer0_ where answer0_.question_id=?
?[1;31m
Start test 79?[0m
Hibernate: select user0_.id as id1_5_, user0_.email as email2_5_, user0_.password as password3_5_, user0_.username as username4_5_ from user user0_ where user0_.username=?
Hibernate: select authoritie0_.user_id as user_id1_6_0_, authoritie0_.authority_id as authorit2_6_0_, authority1_.id as id1_0_1_, authority1_.name as name2_0_1_ from user_authority authoritie0_ inner join authority authority1_ on authoritie0_.authority_id=authority1_.id where authoritie0_.user_id=?
Hibernate: select question0_.id as id1_2_0_, question0_.text as text2_2_0_, question0_.title as title3_2_0_ from question question0_ where question0_.id=?
Hibernate: select answer0_.question_id as question1_3_0_, answer0_.answer as answer2_3_0_ from question_answer answer0_ where answer0_.question_id=?
?[1;31m
Start test 80?[0m
Hibernate: select user0_.id as id1_5_, user0_.email as email2_5_, user0_.password as password3_5_, user0_.username as username4_5_ from user user0_ where user0_.username=?
Hibernate: select authoritie0_.user_id as user_id1_6_0_, authoritie0_.authority_id as authorit2_6_0_, authority1_.id as id1_0_1_, authority1_.name as name2_0_1_ from user_authority authoritie0_ inner join authority authority1_ on authoritie0_.authority_id=authority1_.id where authoritie0_.user_id=?
Hibernate: select question0_.id as id1_2_0_, question0_.text as text2_2_0_, question0_.title as title3_2_0_ from question question0_ where question0_.id=?
Hibernate: select answer0_.question_id as question1_3_0_, answer0_.answer as answer2_3_0_ from question_answer answer0_ where answer0_.question_id=?
?[1;31m
Start test 81?[0m
Hibernate: select user0_.id as id1_5_, user0_.email as email2_5_, user0_.password as password3_5_, user0_.username as username4_5_ from user user0_ where user0_.username=?
Hibernate: select authoritie0_.user_id as user_id1_6_0_, authoritie0_.authority_id as authorit2_6_0_, authority1_.id as id1_0_1_, authority1_.name as name2_0_1_ from user_authority authoritie0_ inner join authority authority1_ on authoritie0_.authority_id=authority1_.id where authoritie0_.user_id=?
Hibernate: select question0_.id as id1_2_0_, question0_.text as text2_2_0_, question0_.title as title3_2_0_ from question question0_ where question0_.id=?
Hibernate: select answer0_.question_id as question1_3_0_, answer0_.answer as answer2_3_0_ from question_answer answer0_ where answer0_.question_id=?
?[1;31m
Start test 82?[0m
Hibernate: select user0_.id as id1_5_, user0_.email as email2_5_, user0_.password as password3_5_, user0_.username as username4_5_ from user user0_ where user0_.username=?
Hibernate: select authoritie0_.user_id as user_id1_6_0_, authoritie0_.authority_id as authorit2_6_0_, authority1_.id as id1_0_1_, authority1_.name as name2_0_1_ from user_authority authoritie0_ inner join authority authority1_ on authoritie0_.authority_id=authority1_.id where authoritie0_.user_id=?
USERNAME
test@google.com
Hibernate: select user0_.id as id1_5_, user0_.email as email2_5_, user0_.password as password3_5_, user0_.username as username4_5_ from user user0_ where user0_.username=?
Hibernate: select authoritie0_.user_id as user_id1_6_0_, authoritie0_.authority_id as authorit2_6_0_, authority1_.id as id1_0_1_, authority1_.name as name2_0_1_ from user_authority authoritie0_ inner join authority authority1_ on authoritie0_.authority_id=authority1_.id where authoritie0_.user_id=?
Hibernate: call next value for hibernate_sequence
Hibernate: insert into question (text, title, id) values (?, ?, ?)
Hibernate: insert into question_answer (question_id, answer) values (?, ?)
Hibernate: insert into question_answer (question_id, answer) values (?, ?)
Hibernate: insert into question_options (question_id, options) values (?, ?)
Hibernate: insert into question_options (question_id, options) values (?, ?)
Hibernate: insert into question_options (question_id, options) values (?, ?)
Hibernate: insert into question_options (question_id, options) values (?, ?)
Hibernate: select questionli0_.question_list_id as question4_2_0_, questionli0_.id as id1_2_0_, questionli0_.id as id1_2_1_, questionli0_.text as text2_2_1_, questionli0_.title as title3_2_1_ from question questionli0_ where questionli0_.question_list_id=?
Question(id=11, title=Math2, text=Which of the following is equal to 4?, options=[1+1, 2+2, 8-1, 5-1], answer=[1, 3])
Question(id=11, title=Math2, text=Which of the following is equal to 4?, options=[1+1, 2+2, 8-1, 5-1], answer=null)
Hibernate: update question set question_list_id=? where id=?
?[1;31m
Start test 83?[0m
Hibernate: select user0_.id as id1_5_, user0_.email as email2_5_, user0_.password as password3_5_, user0_.username as username4_5_ from user user0_ where user0_.username=?
Hibernate: select authoritie0_.user_id as user_id1_6_0_, authoritie0_.authority_id as authorit2_6_0_, authority1_.id as id1_0_1_, authority1_.name as name2_0_1_ from user_authority authoritie0_ inner join authority authority1_ on authoritie0_.authority_id=authority1_.id where authoritie0_.user_id=?
Hibernate: select question0_.id as id1_2_0_, question0_.text as text2_2_0_, question0_.title as title3_2_0_ from question question0_ where question0_.id=?
Hibernate: select options0_.question_id as question1_4_0_, options0_.options as options2_4_0_ from question_options options0_ where options0_.question_id=?
?[1;31m
Start test 84?[0m
Hibernate: select user0_.id as id1_5_, user0_.email as email2_5_, user0_.password as password3_5_, user0_.username as username4_5_ from user user0_ where user0_.username=?
Hibernate: select authoritie0_.user_id as user_id1_6_0_, authoritie0_.authority_id as authorit2_6_0_, authority1_.id as id1_0_1_, authority1_.name as name2_0_1_ from user_authority authoritie0_ inner join authority authority1_ on authoritie0_.authority_id=authority1_.id where authoritie0_.user_id=?
Hibernate: select question0_.id as id1_2_0_, question0_.text as text2_2_0_, question0_.title as title3_2_0_ from question question0_ where question0_.id=?
?[1;31m
Start test 85?[0m
Hibernate: select user0_.id as id1_5_, user0_.email as email2_5_, user0_.password as password3_5_, user0_.username as username4_5_ from user user0_ where user0_.username=?
Hibernate: select authoritie0_.user_id as user_id1_6_0_, authoritie0_.authority_id as authorit2_6_0_, authority1_.id as id1_0_1_, authority1_.name as name2_0_1_ from user_authority authoritie0_ inner join authority authority1_ on authoritie0_.authority_id=authority1_.id where authoritie0_.user_id=?
Hibernate: select question0_.id as id1_2_0_, question0_.text as text2_2_0_, question0_.title as title3_2_0_ from question question0_ where question0_.id=?
Hibernate: select answer0_.question_id as question1_3_0_, answer0_.answer as answer2_3_0_ from question_answer answer0_ where answer0_.question_id=?
?[1;31m
Start test 86?[0m
Hibernate: select user0_.id as id1_5_, user0_.email as email2_5_, user0_.password as password3_5_, user0_.username as username4_5_ from user user0_ where user0_.username=?
Hibernate: select authoritie0_.user_id as user_id1_6_0_, authoritie0_.authority_id as authorit2_6_0_, authority1_.id as id1_0_1_, authority1_.name as name2_0_1_ from user_authority authoritie0_ inner join authority authority1_ on authoritie0_.authority_id=authority1_.id where authoritie0_.user_id=?
Hibernate: select question0_.id as id1_2_0_, question0_.text as text2_2_0_, question0_.title as title3_2_0_ from question question0_ where question0_.id=?
Hibernate: select answer0_.question_id as question1_3_0_, answer0_.answer as answer2_3_0_ from question_answer answer0_ where answer0_.question_id=?
?[1;31m
Start test 87?[0m
Hibernate: select user0_.id as id1_5_, user0_.email as email2_5_, user0_.password as password3_5_, user0_.username as username4_5_ from user user0_ where user0_.username=?
Hibernate: select authoritie0_.user_id as user_id1_6_0_, authoritie0_.authority_id as authorit2_6_0_, authority1_.id as id1_0_1_, authority1_.name as name2_0_1_ from user_authority authoritie0_ inner join authority authority1_ on authoritie0_.authority_id=authority1_.id where authoritie0_.user_id=?
Hibernate: select question0_.id as id1_2_0_, question0_.text as text2_2_0_, question0_.title as title3_2_0_ from question question0_ where question0_.id=?
Hibernate: select answer0_.question_id as question1_3_0_, answer0_.answer as answer2_3_0_ from question_answer answer0_ where answer0_.question_id=?
?[1;31m
Start test 88?[0m
Hibernate: select user0_.id as id1_5_, user0_.email as email2_5_, user0_.password as password3_5_, user0_.username as username4_5_ from user user0_ where user0_.username=?
Hibernate: select authoritie0_.user_id as user_id1_6_0_, authoritie0_.authority_id as authorit2_6_0_, authority1_.id as id1_0_1_, authority1_.name as name2_0_1_ from user_authority authoritie0_ inner join authority authority1_ on authoritie0_.authority_id=authority1_.id where authoritie0_.user_id=?
Hibernate: select question0_.id as id1_2_0_, question0_.text as text2_2_0_, question0_.title as title3_2_0_ from question question0_ where question0_.id=?
Hibernate: select answer0_.question_id as question1_3_0_, answer0_.answer as answer2_3_0_ from question_answer answer0_ where answer0_.question_id=?
?[1;31m
Start test 89?[0m
Hibernate: select user0_.id as id1_5_, user0_.email as email2_5_, user0_.password as password3_5_, user0_.username as username4_5_ from user user0_ where user0_.username=?
Hibernate: select authoritie0_.user_id as user_id1_6_0_, authoritie0_.authority_id as authorit2_6_0_, authority1_.id as id1_0_1_, authority1_.name as name2_0_1_ from user_authority authoritie0_ inner join authority authority1_ on authoritie0_.authority_id=authority1_.id where authoritie0_.user_id=?
Hibernate: select question0_.id as id1_2_0_, question0_.text as text2_2_0_, question0_.title as title3_2_0_ from question question0_ where question0_.id=?
Hibernate: select answer0_.question_id as question1_3_0_, answer0_.answer as answer2_3_0_ from question_answer answer0_ where answer0_.question_id=?
?[1;31m
Start test 90?[0m
Hibernate: select user0_.id as id1_5_, user0_.email as email2_5_, user0_.password as password3_5_, user0_.username as username4_5_ from user user0_ where user0_.username=?
Hibernate: select authoritie0_.user_id as user_id1_6_0_, authoritie0_.authority_id as authorit2_6_0_, authority1_.id as id1_0_1_, authority1_.name as name2_0_1_ from user_authority authoritie0_ inner join authority authority1_ on authoritie0_.authority_id=authority1_.id where authoritie0_.user_id=?
Hibernate: select question0_.id as id1_2_0_, question0_.text as text2_2_0_, question0_.title as title3_2_0_ from question question0_ where question0_.id=?
Hibernate: select answer0_.question_id as question1_3_0_, answer0_.answer as answer2_3_0_ from question_answer answer0_ where answer0_.question_id=?
?[1;31m
Start test 91?[0m
Hibernate: select user0_.id as id1_5_, user0_.email as email2_5_, user0_.password as password3_5_, user0_.username as username4_5_ from user user0_ where user0_.username=?
Hibernate: select authoritie0_.user_id as user_id1_6_0_, authoritie0_.authority_id as authorit2_6_0_, authority1_.id as id1_0_1_, authority1_.name as name2_0_1_ from user_authority authoritie0_ inner join authority authority1_ on authoritie0_.authority_id=authority1_.id where authoritie0_.user_id=?
Hibernate: select question0_.id as id1_2_0_, question0_.text as text2_2_0_, question0_.title as title3_2_0_ from question question0_ where question0_.id=?
Hibernate: select answer0_.question_id as question1_3_0_, answer0_.answer as answer2_3_0_ from question_answer answer0_ where answer0_.question_id=?
?[1;31m
Start test 92?[0m
Hibernate: select user0_.id as id1_5_, user0_.email as email2_5_, user0_.password as password3_5_, user0_.username as username4_5_ from user user0_ where user0_.username=?
Hibernate: select authoritie0_.user_id as user_id1_6_0_, authoritie0_.authority_id as authorit2_6_0_, authority1_.id as id1_0_1_, authority1_.name as name2_0_1_ from user_authority authoritie0_ inner join authority authority1_ on authoritie0_.authority_id=authority1_.id where authoritie0_.user_id=?
Hibernate: select question0_.id as id1_2_0_, question0_.text as text2_2_0_, question0_.title as title3_2_0_ from question question0_ where question0_.id=?
Hibernate: select answer0_.question_id as question1_3_0_, answer0_.answer as answer2_3_0_ from question_answer answer0_ where answer0_.question_id=?
?[1;31m
Start test 93?[0m
Hibernate: select user0_.id as id1_5_, user0_.email as email2_5_, user0_.password as password3_5_, user0_.username as username4_5_ from user user0_ where user0_.username=?
Hibernate: select authoritie0_.user_id as user_id1_6_0_, authoritie0_.authority_id as authorit2_6_0_, authority1_.id as id1_0_1_, authority1_.name as name2_0_1_ from user_authority authoritie0_ inner join authority authority1_ on authoritie0_.authority_id=authority1_.id where authoritie0_.user_id=?
Hibernate: select question0_.id as id1_2_0_, question0_.text as text2_2_0_, question0_.title as title3_2_0_ from question question0_ where question0_.id=?
Hibernate: select answer0_.question_id as question1_3_0_, answer0_.answer as answer2_3_0_ from question_answer answer0_ where answer0_.question_id=?
?[1;31m
Start test 94?[0m
Hibernate: select user0_.id as id1_5_, user0_.email as email2_5_, user0_.password as password3_5_, user0_.username as username4_5_ from user user0_ where user0_.username=?
Hibernate: select authoritie0_.user_id as user_id1_6_0_, authoritie0_.authority_id as authorit2_6_0_, authority1_.id as id1_0_1_, authority1_.name as name2_0_1_ from user_authority authoritie0_ inner join authority authority1_ on authoritie0_.authority_id=authority1_.id where authoritie0_.user_id=?
Hibernate: select question0_.id as id1_2_0_, question0_.text as text2_2_0_, question0_.title as title3_2_0_ from question question0_ where question0_.id=?
Hibernate: select answer0_.question_id as question1_3_0_, answer0_.answer as answer2_3_0_ from question_answer answer0_ where answer0_.question_id=?
USERNAME
user@google.com
Hibernate: select user0_.id as id1_5_, user0_.email as email2_5_, user0_.password as password3_5_, user0_.username as username4_5_ from user user0_ where user0_.username=?
Hibernate: select authoritie0_.user_id as user_id1_6_0_, authoritie0_.authority_id as authorit2_6_0_, authority1_.id as id1_0_1_, authority1_.name as name2_0_1_ from user_authority authoritie0_ inner join authority authority1_ on authoritie0_.authority_id=authority1_.id where authoritie0_.user_id=?
Hibernate: call next value for hibernate_sequence
Hibernate: insert into complete_question (completed_at, id, userid, primary_id) values (?, ?, ?, ?)
CompleteQuestion(completedAt=2020-07-29 23:47:54.964, primaryId=12, userid=2, id=11)
?[1;31m
Start test 95?[0m
Hibernate: select user0_.id as id1_5_, user0_.email as email2_5_, user0_.password as password3_5_, user0_.username as username4_5_ from user user0_ where user0_.username=?
Hibernate: select authoritie0_.user_id as user_id1_6_0_, authoritie0_.authority_id as authorit2_6_0_, authority1_.id as id1_0_1_, authority1_.name as name2_0_1_ from user_authority authoritie0_ inner join authority authority1_ on authoritie0_.authority_id=authority1_.id where authoritie0_.user_id=?
Hibernate: select question0_.id as id1_2_0_, question0_.text as text2_2_0_, question0_.title as title3_2_0_ from question question0_ where question0_.id=?
Hibernate: select answer0_.question_id as question1_3_0_, answer0_.answer as answer2_3_0_ from question_answer answer0_ where answer0_.question_id=?
?[1;31m
Start test 96?[0m
Hibernate: select user0_.id as id1_5_, user0_.email as email2_5_, user0_.password as password3_5_, user0_.username as username4_5_ from user user0_ where user0_.username=?
Hibernate: select authoritie0_.user_id as user_id1_6_0_, authoritie0_.authority_id as authorit2_6_0_, authority1_.id as id1_0_1_, authority1_.name as name2_0_1_ from user_authority authoritie0_ inner join authority authority1_ on authoritie0_.authority_id=authority1_.id where authoritie0_.user_id=?
Hibernate: select question0_.id as id1_2_0_, question0_.text as text2_2_0_, question0_.title as title3_2_0_ from question question0_ where question0_.id=?
Hibernate: select answer0_.question_id as question1_3_0_, answer0_.answer as answer2_3_0_ from question_answer answer0_ where answer0_.question_id=?
?[1;31m
Start test 97?[0m
Hibernate: select user0_.id as id1_5_, user0_.email as email2_5_, user0_.password as password3_5_, user0_.username as username4_5_ from user user0_ where user0_.username=?
Hibernate: select authoritie0_.user_id as user_id1_6_0_, authoritie0_.authority_id as authorit2_6_0_, authority1_.id as id1_0_1_, authority1_.name as name2_0_1_ from user_authority authoritie0_ inner join authority authority1_ on authoritie0_.authority_id=authority1_.id where authoritie0_.user_id=?
Hibernate: select question0_.id as id1_2_0_, question0_.text as text2_2_0_, question0_.title as title3_2_0_ from question question0_ where question0_.id=?
Hibernate: select answer0_.question_id as question1_3_0_, answer0_.answer as answer2_3_0_ from question_answer answer0_ where answer0_.question_id=?
?[1;31m
Start test 98?[0m
Hibernate: select user0_.id as id1_5_, user0_.email as email2_5_, user0_.password as password3_5_, user0_.username as username4_5_ from user user0_ where user0_.username=?
Hibernate: select authoritie0_.user_id as user_id1_6_0_, authoritie0_.authority_id as authorit2_6_0_, authority1_.id as id1_0_1_, authority1_.name as name2_0_1_ from user_authority authoritie0_ inner join authority authority1_ on authoritie0_.authority_id=authority1_.id where authoritie0_.user_id=?
Hibernate: select question0_.id as id1_2_0_, question0_.text as text2_2_0_, question0_.title as title3_2_0_ from question question0_ where question0_.id=?
Hibernate: select answer0_.question_id as question1_3_0_, answer0_.answer as answer2_3_0_ from question_answer answer0_ where answer0_.question_id=?
?[1;31m
Start test 99?[0m
Hibernate: select user0_.id as id1_5_, user0_.email as email2_5_, user0_.password as password3_5_, user0_.username as username4_5_ from user user0_ where user0_.username=?
Hibernate: select authoritie0_.user_id as user_id1_6_0_, authoritie0_.authority_id as authorit2_6_0_, authority1_.id as id1_0_1_, authority1_.name as name2_0_1_ from user_authority authoritie0_ inner join authority authority1_ on authoritie0_.authority_id=authority1_.id where authoritie0_.user_id=?
Hibernate: select question0_.id as id1_2_0_, question0_.text as text2_2_0_, question0_.title as title3_2_0_ from question question0_ where question0_.id=?
Hibernate: select answer0_.question_id as question1_3_0_, answer0_.answer as answer2_3_0_ from question_answer answer0_ where answer0_.question_id=?
?[1;31m
Start test 100?[0m
Hibernate: select user0_.id as id1_5_, user0_.email as email2_5_, user0_.password as password3_5_, user0_.username as username4_5_ from user user0_ where user0_.username=?
Hibernate: select authoritie0_.user_id as user_id1_6_0_, authoritie0_.authority_id as authorit2_6_0_, authority1_.id as id1_0_1_, authority1_.name as name2_0_1_ from user_authority authoritie0_ inner join authority authority1_ on authoritie0_.authority_id=authority1_.id where authoritie0_.user_id=?
USERNAME
test@google.com
Hibernate: select user0_.id as id1_5_, user0_.email as email2_5_, user0_.password as password3_5_, user0_.username as username4_5_ from user user0_ where user0_.username=?
Hibernate: select authoritie0_.user_id as user_id1_6_0_, authoritie0_.authority_id as authorit2_6_0_, authority1_.id as id1_0_1_, authority1_.name as name2_0_1_ from user_authority authoritie0_ inner join authority authority1_ on authoritie0_.authority_id=authority1_.id where authoritie0_.user_id=?
Hibernate: call next value for hibernate_sequence
Hibernate: insert into question (text, title, id) values (?, ?, ?)
Hibernate: insert into question_options (question_id, options) values (?, ?)
Hibernate: insert into question_options (question_id, options) values (?, ?)
Hibernate: insert into question_options (question_id, options) values (?, ?)
Hibernate: insert into question_options (question_id, options) values (?, ?)
Hibernate: select questionli0_.question_list_id as question4_2_0_, questionli0_.id as id1_2_0_, questionli0_.id as id1_2_1_, questionli0_.text as text2_2_1_, questionli0_.title as title3_2_1_ from question questionli0_ where questionli0_.question_list_id=?
Question(id=13, title=Math3, text=Which of the following is equal to 4?, options=[2*3, 5*8, 8*0, 1*5], answer=[])
Question(id=13, title=Math3, text=Which of the following is equal to 4?, options=[2*3, 5*8, 8*0, 1*5], answer=null)
Hibernate: update question set question_list_id=? where id=?
?[1;31m
Start test 101?[0m
Hibernate: select user0_.id as id1_5_, user0_.email as email2_5_, user0_.password as password3_5_, user0_.username as username4_5_ from user user0_ where user0_.username=?
Hibernate: select authoritie0_.user_id as user_id1_6_0_, authoritie0_.authority_id as authorit2_6_0_, authority1_.id as id1_0_1_, authority1_.name as name2_0_1_ from user_authority authoritie0_ inner join authority authority1_ on authoritie0_.authority_id=authority1_.id where authoritie0_.user_id=?
Hibernate: select question0_.id as id1_2_0_, question0_.text as text2_2_0_, question0_.title as title3_2_0_ from question question0_ where question0_.id=?
Hibernate: select options0_.question_id as question1_4_0_, options0_.options as options2_4_0_ from question_options options0_ where options0_.question_id=?
?[1;31m
Start test 102?[0m
Hibernate: select user0_.id as id1_5_, user0_.email as email2_5_, user0_.password as password3_5_, user0_.username as username4_5_ from user user0_ where user0_.username=?
Hibernate: select authoritie0_.user_id as user_id1_6_0_, authoritie0_.authority_id as authorit2_6_0_, authority1_.id as id1_0_1_, authority1_.name as name2_0_1_ from user_authority authoritie0_ inner join authority authority1_ on authoritie0_.authority_id=authority1_.id where authoritie0_.user_id=?
Hibernate: select question0_.id as id1_2_0_, question0_.text as text2_2_0_, question0_.title as title3_2_0_ from question question0_ where question0_.id=?
?[1;31m
Start test 103?[0m
Hibernate: select user0_.id as id1_5_, user0_.email as email2_5_, user0_.password as password3_5_, user0_.username as username4_5_ from user user0_ where user0_.username=?
Hibernate: select authoritie0_.user_id as user_id1_6_0_, authoritie0_.authority_id as authorit2_6_0_, authority1_.id as id1_0_1_, authority1_.name as name2_0_1_ from user_authority authoritie0_ inner join authority authority1_ on authoritie0_.authority_id=authority1_.id where authoritie0_.user_id=?
Hibernate: select question0_.id as id1_2_0_, question0_.text as text2_2_0_, question0_.title as title3_2_0_ from question question0_ where question0_.id=?
Hibernate: select answer0_.question_id as question1_3_0_, answer0_.answer as answer2_3_0_ from question_answer answer0_ where answer0_.question_id=?
USERNAME
test@google.com
Hibernate: select user0_.id as id1_5_, user0_.email as email2_5_, user0_.password as password3_5_, user0_.username as username4_5_ from user user0_ where user0_.username=?
Hibernate: select authoritie0_.user_id as user_id1_6_0_, authoritie0_.authority_id as authorit2_6_0_, authority1_.id as id1_0_1_, authority1_.name as name2_0_1_ from user_authority authoritie0_ inner join authority authority1_ on authoritie0_.authority_id=authority1_.id where authoritie0_.user_id=?
Hibernate: call next value for hibernate_sequence
Hibernate: insert into complete_question (completed_at, id, userid, primary_id) values (?, ?, ?, ?)
CompleteQuestion(completedAt=2020-07-29 23:47:55.618, primaryId=14, userid=1, id=13)
?[1;31m
Start test 104?[0m
Hibernate: select user0_.id as id1_5_, user0_.email as email2_5_, user0_.password as password3_5_, user0_.username as username4_5_ from user user0_ where user0_.username=?
Hibernate: select authoritie0_.user_id as user_id1_6_0_, authoritie0_.authority_id as authorit2_6_0_, authority1_.id as id1_0_1_, authority1_.name as name2_0_1_ from user_authority authoritie0_ inner join authority authority1_ on authoritie0_.authority_id=authority1_.id where authoritie0_.user_id=?
Hibernate: select question0_.id as id1_2_0_, question0_.text as text2_2_0_, question0_.title as title3_2_0_ from question question0_ where question0_.id=?
Hibernate: select answer0_.question_id as question1_3_0_, answer0_.answer as answer2_3_0_ from question_answer answer0_ where answer0_.question_id=?
?[1;31m
Start test 105?[0m
Hibernate: select user0_.id as id1_5_, user0_.email as email2_5_, user0_.password as password3_5_, user0_.username as username4_5_ from user user0_ where user0_.username=?
Hibernate: select authoritie0_.user_id as user_id1_6_0_, authoritie0_.authority_id as authorit2_6_0_, authority1_.id as id1_0_1_, authority1_.name as name2_0_1_ from user_authority authoritie0_ inner join authority authority1_ on authoritie0_.authority_id=authority1_.id where authoritie0_.user_id=?
Hibernate: select question0_.id as id1_2_0_, question0_.text as text2_2_0_, question0_.title as title3_2_0_ from question question0_ where question0_.id=?
Hibernate: select answer0_.question_id as question1_3_0_, answer0_.answer as answer2_3_0_ from question_answer answer0_ where answer0_.question_id=?
?[1;31m
Start test 106?[0m
Hibernate: select user0_.id as id1_5_, user0_.email as email2_5_, user0_.password as password3_5_, user0_.username as username4_5_ from user user0_ where user0_.username=?
Hibernate: select authoritie0_.user_id as user_id1_6_0_, authoritie0_.authority_id as authorit2_6_0_, authority1_.id as id1_0_1_, authority1_.name as name2_0_1_ from user_authority authoritie0_ inner join authority authority1_ on authoritie0_.authority_id=authority1_.id where authoritie0_.user_id=?
Hibernate: select question0_.id as id1_2_0_, question0_.text as text2_2_0_, question0_.title as title3_2_0_ from question question0_ where question0_.id=?
Hibernate: select answer0_.question_id as question1_3_0_, answer0_.answer as answer2_3_0_ from question_answer answer0_ where answer0_.question_id=?
?[1;31m
Start test 107?[0m
Hibernate: select user0_.id as id1_5_, user0_.email as email2_5_, user0_.password as password3_5_, user0_.username as username4_5_ from user user0_ where user0_.username=?
Hibernate: select authoritie0_.user_id as user_id1_6_0_, authoritie0_.authority_id as authorit2_6_0_, authority1_.id as id1_0_1_, authority1_.name as name2_0_1_ from user_authority authoritie0_ inner join authority authority1_ on authoritie0_.authority_id=authority1_.id where authoritie0_.user_id=?
Hibernate: select question0_.id as id1_2_0_, question0_.text as text2_2_0_, question0_.title as title3_2_0_ from question question0_ where question0_.id=?
Hibernate: select answer0_.question_id as question1_3_0_, answer0_.answer as answer2_3_0_ from question_answer answer0_ where answer0_.question_id=?
?[1;31m
Start test 108?[0m
Hibernate: select user0_.id as id1_5_, user0_.email as email2_5_, user0_.password as password3_5_, user0_.username as username4_5_ from user user0_ where user0_.username=?
Hibernate: select authoritie0_.user_id as user_id1_6_0_, authoritie0_.authority_id as authorit2_6_0_, authority1_.id as id1_0_1_, authority1_.name as name2_0_1_ from user_authority authoritie0_ inner join authority authority1_ on authoritie0_.authority_id=authority1_.id where authoritie0_.user_id=?
Hibernate: select question0_.id as id1_2_0_, question0_.text as text2_2_0_, question0_.title as title3_2_0_ from question question0_ where question0_.id=?
Hibernate: select answer0_.question_id as question1_3_0_, answer0_.answer as answer2_3_0_ from question_answer answer0_ where answer0_.question_id=?
?[1;31m
Start test 109?[0m
Hibernate: select user0_.id as id1_5_, user0_.email as email2_5_, user0_.password as password3_5_, user0_.username as username4_5_ from user user0_ where user0_.username=?
Hibernate: select authoritie0_.user_id as user_id1_6_0_, authoritie0_.authority_id as authorit2_6_0_, authority1_.id as id1_0_1_, authority1_.name as name2_0_1_ from user_authority authoritie0_ inner join authority authority1_ on authoritie0_.authority_id=authority1_.id where authoritie0_.user_id=?
Hibernate: select question0_.id as id1_2_0_, question0_.text as text2_2_0_, question0_.title as title3_2_0_ from question question0_ where question0_.id=?
Hibernate: select answer0_.question_id as question1_3_0_, answer0_.answer as answer2_3_0_ from question_answer answer0_ where answer0_.question_id=?
?[1;31m
Start test 110?[0m
Hibernate: select user0_.id as id1_5_, user0_.email as email2_5_, user0_.password as password3_5_, user0_.username as username4_5_ from user user0_ where user0_.username=?
Hibernate: select authoritie0_.user_id as user_id1_6_0_, authoritie0_.authority_id as authorit2_6_0_, authority1_.id as id1_0_1_, authority1_.name as name2_0_1_ from user_authority authoritie0_ inner join authority authority1_ on authoritie0_.authority_id=authority1_.id where authoritie0_.user_id=?
Hibernate: select question0_.id as id1_2_0_, question0_.text as text2_2_0_, question0_.title as title3_2_0_ from question question0_ where question0_.id=?
Hibernate: select answer0_.question_id as question1_3_0_, answer0_.answer as answer2_3_0_ from question_answer answer0_ where answer0_.question_id=?
?[1;31m
Start test 111?[0m
Hibernate: select user0_.id as id1_5_, user0_.email as email2_5_, user0_.password as password3_5_, user0_.username as username4_5_ from user user0_ where user0_.username=?
Hibernate: select authoritie0_.user_id as user_id1_6_0_, authoritie0_.authority_id as authorit2_6_0_, authority1_.id as id1_0_1_, authority1_.name as name2_0_1_ from user_authority authoritie0_ inner join authority authority1_ on authoritie0_.authority_id=authority1_.id where authoritie0_.user_id=?
Hibernate: select question0_.id as id1_2_0_, question0_.text as text2_2_0_, question0_.title as title3_2_0_ from question question0_ where question0_.id=?
Hibernate: select answer0_.question_id as question1_3_0_, answer0_.answer as answer2_3_0_ from question_answer answer0_ where answer0_.question_id=?
?[1;31m
Start test 112?[0m
Hibernate: select user0_.id as id1_5_, user0_.email as email2_5_, user0_.password as password3_5_, user0_.username as username4_5_ from user user0_ where user0_.username=?
Hibernate: select authoritie0_.user_id as user_id1_6_0_, authoritie0_.authority_id as authorit2_6_0_, authority1_.id as id1_0_1_, authority1_.name as name2_0_1_ from user_authority authoritie0_ inner join authority authority1_ on authoritie0_.authority_id=authority1_.id where authoritie0_.user_id=?
Hibernate: select question0_.id as id1_2_0_, question0_.text as text2_2_0_, question0_.title as title3_2_0_ from question question0_ where question0_.id=?
Hibernate: select answer0_.question_id as question1_3_0_, answer0_.answer as answer2_3_0_ from question_answer answer0_ where answer0_.question_id=?
?[1;31m
Start test 113?[0m
Hibernate: select user0_.id as id1_5_, user0_.email as email2_5_, user0_.password as password3_5_, user0_.username as username4_5_ from user user0_ where user0_.username=?
Hibernate: select authoritie0_.user_id as user_id1_6_0_, authoritie0_.authority_id as authorit2_6_0_, authority1_.id as id1_0_1_, authority1_.name as name2_0_1_ from user_authority authoritie0_ inner join authority authority1_ on authoritie0_.authority_id=authority1_.id where authoritie0_.user_id=?
Hibernate: select question0_.id as id1_2_0_, question0_.text as text2_2_0_, question0_.title as title3_2_0_ from question question0_ where question0_.id=?
Hibernate: select answer0_.question_id as question1_3_0_, answer0_.answer as answer2_3_0_ from question_answer answer0_ where answer0_.question_id=?
?[1;31m
Start test 114?[0m
Hibernate: select user0_.id as id1_5_, user0_.email as email2_5_, user0_.password as password3_5_, user0_.username as username4_5_ from user user0_ where user0_.username=?
Hibernate: select authoritie0_.user_id as user_id1_6_0_, authoritie0_.authority_id as authorit2_6_0_, authority1_.id as id1_0_1_, authority1_.name as name2_0_1_ from user_authority authoritie0_ inner join authority authority1_ on authoritie0_.authority_id=authority1_.id where authoritie0_.user_id=?
Hibernate: select question0_.id as id1_2_0_, question0_.text as text2_2_0_, question0_.title as title3_2_0_ from question question0_ where question0_.id=?
Hibernate: select answer0_.question_id as question1_3_0_, answer0_.answer as answer2_3_0_ from question_answer answer0_ where answer0_.question_id=?
?[1;31m
Start test 115?[0m
Hibernate: select user0_.id as id1_5_, user0_.email as email2_5_, user0_.password as password3_5_, user0_.username as username4_5_ from user user0_ where user0_.username=?
Hibernate: select authoritie0_.user_id as user_id1_6_0_, authoritie0_.authority_id as authorit2_6_0_, authority1_.id as id1_0_1_, authority1_.name as name2_0_1_ from user_authority authoritie0_ inner join authority authority1_ on authoritie0_.authority_id=authority1_.id where authoritie0_.user_id=?
Hibernate: select question0_.id as id1_2_0_, question0_.text as text2_2_0_, question0_.title as title3_2_0_ from question question0_ where question0_.id=?
Hibernate: select answer0_.question_id as question1_3_0_, answer0_.answer as answer2_3_0_ from question_answer answer0_ where answer0_.question_id=?
?[1;31m
Start test 116?[0m
Hibernate: select user0_.id as id1_5_, user0_.email as email2_5_, user0_.password as password3_5_, user0_.username as username4_5_ from user user0_ where user0_.username=?
Hibernate: select authoritie0_.user_id as user_id1_6_0_, authoritie0_.authority_id as authorit2_6_0_, authority1_.id as id1_0_1_, authority1_.name as name2_0_1_ from user_authority authoritie0_ inner join authority authority1_ on authoritie0_.authority_id=authority1_.id where authoritie0_.user_id=?
Hibernate: select question0_.id as id1_2_0_, question0_.text as text2_2_0_, question0_.title as title3_2_0_ from question question0_ where question0_.id=?
Hibernate: select answer0_.question_id as question1_3_0_, answer0_.answer as answer2_3_0_ from question_answer answer0_ where answer0_.question_id=?
?[1;31m
Start test 117?[0m
Hibernate: select user0_.id as id1_5_, user0_.email as email2_5_, user0_.password as password3_5_, user0_.username as username4_5_ from user user0_ where user0_.username=?
Hibernate: select authoritie0_.user_id as user_id1_6_0_, authoritie0_.authority_id as authorit2_6_0_, authority1_.id as id1_0_1_, authority1_.name as name2_0_1_ from user_authority authoritie0_ inner join authority authority1_ on authoritie0_.authority_id=authority1_.id where authoritie0_.user_id=?
Hibernate: select question0_.id as id1_2_0_, question0_.text as text2_2_0_, question0_.title as title3_2_0_ from question question0_ where question0_.id=?
Hibernate: select answer0_.question_id as question1_3_0_, answer0_.answer as answer2_3_0_ from question_answer answer0_ where answer0_.question_id=?
?[1;31m
Start test 118?[0m
Hibernate: select user0_.id as id1_5_, user0_.email as email2_5_, user0_.password as password3_5_, user0_.username as username4_5_ from user user0_ where user0_.username=?
Hibernate: select authoritie0_.user_id as user_id1_6_0_, authoritie0_.authority_id as authorit2_6_0_, authority1_.id as id1_0_1_, authority1_.name as name2_0_1_ from user_authority authoritie0_ inner join authority authority1_ on authoritie0_.authority_id=authority1_.id where authoritie0_.user_id=?
USERNAME
test@google.com
Hibernate: select user0_.id as id1_5_, user0_.email as email2_5_, user0_.password as password3_5_, user0_.username as username4_5_ from user user0_ where user0_.username=?
Hibernate: select authoritie0_.user_id as user_id1_6_0_, authoritie0_.authority_id as authorit2_6_0_, authority1_.id as id1_0_1_, authority1_.name as name2_0_1_ from user_authority authoritie0_ inner join authority authority1_ on authoritie0_.authority_id=authority1_.id where authoritie0_.user_id=?
Hibernate: call next value for hibernate_sequence
Hibernate: insert into question (text, title, id) values (?, ?, ?)
Hibernate: insert into question_options (question_id, options) values (?, ?)
Hibernate: insert into question_options (question_id, options) values (?, ?)
Hibernate: insert into question_options (question_id, options) values (?, ?)
Hibernate: insert into question_options (question_id, options) values (?, ?)
Hibernate: select questionli0_.question_list_id as question4_2_0_, questionli0_.id as id1_2_0_, questionli0_.id as id1_2_1_, questionli0_.text as text2_2_1_, questionli0_.title as title3_2_1_ from question questionli0_ where questionli0_.question_list_id=?
Question(id=15, title=Math4, text=Which of the following is equal to 4?, options=[2*3, 5*8, 8*0, 1*5], answer=[])
Question(id=15, title=Math4, text=Which of the following is equal to 4?, options=[2*3, 5*8, 8*0, 1*5], answer=null)
Hibernate: update question set question_list_id=? where id=?
?[1;31m
Start test 119?[0m
Hibernate: select user0_.id as id1_5_, user0_.email as email2_5_, user0_.password as password3_5_, user0_.username as username4_5_ from user user0_ where user0_.username=?
Hibernate: select authoritie0_.user_id as user_id1_6_0_, authoritie0_.authority_id as authorit2_6_0_, authority1_.id as id1_0_1_, authority1_.name as name2_0_1_ from user_authority authoritie0_ inner join authority authority1_ on authoritie0_.authority_id=authority1_.id where authoritie0_.user_id=?
Hibernate: select question0_.id as id1_2_0_, question0_.text as text2_2_0_, question0_.title as title3_2_0_ from question question0_ where question0_.id=?
Hibernate: select options0_.question_id as question1_4_0_, options0_.options as options2_4_0_ from question_options options0_ where options0_.question_id=?
?[1;31m
Start test 120?[0m
Hibernate: select user0_.id as id1_5_, user0_.email as email2_5_, user0_.password as password3_5_, user0_.username as username4_5_ from user user0_ where user0_.username=?
Hibernate: select authoritie0_.user_id as user_id1_6_0_, authoritie0_.authority_id as authorit2_6_0_, authority1_.id as id1_0_1_, authority1_.name as name2_0_1_ from user_authority authoritie0_ inner join authority authority1_ on authoritie0_.authority_id=authority1_.id where authoritie0_.user_id=?
Hibernate: select question0_.id as id1_2_0_, question0_.text as text2_2_0_, question0_.title as title3_2_0_ from question question0_ where question0_.id=?
?[1;31m
Start test 121?[0m
Hibernate: select user0_.id as id1_5_, user0_.email as email2_5_, user0_.password as password3_5_, user0_.username as username4_5_ from user user0_ where user0_.username=?
Hibernate: select authoritie0_.user_id as user_id1_6_0_, authoritie0_.authority_id as authorit2_6_0_, authority1_.id as id1_0_1_, authority1_.name as name2_0_1_ from user_authority authoritie0_ inner join authority authority1_ on authoritie0_.authority_id=authority1_.id where authoritie0_.user_id=?
Hibernate: select question0_.id as id1_2_0_, question0_.text as text2_2_0_, question0_.title as title3_2_0_ from question question0_ where question0_.id=?
Hibernate: select answer0_.question_id as question1_3_0_, answer0_.answer as answer2_3_0_ from question_answer answer0_ where answer0_.question_id=?
USERNAME
test@google.com
Hibernate: select user0_.id as id1_5_, user0_.email as email2_5_, user0_.password as password3_5_, user0_.username as username4_5_ from user user0_ where user0_.username=?
Hibernate: select authoritie0_.user_id as user_id1_6_0_, authoritie0_.authority_id as authorit2_6_0_, authority1_.id as id1_0_1_, authority1_.name as name2_0_1_ from user_authority authoritie0_ inner join authority authority1_ on authoritie0_.authority_id=authority1_.id where authoritie0_.user_id=?
Hibernate: call next value for hibernate_sequence
Hibernate: insert into complete_question (completed_at, id, userid, primary_id) values (?, ?, ?, ?)
CompleteQuestion(completedAt=2020-07-29 23:47:56.891, primaryId=16, userid=1, id=15)
?[1;31m
Start test 122?[0m
Hibernate: select user0_.id as id1_5_, user0_.email as email2_5_, user0_.password as password3_5_, user0_.username as username4_5_ from user user0_ where user0_.username=?
Hibernate: select authoritie0_.user_id as user_id1_6_0_, authoritie0_.authority_id as authorit2_6_0_, authority1_.id as id1_0_1_, authority1_.name as name2_0_1_ from user_authority authoritie0_ inner join authority authority1_ on authoritie0_.authority_id=authority1_.id where authoritie0_.user_id=?
Hibernate: select question0_.id as id1_2_0_, question0_.text as text2_2_0_, question0_.title as title3_2_0_ from question question0_ where question0_.id=?
Hibernate: select answer0_.question_id as question1_3_0_, answer0_.answer as answer2_3_0_ from question_answer answer0_ where answer0_.question_id=?
?[1;31m
Start test 123?[0m
Hibernate: select user0_.id as id1_5_, user0_.email as email2_5_, user0_.password as password3_5_, user0_.username as username4_5_ from user user0_ where user0_.username=?
Hibernate: select authoritie0_.user_id as user_id1_6_0_, authoritie0_.authority_id as authorit2_6_0_, authority1_.id as id1_0_1_, authority1_.name as name2_0_1_ from user_authority authoritie0_ inner join authority authority1_ on authoritie0_.authority_id=authority1_.id where authoritie0_.user_id=?
Hibernate: select question0_.id as id1_2_0_, question0_.text as text2_2_0_, question0_.title as title3_2_0_ from question question0_ where question0_.id=?
Hibernate: select answer0_.question_id as question1_3_0_, answer0_.answer as answer2_3_0_ from question_answer answer0_ where answer0_.question_id=?
?[1;31m
Start test 124?[0m
Hibernate: select user0_.id as id1_5_, user0_.email as email2_5_, user0_.password as password3_5_, user0_.username as username4_5_ from user user0_ where user0_.username=?
Hibernate: select authoritie0_.user_id as user_id1_6_0_, authoritie0_.authority_id as authorit2_6_0_, authority1_.id as id1_0_1_, authority1_.name as name2_0_1_ from user_authority authoritie0_ inner join authority authority1_ on authoritie0_.authority_id=authority1_.id where authoritie0_.user_id=?
Hibernate: select question0_.id as id1_2_0_, question0_.text as text2_2_0_, question0_.title as title3_2_0_ from question question0_ where question0_.id=?
Hibernate: select answer0_.question_id as question1_3_0_, answer0_.answer as answer2_3_0_ from question_answer answer0_ where answer0_.question_id=?
?[1;31m
Start test 125?[0m
Hibernate: select user0_.id as id1_5_, user0_.email as email2_5_, user0_.password as password3_5_, user0_.username as username4_5_ from user user0_ where user0_.username=?
Hibernate: select authoritie0_.user_id as user_id1_6_0_, authoritie0_.authority_id as authorit2_6_0_, authority1_.id as id1_0_1_, authority1_.name as name2_0_1_ from user_authority authoritie0_ inner join authority authority1_ on authoritie0_.authority_id=authority1_.id where authoritie0_.user_id=?
Hibernate: select question0_.id as id1_2_0_, question0_.text as text2_2_0_, question0_.title as title3_2_0_ from question question0_ where question0_.id=?
Hibernate: select answer0_.question_id as question1_3_0_, answer0_.answer as answer2_3_0_ from question_answer answer0_ where answer0_.question_id=?
?[1;31m
Start test 126?[0m
Hibernate: select user0_.id as id1_5_, user0_.email as email2_5_, user0_.password as password3_5_, user0_.username as username4_5_ from user user0_ where user0_.username=?
Hibernate: select authoritie0_.user_id as user_id1_6_0_, authoritie0_.authority_id as authorit2_6_0_, authority1_.id as id1_0_1_, authority1_.name as name2_0_1_ from user_authority authoritie0_ inner join authority authority1_ on authoritie0_.authority_id=authority1_.id where authoritie0_.user_id=?
Hibernate: select question0_.id as id1_2_0_, question0_.text as text2_2_0_, question0_.title as title3_2_0_ from question question0_ where question0_.id=?
Hibernate: select answer0_.question_id as question1_3_0_, answer0_.answer as answer2_3_0_ from question_answer answer0_ where answer0_.question_id=?
?[1;31m
Start test 127?[0m
Hibernate: select user0_.id as id1_5_, user0_.email as email2_5_, user0_.password as password3_5_, user0_.username as username4_5_ from user user0_ where user0_.username=?
Hibernate: select authoritie0_.user_id as user_id1_6_0_, authoritie0_.authority_id as authorit2_6_0_, authority1_.id as id1_0_1_, authority1_.name as name2_0_1_ from user_authority authoritie0_ inner join authority authority1_ on authoritie0_.authority_id=authority1_.id where authoritie0_.user_id=?
Hibernate: select question0_.id as id1_2_0_, question0_.text as text2_2_0_, question0_.title as title3_2_0_ from question question0_ where question0_.id=?
Hibernate: select answer0_.question_id as question1_3_0_, answer0_.answer as answer2_3_0_ from question_answer answer0_ where answer0_.question_id=?
?[1;31m
Start test 128?[0m
Hibernate: select user0_.id as id1_5_, user0_.email as email2_5_, user0_.password as password3_5_, user0_.username as username4_5_ from user user0_ where user0_.username=?
Hibernate: select authoritie0_.user_id as user_id1_6_0_, authoritie0_.authority_id as authorit2_6_0_, authority1_.id as id1_0_1_, authority1_.name as name2_0_1_ from user_authority authoritie0_ inner join authority authority1_ on authoritie0_.authority_id=authority1_.id where authoritie0_.user_id=?
Hibernate: select question0_.id as id1_2_0_, question0_.text as text2_2_0_, question0_.title as title3_2_0_ from question question0_ where question0_.id=?
Hibernate: select answer0_.question_id as question1_3_0_, answer0_.answer as answer2_3_0_ from question_answer answer0_ where answer0_.question_id=?
?[1;31m
Start test 129?[0m
Hibernate: select user0_.id as id1_5_, user0_.email as email2_5_, user0_.password as password3_5_, user0_.username as username4_5_ from user user0_ where user0_.username=?
Hibernate: select authoritie0_.user_id as user_id1_6_0_, authoritie0_.authority_id as authorit2_6_0_, authority1_.id as id1_0_1_, authority1_.name as name2_0_1_ from user_authority authoritie0_ inner join authority authority1_ on authoritie0_.authority_id=authority1_.id where authoritie0_.user_id=?
Hibernate: select question0_.id as id1_2_0_, question0_.text as text2_2_0_, question0_.title as title3_2_0_ from question question0_ where question0_.id=?
Hibernate: select answer0_.question_id as question1_3_0_, answer0_.answer as answer2_3_0_ from question_answer answer0_ where answer0_.question_id=?
?[1;31m
Start test 130?[0m
Hibernate: select user0_.id as id1_5_, user0_.email as email2_5_, user0_.password as password3_5_, user0_.username as username4_5_ from user user0_ where user0_.username=?
Hibernate: select authoritie0_.user_id as user_id1_6_0_, authoritie0_.authority_id as authorit2_6_0_, authority1_.id as id1_0_1_, authority1_.name as name2_0_1_ from user_authority authoritie0_ inner join authority authority1_ on authoritie0_.authority_id=authority1_.id where authoritie0_.user_id=?
Hibernate: select question0_.id as id1_2_0_, question0_.text as text2_2_0_, question0_.title as title3_2_0_ from question question0_ where question0_.id=?
Hibernate: select answer0_.question_id as question1_3_0_, answer0_.answer as answer2_3_0_ from question_answer answer0_ where answer0_.question_id=?
?[1;31m
Start test 131?[0m
Hibernate: select user0_.id as id1_5_, user0_.email as email2_5_, user0_.password as password3_5_, user0_.username as username4_5_ from user user0_ where user0_.username=?
Hibernate: select authoritie0_.user_id as user_id1_6_0_, authoritie0_.authority_id as authorit2_6_0_, authority1_.id as id1_0_1_, authority1_.name as name2_0_1_ from user_authority authoritie0_ inner join authority authority1_ on authoritie0_.authority_id=authority1_.id where authoritie0_.user_id=?
Hibernate: select question0_.id as id1_2_0_, question0_.text as text2_2_0_, question0_.title as title3_2_0_ from question question0_ where question0_.id=?
Hibernate: select answer0_.question_id as question1_3_0_, answer0_.answer as answer2_3_0_ from question_answer answer0_ where answer0_.question_id=?
?[1;31m
Start test 132?[0m
Hibernate: select user0_.id as id1_5_, user0_.email as email2_5_, user0_.password as password3_5_, user0_.username as username4_5_ from user user0_ where user0_.username=?
Hibernate: select authoritie0_.user_id as user_id1_6_0_, authoritie0_.authority_id as authorit2_6_0_, authority1_.id as id1_0_1_, authority1_.name as name2_0_1_ from user_authority authoritie0_ inner join authority authority1_ on authoritie0_.authority_id=authority1_.id where authoritie0_.user_id=?
Hibernate: select question0_.id as id1_2_0_, question0_.text as text2_2_0_, question0_.title as title3_2_0_ from question question0_ where question0_.id=?
Hibernate: select answer0_.question_id as question1_3_0_, answer0_.answer as answer2_3_0_ from question_answer answer0_ where answer0_.question_id=?
?[1;31m
Start test 133?[0m
Hibernate: select user0_.id as id1_5_, user0_.email as email2_5_, user0_.password as password3_5_, user0_.username as username4_5_ from user user0_ where user0_.username=?
Hibernate: select authoritie0_.user_id as user_id1_6_0_, authoritie0_.authority_id as authorit2_6_0_, authority1_.id as id1_0_1_, authority1_.name as name2_0_1_ from user_authority authoritie0_ inner join authority authority1_ on authoritie0_.authority_id=authority1_.id where authoritie0_.user_id=?
Hibernate: select question0_.id as id1_2_0_, question0_.text as text2_2_0_, question0_.title as title3_2_0_ from question question0_ where question0_.id=?
Hibernate: select answer0_.question_id as question1_3_0_, answer0_.answer as answer2_3_0_ from question_answer answer0_ where answer0_.question_id=?
?[1;31m
Start test 134?[0m
Hibernate: select user0_.id as id1_5_, user0_.email as email2_5_, user0_.password as password3_5_, user0_.username as username4_5_ from user user0_ where user0_.username=?
Hibernate: select authoritie0_.user_id as user_id1_6_0_, authoritie0_.authority_id as authorit2_6_0_, authority1_.id as id1_0_1_, authority1_.name as name2_0_1_ from user_authority authoritie0_ inner join authority authority1_ on authoritie0_.authority_id=authority1_.id where authoritie0_.user_id=?
Hibernate: select question0_.id as id1_2_0_, question0_.text as text2_2_0_, question0_.title as title3_2_0_ from question question0_ where question0_.id=?
Hibernate: select answer0_.question_id as question1_3_0_, answer0_.answer as answer2_3_0_ from question_answer answer0_ where answer0_.question_id=?
?[1;31m
Start test 135?[0m
Hibernate: select user0_.id as id1_5_, user0_.email as email2_5_, user0_.password as password3_5_, user0_.username as username4_5_ from user user0_ where user0_.username=?
Hibernate: select authoritie0_.user_id as user_id1_6_0_, authoritie0_.authority_id as authorit2_6_0_, authority1_.id as id1_0_1_, authority1_.name as name2_0_1_ from user_authority authoritie0_ inner join authority authority1_ on authoritie0_.authority_id=authority1_.id where authoritie0_.user_id=?
Hibernate: select question0_.id as id1_2_0_, question0_.text as text2_2_0_, question0_.title as title3_2_0_ from question question0_ where question0_.id=?
Hibernate: select answer0_.question_id as question1_3_0_, answer0_.answer as answer2_3_0_ from question_answer answer0_ where answer0_.question_id=?
?[1;31m
Start test 136?[0m
Hibernate: select user0_.id as id1_5_, user0_.email as email2_5_, user0_.password as password3_5_, user0_.username as username4_5_ from user user0_ where user0_.username=?
Hibernate: select authoritie0_.user_id as user_id1_6_0_, authoritie0_.authority_id as authorit2_6_0_, authority1_.id as id1_0_1_, authority1_.name as name2_0_1_ from user_authority authoritie0_ inner join authority authority1_ on authoritie0_.authority_id=authority1_.id where authoritie0_.user_id=?
USERNAME
test@google.com
Hibernate: select user0_.id as id1_5_, user0_.email as email2_5_, user0_.password as password3_5_, user0_.username as username4_5_ from user user0_ where user0_.username=?
Hibernate: select authoritie0_.user_id as user_id1_6_0_, authoritie0_.authority_id as authorit2_6_0_, authority1_.id as id1_0_1_, authority1_.name as name2_0_1_ from user_authority authoritie0_ inner join authority authority1_ on authoritie0_.authority_id=authority1_.id where authoritie0_.user_id=?
Hibernate: call next value for hibernate_sequence
Hibernate: insert into question (text, title, id) values (?, ?, ?)
Hibernate: insert into question_answer (question_id, answer) values (?, ?)
Hibernate: insert into question_answer (question_id, answer) values (?, ?)
Hibernate: insert into question_answer (question_id, answer) values (?, ?)
Hibernate: insert into question_options (question_id, options) values (?, ?)
Hibernate: insert into question_options (question_id, options) values (?, ?)
Hibernate: insert into question_options (question_id, options) values (?, ?)
Hibernate: insert into question_options (question_id, options) values (?, ?)
Hibernate: select questionli0_.question_list_id as question4_2_0_, questionli0_.id as id1_2_0_, questionli0_.id as id1_2_1_, questionli0_.text as text2_2_1_, questionli0_.title as title3_2_1_ from question questionli0_ where questionli0_.question_list_id=?
Question(id=17, title=Math5, text=Which of the following is equal to 4?, options=[2^2, 2+2, 2-2, 2*2], answer=[0, 1, 3])
Question(id=17, title=Math5, text=Which of the following is equal to 4?, options=[2^2, 2+2, 2-2, 2*2], answer=null)
Hibernate: update question set question_list_id=? where id=?
?[1;31m
Start test 137?[0m
Hibernate: select user0_.id as id1_5_, user0_.email as email2_5_, user0_.password as password3_5_, user0_.username as username4_5_ from user user0_ where user0_.username=?
Hibernate: select authoritie0_.user_id as user_id1_6_0_, authoritie0_.authority_id as authorit2_6_0_, authority1_.id as id1_0_1_, authority1_.name as name2_0_1_ from user_authority authoritie0_ inner join authority authority1_ on authoritie0_.authority_id=authority1_.id where authoritie0_.user_id=?
Hibernate: select question0_.id as id1_2_0_, question0_.text as text2_2_0_, question0_.title as title3_2_0_ from question question0_ where question0_.id=?
Hibernate: select options0_.question_id as question1_4_0_, options0_.options as options2_4_0_ from question_options options0_ where options0_.question_id=?
?[1;31m
Start test 138?[0m
Hibernate: select user0_.id as id1_5_, user0_.email as email2_5_, user0_.password as password3_5_, user0_.username as username4_5_ from user user0_ where user0_.username=?
Hibernate: select authoritie0_.user_id as user_id1_6_0_, authoritie0_.authority_id as authorit2_6_0_, authority1_.id as id1_0_1_, authority1_.name as name2_0_1_ from user_authority authoritie0_ inner join authority authority1_ on authoritie0_.authority_id=authority1_.id where authoritie0_.user_id=?
Hibernate: select question0_.id as id1_2_0_, question0_.text as text2_2_0_, question0_.title as title3_2_0_ from question question0_ where question0_.id=?
?[1;31m
Start test 139?[0m
Hibernate: select user0_.id as id1_5_, user0_.email as email2_5_, user0_.password as password3_5_, user0_.username as username4_5_ from user user0_ where user0_.username=?
Hibernate: select authoritie0_.user_id as user_id1_6_0_, authoritie0_.authority_id as authorit2_6_0_, authority1_.id as id1_0_1_, authority1_.name as name2_0_1_ from user_authority authoritie0_ inner join authority authority1_ on authoritie0_.authority_id=authority1_.id where authoritie0_.user_id=?
Hibernate: select question0_.id as id1_2_0_, question0_.text as text2_2_0_, question0_.title as title3_2_0_ from question question0_ where question0_.id=?
Hibernate: select answer0_.question_id as question1_3_0_, answer0_.answer as answer2_3_0_ from question_answer answer0_ where answer0_.question_id=?
?[1;31m
Start test 140?[0m
Hibernate: select user0_.id as id1_5_, user0_.email as email2_5_, user0_.password as password3_5_, user0_.username as username4_5_ from user user0_ where user0_.username=?
Hibernate: select authoritie0_.user_id as user_id1_6_0_, authoritie0_.authority_id as authorit2_6_0_, authority1_.id as id1_0_1_, authority1_.name as name2_0_1_ from user_authority authoritie0_ inner join authority authority1_ on authoritie0_.authority_id=authority1_.id where authoritie0_.user_id=?
Hibernate: select question0_.id as id1_2_0_, question0_.text as text2_2_0_, question0_.title as title3_2_0_ from question question0_ where question0_.id=?
Hibernate: select answer0_.question_id as question1_3_0_, answer0_.answer as answer2_3_0_ from question_answer answer0_ where answer0_.question_id=?
?[1;31m
Start test 141?[0m
Hibernate: select user0_.id as id1_5_, user0_.email as email2_5_, user0_.password as password3_5_, user0_.username as username4_5_ from user user0_ where user0_.username=?
Hibernate: select authoritie0_.user_id as user_id1_6_0_, authoritie0_.authority_id as authorit2_6_0_, authority1_.id as id1_0_1_, authority1_.name as name2_0_1_ from user_authority authoritie0_ inner join authority authority1_ on authoritie0_.authority_id=authority1_.id where authoritie0_.user_id=?
Hibernate: select question0_.id as id1_2_0_, question0_.text as text2_2_0_, question0_.title as title3_2_0_ from question question0_ where question0_.id=?
Hibernate: select answer0_.question_id as question1_3_0_, answer0_.answer as answer2_3_0_ from question_answer answer0_ where answer0_.question_id=?
?[1;31m
Start test 142?[0m
Hibernate: select user0_.id as id1_5_, user0_.email as email2_5_, user0_.password as password3_5_, user0_.username as username4_5_ from user user0_ where user0_.username=?
Hibernate: select authoritie0_.user_id as user_id1_6_0_, authoritie0_.authority_id as authorit2_6_0_, authority1_.id as id1_0_1_, authority1_.name as name2_0_1_ from user_authority authoritie0_ inner join authority authority1_ on authoritie0_.authority_id=authority1_.id where authoritie0_.user_id=?
Hibernate: select question0_.id as id1_2_0_, question0_.text as text2_2_0_, question0_.title as title3_2_0_ from question question0_ where question0_.id=?
Hibernate: select answer0_.question_id as question1_3_0_, answer0_.answer as answer2_3_0_ from question_answer answer0_ where answer0_.question_id=?
?[1;31m
Start test 143?[0m
Hibernate: select user0_.id as id1_5_, user0_.email as email2_5_, user0_.password as password3_5_, user0_.username as username4_5_ from user user0_ where user0_.username=?
Hibernate: select authoritie0_.user_id as user_id1_6_0_, authoritie0_.authority_id as authorit2_6_0_, authority1_.id as id1_0_1_, authority1_.name as name2_0_1_ from user_authority authoritie0_ inner join authority authority1_ on authoritie0_.authority_id=authority1_.id where authoritie0_.user_id=?
Hibernate: select question0_.id as id1_2_0_, question0_.text as text2_2_0_, question0_.title as title3_2_0_ from question question0_ where question0_.id=?
Hibernate: select answer0_.question_id as question1_3_0_, answer0_.answer as answer2_3_0_ from question_answer answer0_ where answer0_.question_id=?
?[1;31m
Start test 144?[0m
Hibernate: select user0_.id as id1_5_, user0_.email as email2_5_, user0_.password as password3_5_, user0_.username as username4_5_ from user user0_ where user0_.username=?
Hibernate: select authoritie0_.user_id as user_id1_6_0_, authoritie0_.authority_id as authorit2_6_0_, authority1_.id as id1_0_1_, authority1_.name as name2_0_1_ from user_authority authoritie0_ inner join authority authority1_ on authoritie0_.authority_id=authority1_.id where authoritie0_.user_id=?
Hibernate: select question0_.id as id1_2_0_, question0_.text as text2_2_0_, question0_.title as title3_2_0_ from question question0_ where question0_.id=?
Hibernate: select answer0_.question_id as question1_3_0_, answer0_.answer as answer2_3_0_ from question_answer answer0_ where answer0_.question_id=?
?[1;31m
Start test 145?[0m
Hibernate: select user0_.id as id1_5_, user0_.email as email2_5_, user0_.password as password3_5_, user0_.username as username4_5_ from user user0_ where user0_.username=?
Hibernate: select authoritie0_.user_id as user_id1_6_0_, authoritie0_.authority_id as authorit2_6_0_, authority1_.id as id1_0_1_, authority1_.name as name2_0_1_ from user_authority authoritie0_ inner join authority authority1_ on authoritie0_.authority_id=authority1_.id where authoritie0_.user_id=?
Hibernate: select question0_.id as id1_2_0_, question0_.text as text2_2_0_, question0_.title as title3_2_0_ from question question0_ where question0_.id=?
Hibernate: select answer0_.question_id as question1_3_0_, answer0_.answer as answer2_3_0_ from question_answer answer0_ where answer0_.question_id=?
?[1;31m
Start test 146?[0m
Hibernate: select user0_.id as id1_5_, user0_.email as email2_5_, user0_.password as password3_5_, user0_.username as username4_5_ from user user0_ where user0_.username=?
Hibernate: select authoritie0_.user_id as user_id1_6_0_, authoritie0_.authority_id as authorit2_6_0_, authority1_.id as id1_0_1_, authority1_.name as name2_0_1_ from user_authority authoritie0_ inner join authority authority1_ on authoritie0_.authority_id=authority1_.id where authoritie0_.user_id=?
Hibernate: select question0_.id as id1_2_0_, question0_.text as text2_2_0_, question0_.title as title3_2_0_ from question question0_ where question0_.id=?
Hibernate: select answer0_.question_id as question1_3_0_, answer0_.answer as answer2_3_0_ from question_answer answer0_ where answer0_.question_id=?
?[1;31m
Start test 147?[0m
Hibernate: select user0_.id as id1_5_, user0_.email as email2_5_, user0_.password as password3_5_, user0_.username as username4_5_ from user user0_ where user0_.username=?
Hibernate: select authoritie0_.user_id as user_id1_6_0_, authoritie0_.authority_id as authorit2_6_0_, authority1_.id as id1_0_1_, authority1_.name as name2_0_1_ from user_authority authoritie0_ inner join authority authority1_ on authoritie0_.authority_id=authority1_.id where authoritie0_.user_id=?
Hibernate: select question0_.id as id1_2_0_, question0_.text as text2_2_0_, question0_.title as title3_2_0_ from question question0_ where question0_.id=?
Hibernate: select answer0_.question_id as question1_3_0_, answer0_.answer as answer2_3_0_ from question_answer answer0_ where answer0_.question_id=?
?[1;31m
Start test 148?[0m
Hibernate: select user0_.id as id1_5_, user0_.email as email2_5_, user0_.password as password3_5_, user0_.username as username4_5_ from user user0_ where user0_.username=?
Hibernate: select authoritie0_.user_id as user_id1_6_0_, authoritie0_.authority_id as authorit2_6_0_, authority1_.id as id1_0_1_, authority1_.name as name2_0_1_ from user_authority authoritie0_ inner join authority authority1_ on authoritie0_.authority_id=authority1_.id where authoritie0_.user_id=?
Hibernate: select question0_.id as id1_2_0_, question0_.text as text2_2_0_, question0_.title as title3_2_0_ from question question0_ where question0_.id=?
Hibernate: select answer0_.question_id as question1_3_0_, answer0_.answer as answer2_3_0_ from question_answer answer0_ where answer0_.question_id=?
?[1;31m
Start test 149?[0m
Hibernate: select user0_.id as id1_5_, user0_.email as email2_5_, user0_.password as password3_5_, user0_.username as username4_5_ from user user0_ where user0_.username=?
Hibernate: select authoritie0_.user_id as user_id1_6_0_, authoritie0_.authority_id as authorit2_6_0_, authority1_.id as id1_0_1_, authority1_.name as name2_0_1_ from user_authority authoritie0_ inner join authority authority1_ on authoritie0_.authority_id=authority1_.id where authoritie0_.user_id=?
Hibernate: select question0_.id as id1_2_0_, question0_.text as text2_2_0_, question0_.title as title3_2_0_ from question question0_ where question0_.id=?
Hibernate: select answer0_.question_id as question1_3_0_, answer0_.answer as answer2_3_0_ from question_answer answer0_ where answer0_.question_id=?
?[1;31m
Start test 150?[0m
Hibernate: select user0_.id as id1_5_, user0_.email as email2_5_, user0_.password as password3_5_, user0_.username as username4_5_ from user user0_ where user0_.username=?
Hibernate: select authoritie0_.user_id as user_id1_6_0_, authoritie0_.authority_id as authorit2_6_0_, authority1_.id as id1_0_1_, authority1_.name as name2_0_1_ from user_authority authoritie0_ inner join authority authority1_ on authoritie0_.authority_id=authority1_.id where authoritie0_.user_id=?
Hibernate: select question0_.id as id1_2_0_, question0_.text as text2_2_0_, question0_.title as title3_2_0_ from question question0_ where question0_.id=?
Hibernate: select answer0_.question_id as question1_3_0_, answer0_.answer as answer2_3_0_ from question_answer answer0_ where answer0_.question_id=?
?[1;31m
Start test 151?[0m
Hibernate: select user0_.id as id1_5_, user0_.email as email2_5_, user0_.password as password3_5_, user0_.username as username4_5_ from user user0_ where user0_.username=?
Hibernate: select authoritie0_.user_id as user_id1_6_0_, authoritie0_.authority_id as authorit2_6_0_, authority1_.id as id1_0_1_, authority1_.name as name2_0_1_ from user_authority authoritie0_ inner join authority authority1_ on authoritie0_.authority_id=authority1_.id where authoritie0_.user_id=?
Hibernate: select question0_.id as id1_2_0_, question0_.text as text2_2_0_, question0_.title as title3_2_0_ from question question0_ where question0_.id=?
Hibernate: select answer0_.question_id as question1_3_0_, answer0_.answer as answer2_3_0_ from question_answer answer0_ where answer0_.question_id=?
USERNAME
user@google.com
Hibernate: select user0_.id as id1_5_, user0_.email as email2_5_, user0_.password as password3_5_, user0_.username as username4_5_ from user user0_ where user0_.username=?
Hibernate: select authoritie0_.user_id as user_id1_6_0_, authoritie0_.authority_id as authorit2_6_0_, authority1_.id as id1_0_1_, authority1_.name as name2_0_1_ from user_authority authoritie0_ inner join authority authority1_ on authoritie0_.authority_id=authority1_.id where authoritie0_.user_id=?
Hibernate: call next value for hibernate_sequence
Hibernate: insert into complete_question (completed_at, id, userid, primary_id) values (?, ?, ?, ?)
CompleteQuestion(completedAt=2020-07-29 23:47:58.95, primaryId=18, userid=2, id=17)
?[1;31m
Start test 152?[0m
Hibernate: select user0_.id as id1_5_, user0_.email as email2_5_, user0_.password as password3_5_, user0_.username as username4_5_ from user user0_ where user0_.username=?
Hibernate: select authoritie0_.user_id as user_id1_6_0_, authoritie0_.authority_id as authorit2_6_0_, authority1_.id as id1_0_1_, authority1_.name as name2_0_1_ from user_authority authoritie0_ inner join authority authority1_ on authoritie0_.authority_id=authority1_.id where authoritie0_.user_id=?
Hibernate: select question0_.id as id1_2_0_, question0_.text as text2_2_0_, question0_.title as title3_2_0_ from question question0_ where question0_.id=?
Hibernate: select answer0_.question_id as question1_3_0_, answer0_.answer as answer2_3_0_ from question_answer answer0_ where answer0_.question_id=?
?[1;31m
Start test 153?[0m
Hibernate: select user0_.id as id1_5_, user0_.email as email2_5_, user0_.password as password3_5_, user0_.username as username4_5_ from user user0_ where user0_.username=?
Hibernate: select authoritie0_.user_id as user_id1_6_0_, authoritie0_.authority_id as authorit2_6_0_, authority1_.id as id1_0_1_, authority1_.name as name2_0_1_ from user_authority authoritie0_ inner join authority authority1_ on authoritie0_.authority_id=authority1_.id where authoritie0_.user_id=?
Hibernate: select question0_.id as id1_2_0_, question0_.text as text2_2_0_, question0_.title as title3_2_0_ from question question0_ where question0_.id=?
Hibernate: select answer0_.question_id as question1_3_0_, answer0_.answer as answer2_3_0_ from question_answer answer0_ where answer0_.question_id=?
?[1;31m
Start test 154?[0m
Hibernate: select user0_.id as id1_5_, user0_.email as email2_5_, user0_.password as password3_5_, user0_.username as username4_5_ from user user0_ where user0_.username=?
Hibernate: select authoritie0_.user_id as user_id1_6_0_, authoritie0_.authority_id as authorit2_6_0_, authority1_.id as id1_0_1_, authority1_.name as name2_0_1_ from user_authority authoritie0_ inner join authority authority1_ on authoritie0_.authority_id=authority1_.id where authoritie0_.user_id=?
Hibernate: select question0_.id as id1_2_, question0_.text as text2_2_, question0_.title as title3_2_ from question question0_ order by question0_.id asc limit ?
Hibernate: select options0_.question_id as question1_4_0_, options0_.options as options2_4_0_ from question_options options0_ where options0_.question_id=?
Hibernate: select options0_.question_id as question1_4_0_, options0_.options as options2_4_0_ from question_options options0_ where options0_.question_id=?
Hibernate: select options0_.question_id as question1_4_0_, options0_.options as options2_4_0_ from question_options options0_ where options0_.question_id=?
Hibernate: select options0_.question_id as question1_4_0_, options0_.options as options2_4_0_ from question_options options0_ where options0_.question_id=?
Hibernate: select options0_.question_id as question1_4_0_, options0_.options as options2_4_0_ from question_options options0_ where options0_.question_id=?
Hibernate: select options0_.question_id as question1_4_0_, options0_.options as options2_4_0_ from question_options options0_ where options0_.question_id=?
Hibernate: select options0_.question_id as question1_4_0_, options0_.options as options2_4_0_ from question_options options0_ where options0_.question_id=?
?[1;31m
Start test 155?[0m
2020-07-29 23:47:59.670  INFO 16968 --- [       Thread-9] o.s.s.concurrent.ThreadPoolTaskExecutor  : Shutting down ExecutorService 'applicationTaskExecutor'
2020-07-29 23:47:59.672  INFO 16968 --- [       Thread-9] j.LocalContainerEntityManagerFactoryBean : Closing JPA EntityManagerFactory for persistence unit 'default'
2020-07-29 23:47:59.673  INFO 16968 --- [       Thread-9] com.zaxxer.hikari.HikariDataSource       : HikariPool-2 - Shutdown initiated...
2020-07-29 23:47:59.727  INFO 16968 --- [       Thread-9] com.zaxxer.hikari.HikariDataSource       : HikariPool-2 - Shutdown completed.

  .   ____          _            __ _ _
 /\\ / ___'_ __ _ _(_)_ __  __ _ \ \ \ \
( ( )\___ | '_ | '_| | '_ \/ _` | \ \ \ \
 \\/  ___)| |_)| | | | | || (_| |  ) ) ) )
  '  |____| .__|_| |_|_| |_\__, | / / / /
 =========|_|==============|___/=/_/_/_/
 :: Spring Boot ::        (v2.2.2.RELEASE)

2020-07-29 23:47:59.835  INFO 16968 --- [    Test worker] engine.WebQuizEngine                     : Starting WebQuizEngine on ChaoX1Carbon with PID 16968 (started by fc200 in C:\Users\fc200\IdeaProjects\Web Quiz Engine\Web Quiz Engine\task)
2020-07-29 23:47:59.835  INFO 16968 --- [    Test worker] engine.WebQuizEngine                     : No active profile set, falling back to default profiles: default
2020-07-29 23:47:59.873  INFO 16968 --- [       Thread-9] o.apache.catalina.core.StandardService   : Stopping service [Tomcat]
2020-07-29 23:47:59.879  INFO 16968 --- [       Thread-9] o.a.c.c.C.[Tomcat].[localhost].[/]       : Destroying Spring FrameworkServlet 'dispatcherServlet'
2020-07-29 23:48:00.177  INFO 16968 --- [    Test worker] .s.d.r.c.RepositoryConfigurationDelegate : Bootstrapping Spring Data JPA repositories in DEFAULT mode.
2020-07-29 23:48:00.195  INFO 16968 --- [    Test worker] .s.d.r.c.RepositoryConfigurationDelegate : Finished Spring Data repository scanning in 18ms. Found 3 JPA repository interfaces.
2020-07-29 23:48:00.268  INFO 16968 --- [    Test worker] trationDelegate$BeanPostProcessorChecker : Bean 'org.springframework.transaction.annotation.ProxyTransactionManagementConfiguration' of type [org.springframework.transaction.annotation.ProxyTransactionManagementConfiguration] is not eligible for getting processed by all BeanPostProcessors (for example: not eligible for auto-proxying)
2020-07-29 23:48:00.300  WARN 16968 --- [    Test worker] org.apache.tomcat.util.modeler.Registry  : The MBean registry cannot be disabled because it has already been initialised
2020-07-29 23:48:00.306  INFO 16968 --- [    Test worker] o.s.b.w.embedded.tomcat.TomcatWebServer  : Tomcat initialized with port(s): 8889 (http)
2020-07-29 23:48:00.307  INFO 16968 --- [    Test worker] o.apache.catalina.core.StandardService   : Starting service [Tomcat]
2020-07-29 23:48:00.307  INFO 16968 --- [    Test worker] org.apache.catalina.core.StandardEngine  : Starting Servlet engine: [Apache Tomcat/9.0.29]
2020-07-29 23:48:00.340  INFO 16968 --- [    Test worker] o.a.c.c.C.[Tomcat].[localhost].[/]       : Initializing Spring embedded WebApplicationContext
2020-07-29 23:48:00.340  INFO 16968 --- [    Test worker] o.s.web.context.ContextLoader            : Root WebApplicationContext: initialization completed in 501 ms
2020-07-29 23:48:00.385  INFO 16968 --- [    Test worker] com.zaxxer.hikari.HikariDataSource       : HikariPool-3 - Starting...
2020-07-29 23:48:00.394  INFO 16968 --- [    Test worker] com.zaxxer.hikari.HikariDataSource       : HikariPool-3 - Start completed.
2020-07-29 23:48:00.395  INFO 16968 --- [    Test worker] o.s.b.a.h2.H2ConsoleAutoConfiguration    : H2 console available at '/h2-console'. Database available at 'jdbc:h2:file:../quizdb'
2020-07-29 23:48:00.480  INFO 16968 --- [    Test worker] o.hibernate.jpa.internal.util.LogHelper  : HHH000204: Processing PersistenceUnitInfo [name: default]
2020-07-29 23:48:00.488  INFO 16968 --- [    Test worker] org.hibernate.dialect.Dialect            : HHH000400: Using dialect: org.hibernate.dialect.H2Dialect
2020-07-29 23:48:00.623  INFO 16968 --- [    Test worker] o.h.e.t.j.p.i.JtaPlatformInitiator       : HHH000490: Using JtaPlatform implementation: [org.hibernate.engine.transaction.jta.platform.internal.NoJtaPlatform]
2020-07-29 23:48:00.623  INFO 16968 --- [    Test worker] j.LocalContainerEntityManagerFactoryBean : Initialized JPA EntityManagerFactory for persistence unit 'default'
2020-07-29 23:48:00.725  WARN 16968 --- [    Test worker] JpaBaseConfiguration$JpaWebConfiguration : spring.jpa.open-in-view is enabled by default. Therefore, database queries may be performed during view rendering. Explicitly configure spring.jpa.open-in-view to disable this warning
2020-07-29 23:48:00.762  INFO 16968 --- [    Test worker] o.s.s.web.DefaultSecurityFilterChain     : Creating filter chain: any request, [org.springframework.security.web.context.request.async.WebAsyncManagerIntegrationFilter@294a6fae, org.springframework.security.web.context.SecurityContextPersistenceFilter@4c2515f2, org.springframework.security.web.header.HeaderWriterFilter@32ad9ab, org.springframework.security.web.authentication.logout.LogoutFilter@253a575c, org.springframework.security.web.authentication.www.BasicAuthenticationFilter@6887feb7, org.springframework.security.web.savedrequest.RequestCacheAwareFilter@2b5cc581, org.springframework.security.web.servletapi.SecurityContextHolderAwareRequestFilter@7eeea6c0, org.springframework.security.web.authentication.AnonymousAuthenticationFilter@1d37b21, org.springframework.security.web.session.SessionManagementFilter@c667c60, org.springframework.security.web.access.ExceptionTranslationFilter@7d2357a0, org.springframework.security.web.access.intercept.FilterSecurityInterceptor@7fd836c2]
2020-07-29 23:48:00.808  INFO 16968 --- [    Test worker] o.s.s.concurrent.ThreadPoolTaskExecutor  : Initializing ExecutorService 'applicationTaskExecutor'
2020-07-29 23:48:00.913  INFO 16968 --- [    Test worker] o.s.b.a.e.web.EndpointLinksResolver      : Exposing 14 endpoint(s) beneath base path '/actuator'
2020-07-29 23:48:00.933  INFO 16968 --- [    Test worker] o.s.b.w.embedded.tomcat.TomcatWebServer  : Tomcat started on port(s): 8889 (http) with context path ''
2020-07-29 23:48:00.934  INFO 16968 --- [    Test worker] engine.WebQuizEngine                     : Started WebQuizEngine in 1.125 seconds (JVM running for 23.541)
?[1;31m
Start test 156?[0m
2020-07-29 23:48:00.941  INFO 16968 --- [nio-8889-exec-1] o.a.c.c.C.[Tomcat].[localhost].[/]       : Initializing Spring DispatcherServlet 'dispatcherServlet'
2020-07-29 23:48:00.941  INFO 16968 --- [nio-8889-exec-1] o.s.web.servlet.DispatcherServlet        : Initializing Servlet 'dispatcherServlet'
2020-07-29 23:48:00.944  INFO 16968 --- [nio-8889-exec-1] o.s.web.servlet.DispatcherServlet        : Completed initialization in 3 ms
Hibernate: select user0_.id as id1_5_, user0_.email as email2_5_, user0_.password as password3_5_, user0_.username as username4_5_ from user user0_ where user0_.username=?
Hibernate: select authoritie0_.user_id as user_id1_6_0_, authoritie0_.authority_id as authorit2_6_0_, authority1_.id as id1_0_1_, authority1_.name as name2_0_1_ from user_authority authoritie0_ inner join authority authority1_ on authoritie0_.authority_id=authority1_.id where authoritie0_.user_id=?
Hibernate: select question0_.id as id1_2_, question0_.text as text2_2_, question0_.title as title3_2_ from question question0_ order by question0_.id asc limit ?
Hibernate: select options0_.question_id as question1_4_0_, options0_.options as options2_4_0_ from question_options options0_ where options0_.question_id=?
Hibernate: select options0_.question_id as question1_4_0_, options0_.options as options2_4_0_ from question_options options0_ where options0_.question_id=?
Hibernate: select options0_.question_id as question1_4_0_, options0_.options as options2_4_0_ from question_options options0_ where options0_.question_id=?
Hibernate: select options0_.question_id as question1_4_0_, options0_.options as options2_4_0_ from question_options options0_ where options0_.question_id=?
Hibernate: select options0_.question_id as question1_4_0_, options0_.options as options2_4_0_ from question_options options0_ where options0_.question_id=?
Hibernate: select options0_.question_id as question1_4_0_, options0_.options as options2_4_0_ from question_options options0_ where options0_.question_id=?
Hibernate: select options0_.question_id as question1_4_0_, options0_.options as options2_4_0_ from question_options options0_ where options0_.question_id=?
?[1;31m
Start test 157?[0m
Hibernate: select user0_.id as id1_5_, user0_.email as email2_5_, user0_.password as password3_5_, user0_.username as username4_5_ from user user0_ where user0_.username=?
Hibernate: select authoritie0_.user_id as user_id1_6_0_, authoritie0_.authority_id as authorit2_6_0_, authority1_.id as id1_0_1_, authority1_.name as name2_0_1_ from user_authority authoritie0_ inner join authority authority1_ on authoritie0_.authority_id=authority1_.id where authoritie0_.user_id=?
Hibernate: select question0_.id as id1_2_0_, question0_.text as text2_2_0_, question0_.title as title3_2_0_ from question question0_ where question0_.id=?
Hibernate: select answer0_.question_id as question1_3_0_, answer0_.answer as answer2_3_0_ from question_answer answer0_ where answer0_.question_id=?
USERNAME
test@google.com
Hibernate: select user0_.id as id1_5_, user0_.email as email2_5_, user0_.password as password3_5_, user0_.username as username4_5_ from user user0_ where user0_.username=?
Hibernate: select authoritie0_.user_id as user_id1_6_0_, authoritie0_.authority_id as authorit2_6_0_, authority1_.id as id1_0_1_, authority1_.name as name2_0_1_ from user_authority authoritie0_ inner join authority authority1_ on authoritie0_.authority_id=authority1_.id where authoritie0_.user_id=?
Hibernate: call next value for hibernate_sequence
Hibernate: insert into complete_question (completed_at, id, userid, primary_id) values (?, ?, ?, ?)
CompleteQuestion(completedAt=2020-07-29 23:48:01.201, primaryId=19, userid=1, id=15)
?[1;31m
Start test 158?[0m
Hibernate: select user0_.id as id1_5_, user0_.email as email2_5_, user0_.password as password3_5_, user0_.username as username4_5_ from user user0_ where user0_.username=?
Hibernate: select authoritie0_.user_id as user_id1_6_0_, authoritie0_.authority_id as authorit2_6_0_, authority1_.id as id1_0_1_, authority1_.name as name2_0_1_ from user_authority authoritie0_ inner join authority authority1_ on authoritie0_.authority_id=authority1_.id where authoritie0_.user_id=?
Hibernate: select question0_.id as id1_2_0_, question0_.text as text2_2_0_, question0_.title as title3_2_0_ from question question0_ where question0_.id=?
Hibernate: select answer0_.question_id as question1_3_0_, answer0_.answer as answer2_3_0_ from question_answer answer0_ where answer0_.question_id=?
?[1;31m
Start test 159?[0m
Hibernate: select user0_.id as id1_5_, user0_.email as email2_5_, user0_.password as password3_5_, user0_.username as username4_5_ from user user0_ where user0_.username=?
Hibernate: select authoritie0_.user_id as user_id1_6_0_, authoritie0_.authority_id as authorit2_6_0_, authority1_.id as id1_0_1_, authority1_.name as name2_0_1_ from user_authority authoritie0_ inner join authority authority1_ on authoritie0_.authority_id=authority1_.id where authoritie0_.user_id=?
Hibernate: select question0_.id as id1_2_0_, question0_.text as text2_2_0_, question0_.title as title3_2_0_ from question question0_ where question0_.id=?
Hibernate: select answer0_.question_id as question1_3_0_, answer0_.answer as answer2_3_0_ from question_answer answer0_ where answer0_.question_id=?
?[1;31m
Start test 160?[0m
Hibernate: select user0_.id as id1_5_, user0_.email as email2_5_, user0_.password as password3_5_, user0_.username as username4_5_ from user user0_ where user0_.username=?
Hibernate: select authoritie0_.user_id as user_id1_6_0_, authoritie0_.authority_id as authorit2_6_0_, authority1_.id as id1_0_1_, authority1_.name as name2_0_1_ from user_authority authoritie0_ inner join authority authority1_ on authoritie0_.authority_id=authority1_.id where authoritie0_.user_id=?
Hibernate: select question0_.id as id1_2_0_, question0_.text as text2_2_0_, question0_.title as title3_2_0_ from question question0_ where question0_.id=?
Hibernate: select answer0_.question_id as question1_3_0_, answer0_.answer as answer2_3_0_ from question_answer answer0_ where answer0_.question_id=?
USERNAME
user@google.com
Hibernate: select user0_.id as id1_5_, user0_.email as email2_5_, user0_.password as password3_5_, user0_.username as username4_5_ from user user0_ where user0_.username=?
Hibernate: select authoritie0_.user_id as user_id1_6_0_, authoritie0_.authority_id as authorit2_6_0_, authority1_.id as id1_0_1_, authority1_.name as name2_0_1_ from user_authority authoritie0_ inner join authority authority1_ on authoritie0_.authority_id=authority1_.id where authoritie0_.user_id=?
Hibernate: call next value for hibernate_sequence
Hibernate: insert into complete_question (completed_at, id, userid, primary_id) values (?, ?, ?, ?)
CompleteQuestion(completedAt=2020-07-29 23:48:01.419, primaryId=20, userid=2, id=17)
?[1;31m
Start test 161?[0m
Hibernate: select user0_.id as id1_5_, user0_.email as email2_5_, user0_.password as password3_5_, user0_.username as username4_5_ from user user0_ where user0_.username=?
Hibernate: select authoritie0_.user_id as user_id1_6_0_, authoritie0_.authority_id as authorit2_6_0_, authority1_.id as id1_0_1_, authority1_.name as name2_0_1_ from user_authority authoritie0_ inner join authority authority1_ on authoritie0_.authority_id=authority1_.id where authoritie0_.user_id=?
USERNAME
test@google.com
Hibernate: select user0_.id as id1_5_, user0_.email as email2_5_, user0_.password as password3_5_, user0_.username as username4_5_ from user user0_ where user0_.username=?
Hibernate: select authoritie0_.user_id as user_id1_6_0_, authoritie0_.authority_id as authorit2_6_0_, authority1_.id as id1_0_1_, authority1_.name as name2_0_1_ from user_authority authoritie0_ inner join authority authority1_ on authoritie0_.authority_id=authority1_.id where authoritie0_.user_id=?
Hibernate: select completequ0_.primary_id as primary_1_1_, completequ0_.completed_at as complete2_1_, completequ0_.id as id3_1_, completequ0_.userid as userid4_1_ from complete_question completequ0_ where completequ0_.userid=? order by completequ0_.completed_at desc limit ?
Page 1 of 1 containing engine.model.CompleteQuestion instances
?[1;31m
Start test 162?[0m
Hibernate: select user0_.id as id1_5_, user0_.email as email2_5_, user0_.password as password3_5_, user0_.username as username4_5_ from user user0_ where user0_.username=?
Hibernate: select authoritie0_.user_id as user_id1_6_0_, authoritie0_.authority_id as authorit2_6_0_, authority1_.id as id1_0_1_, authority1_.name as name2_0_1_ from user_authority authoritie0_ inner join authority authority1_ on authoritie0_.authority_id=authority1_.id where authoritie0_.user_id=?
USERNAME
test@google.com
Hibernate: select user0_.id as id1_5_, user0_.email as email2_5_, user0_.password as password3_5_, user0_.username as username4_5_ from user user0_ where user0_.username=?
Hibernate: select authoritie0_.user_id as user_id1_6_0_, authoritie0_.authority_id as authorit2_6_0_, authority1_.id as id1_0_1_, authority1_.name as name2_0_1_ from user_authority authoritie0_ inner join authority authority1_ on authoritie0_.authority_id=authority1_.id where authoritie0_.user_id=?
Hibernate: select completequ0_.primary_id as primary_1_1_, completequ0_.completed_at as complete2_1_, completequ0_.id as id3_1_, completequ0_.userid as userid4_1_ from complete_question completequ0_ where completequ0_.userid=? order by completequ0_.completed_at desc limit ?
Page 1 of 1 containing engine.model.CompleteQuestion instances
?[1;31m
Start test 163?[0m
Hibernate: select user0_.id as id1_5_, user0_.email as email2_5_, user0_.password as password3_5_, user0_.username as username4_5_ from user user0_ where user0_.username=?
Hibernate: select authoritie0_.user_id as user_id1_6_0_, authoritie0_.authority_id as authorit2_6_0_, authority1_.id as id1_0_1_, authority1_.name as name2_0_1_ from user_authority authoritie0_ inner join authority authority1_ on authoritie0_.authority_id=authority1_.id where authoritie0_.user_id=?
USERNAME
test@google.com
Hibernate: select user0_.id as id1_5_, user0_.email as email2_5_, user0_.password as password3_5_, user0_.username as username4_5_ from user user0_ where user0_.username=?
Hibernate: select authoritie0_.user_id as user_id1_6_0_, authoritie0_.authority_id as authorit2_6_0_, authority1_.id as id1_0_1_, authority1_.name as name2_0_1_ from user_authority authoritie0_ inner join authority authority1_ on authoritie0_.authority_id=authority1_.id where authoritie0_.user_id=?
Hibernate: select completequ0_.primary_id as primary_1_1_, completequ0_.completed_at as complete2_1_, completequ0_.id as id3_1_, completequ0_.userid as userid4_1_ from complete_question completequ0_ where completequ0_.userid=? order by completequ0_.completed_at desc limit ?
Page 1 of 1 containing engine.model.CompleteQuestion instances
?[1;31m
Start test 164?[0m
Hibernate: select user0_.id as id1_5_, user0_.email as email2_5_, user0_.password as password3_5_, user0_.username as username4_5_ from user user0_ where user0_.username=?
Hibernate: select authoritie0_.user_id as user_id1_6_0_, authoritie0_.authority_id as authorit2_6_0_, authority1_.id as id1_0_1_, authority1_.name as name2_0_1_ from user_authority authoritie0_ inner join authority authority1_ on authoritie0_.authority_id=authority1_.id where authoritie0_.user_id=?
USERNAME
test@google.com
Hibernate: select user0_.id as id1_5_, user0_.email as email2_5_, user0_.password as password3_5_, user0_.username as username4_5_ from user user0_ where user0_.username=?
Hibernate: select authoritie0_.user_id as user_id1_6_0_, authoritie0_.authority_id as authorit2_6_0_, authority1_.id as id1_0_1_, authority1_.name as name2_0_1_ from user_authority authoritie0_ inner join authority authority1_ on authoritie0_.authority_id=authority1_.id where authoritie0_.user_id=?
Hibernate: select completequ0_.primary_id as primary_1_1_, completequ0_.completed_at as complete2_1_, completequ0_.id as id3_1_, completequ0_.userid as userid4_1_ from complete_question completequ0_ where completequ0_.userid=? order by completequ0_.completed_at desc limit ?
Page 1 of 1 containing engine.model.CompleteQuestion instances
?[1;31m
Start test 165?[0m
Hibernate: select user0_.id as id1_5_, user0_.email as email2_5_, user0_.password as password3_5_, user0_.username as username4_5_ from user user0_ where user0_.username=?
Hibernate: select authoritie0_.user_id as user_id1_6_0_, authoritie0_.authority_id as authorit2_6_0_, authority1_.id as id1_0_1_, authority1_.name as name2_0_1_ from user_authority authoritie0_ inner join authority authority1_ on authoritie0_.authority_id=authority1_.id where authoritie0_.user_id=?
USERNAME
test@google.com
Hibernate: select user0_.id as id1_5_, user0_.email as email2_5_, user0_.password as password3_5_, user0_.username as username4_5_ from user user0_ where user0_.username=?
Hibernate: select authoritie0_.user_id as user_id1_6_0_, authoritie0_.authority_id as authorit2_6_0_, authority1_.id as id1_0_1_, authority1_.name as name2_0_1_ from user_authority authoritie0_ inner join authority authority1_ on authoritie0_.authority_id=authority1_.id where authoritie0_.user_id=?
Hibernate: select completequ0_.primary_id as primary_1_1_, completequ0_.completed_at as complete2_1_, completequ0_.id as id3_1_, completequ0_.userid as userid4_1_ from complete_question completequ0_ where completequ0_.userid=? order by completequ0_.completed_at desc limit ?
Page 1 of 1 containing engine.model.CompleteQuestion instances
?[1;31m
Start test 166?[0m
Hibernate: select user0_.id as id1_5_, user0_.email as email2_5_, user0_.password as password3_5_, user0_.username as username4_5_ from user user0_ where user0_.username=?
Hibernate: select authoritie0_.user_id as user_id1_6_0_, authoritie0_.authority_id as authorit2_6_0_, authority1_.id as id1_0_1_, authority1_.name as name2_0_1_ from user_authority authoritie0_ inner join authority authority1_ on authoritie0_.authority_id=authority1_.id where authoritie0_.user_id=?
USERNAME
user@google.com
Hibernate: select user0_.id as id1_5_, user0_.email as email2_5_, user0_.password as password3_5_, user0_.username as username4_5_ from user user0_ where user0_.username=?
Hibernate: select authoritie0_.user_id as user_id1_6_0_, authoritie0_.authority_id as authorit2_6_0_, authority1_.id as id1_0_1_, authority1_.name as name2_0_1_ from user_authority authoritie0_ inner join authority authority1_ on authoritie0_.authority_id=authority1_.id where authoritie0_.user_id=?
Hibernate: select completequ0_.primary_id as primary_1_1_, completequ0_.completed_at as complete2_1_, completequ0_.id as id3_1_, completequ0_.userid as userid4_1_ from complete_question completequ0_ where completequ0_.userid=? order by completequ0_.completed_at desc limit ?
Page 1 of 1 containing engine.model.CompleteQuestion instances
?[1;31m
Start test 167?[0m
Hibernate: select user0_.id as id1_5_, user0_.email as email2_5_, user0_.password as password3_5_, user0_.username as username4_5_ from user user0_ where user0_.username=?
Hibernate: select authoritie0_.user_id as user_id1_6_0_, authoritie0_.authority_id as authorit2_6_0_, authority1_.id as id1_0_1_, authority1_.name as name2_0_1_ from user_authority authoritie0_ inner join authority authority1_ on authoritie0_.authority_id=authority1_.id where authoritie0_.user_id=?
USERNAME
user@google.com
Hibernate: select user0_.id as id1_5_, user0_.email as email2_5_, user0_.password as password3_5_, user0_.username as username4_5_ from user user0_ where user0_.username=?
Hibernate: select authoritie0_.user_id as user_id1_6_0_, authoritie0_.authority_id as authorit2_6_0_, authority1_.id as id1_0_1_, authority1_.name as name2_0_1_ from user_authority authoritie0_ inner join authority authority1_ on authoritie0_.authority_id=authority1_.id where authoritie0_.user_id=?
Hibernate: select completequ0_.primary_id as primary_1_1_, completequ0_.completed_at as complete2_1_, completequ0_.id as id3_1_, completequ0_.userid as userid4_1_ from complete_question completequ0_ where completequ0_.userid=? order by completequ0_.completed_at desc limit ?
Page 1 of 1 containing engine.model.CompleteQuestion instances
?[1;31m
Start test 168?[0m
Hibernate: select user0_.id as id1_5_, user0_.email as email2_5_, user0_.password as password3_5_, user0_.username as username4_5_ from user user0_ where user0_.username=?
Hibernate: select authoritie0_.user_id as user_id1_6_0_, authoritie0_.authority_id as authorit2_6_0_, authority1_.id as id1_0_1_, authority1_.name as name2_0_1_ from user_authority authoritie0_ inner join authority authority1_ on authoritie0_.authority_id=authority1_.id where authoritie0_.user_id=?
USERNAME
user@google.com
Hibernate: select user0_.id as id1_5_, user0_.email as email2_5_, user0_.password as password3_5_, user0_.username as username4_5_ from user user0_ where user0_.username=?
Hibernate: select authoritie0_.user_id as user_id1_6_0_, authoritie0_.authority_id as authorit2_6_0_, authority1_.id as id1_0_1_, authority1_.name as name2_0_1_ from user_authority authoritie0_ inner join authority authority1_ on authoritie0_.authority_id=authority1_.id where authoritie0_.user_id=?
Hibernate: select completequ0_.primary_id as primary_1_1_, completequ0_.completed_at as complete2_1_, completequ0_.id as id3_1_, completequ0_.userid as userid4_1_ from complete_question completequ0_ where completequ0_.userid=? order by completequ0_.completed_at desc limit ?
Page 1 of 1 containing engine.model.CompleteQuestion instances
?[1;31m
Start test 169?[0m
Hibernate: select user0_.id as id1_5_, user0_.email as email2_5_, user0_.password as password3_5_, user0_.username as username4_5_ from user user0_ where user0_.username=?
Hibernate: select authoritie0_.user_id as user_id1_6_0_, authoritie0_.authority_id as authorit2_6_0_, authority1_.id as id1_0_1_, authority1_.name as name2_0_1_ from user_authority authoritie0_ inner join authority authority1_ on authoritie0_.authority_id=authority1_.id where authoritie0_.user_id=?
USERNAME
user@google.com
Hibernate: select user0_.id as id1_5_, user0_.email as email2_5_, user0_.password as password3_5_, user0_.username as username4_5_ from user user0_ where user0_.username=?
Hibernate: select authoritie0_.user_id as user_id1_6_0_, authoritie0_.authority_id as authorit2_6_0_, authority1_.id as id1_0_1_, authority1_.name as name2_0_1_ from user_authority authoritie0_ inner join authority authority1_ on authoritie0_.authority_id=authority1_.id where authoritie0_.user_id=?
Hibernate: select completequ0_.primary_id as primary_1_1_, completequ0_.completed_at as complete2_1_, completequ0_.id as id3_1_, completequ0_.userid as userid4_1_ from complete_question completequ0_ where completequ0_.userid=? order by completequ0_.completed_at desc limit ?
Page 1 of 1 containing engine.model.CompleteQuestion instances
?[1;31m
Start test 170?[0m
Hibernate: select user0_.id as id1_5_, user0_.email as email2_5_, user0_.password as password3_5_, user0_.username as username4_5_ from user user0_ where user0_.username=?
Hibernate: select authoritie0_.user_id as user_id1_6_0_, authoritie0_.authority_id as authorit2_6_0_, authority1_.id as id1_0_1_, authority1_.name as name2_0_1_ from user_authority authoritie0_ inner join authority authority1_ on authoritie0_.authority_id=authority1_.id where authoritie0_.user_id=?
USERNAME
user@google.com
Hibernate: select user0_.id as id1_5_, user0_.email as email2_5_, user0_.password as password3_5_, user0_.username as username4_5_ from user user0_ where user0_.username=?
Hibernate: select authoritie0_.user_id as user_id1_6_0_, authoritie0_.authority_id as authorit2_6_0_, authority1_.id as id1_0_1_, authority1_.name as name2_0_1_ from user_authority authoritie0_ inner join authority authority1_ on authoritie0_.authority_id=authority1_.id where authoritie0_.user_id=?
Hibernate: select completequ0_.primary_id as primary_1_1_, completequ0_.completed_at as complete2_1_, completequ0_.id as id3_1_, completequ0_.userid as userid4_1_ from complete_question completequ0_ where completequ0_.userid=? order by completequ0_.completed_at desc limit ?
Page 1 of 1 containing engine.model.CompleteQuestion instances
?[1;31m
Start test 171?[0m
Hibernate: select user0_.id as id1_5_, user0_.email as email2_5_, user0_.password as password3_5_, user0_.username as username4_5_ from user user0_ where user0_.username=?
Hibernate: select authoritie0_.user_id as user_id1_6_0_, authoritie0_.authority_id as authorit2_6_0_, authority1_.id as id1_0_1_, authority1_.name as name2_0_1_ from user_authority authoritie0_ inner join authority authority1_ on authoritie0_.authority_id=authority1_.id where authoritie0_.user_id=?
USERNAME
user@google.com
Hibernate: select user0_.id as id1_5_, user0_.email as email2_5_, user0_.password as password3_5_, user0_.username as username4_5_ from user user0_ where user0_.username=?
Hibernate: select authoritie0_.user_id as user_id1_6_0_, authoritie0_.authority_id as authorit2_6_0_, authority1_.id as id1_0_1_, authority1_.name as name2_0_1_ from user_authority authoritie0_ inner join authority authority1_ on authoritie0_.authority_id=authority1_.id where authoritie0_.user_id=?
Hibernate: select completequ0_.primary_id as primary_1_1_, completequ0_.completed_at as complete2_1_, completequ0_.id as id3_1_, completequ0_.userid as userid4_1_ from complete_question completequ0_ where completequ0_.userid=? order by completequ0_.completed_at desc limit ?
Page 1 of 1 containing engine.model.CompleteQuestion instances
?[1;31m
Start test 172?[0m
Hibernate: select user0_.id as id1_5_, user0_.email as email2_5_, user0_.password as password3_5_, user0_.username as username4_5_ from user user0_ where user0_.username=?
Hibernate: select authoritie0_.user_id as user_id1_6_0_, authoritie0_.authority_id as authorit2_6_0_, authority1_.id as id1_0_1_, authority1_.name as name2_0_1_ from user_authority authoritie0_ inner join authority authority1_ on authoritie0_.authority_id=authority1_.id where authoritie0_.user_id=?
Hibernate: select question0_.id as id1_2_0_, question0_.text as text2_2_0_, question0_.title as title3_2_0_ from question question0_ where question0_.id=?
Hibernate: select answer0_.question_id as question1_3_0_, answer0_.answer as answer2_3_0_ from question_answer answer0_ where answer0_.question_id=?
USERNAME
test@google.com
Hibernate: select user0_.id as id1_5_, user0_.email as email2_5_, user0_.password as password3_5_, user0_.username as username4_5_ from user user0_ where user0_.username=?
Hibernate: select authoritie0_.user_id as user_id1_6_0_, authoritie0_.authority_id as authorit2_6_0_, authority1_.id as id1_0_1_, authority1_.name as name2_0_1_ from user_authority authoritie0_ inner join authority authority1_ on authoritie0_.authority_id=authority1_.id where authoritie0_.user_id=?
Hibernate: call next value for hibernate_sequence
Hibernate: insert into complete_question (completed_at, id, userid, primary_id) values (?, ?, ?, ?)
CompleteQuestion(completedAt=2020-07-29 23:48:02.282, primaryId=21, userid=1, id=13)
?[1;31m
Start test 173?[0m
Hibernate: select user0_.id as id1_5_, user0_.email as email2_5_, user0_.password as password3_5_, user0_.username as username4_5_ from user user0_ where user0_.username=?
Hibernate: select authoritie0_.user_id as user_id1_6_0_, authoritie0_.authority_id as authorit2_6_0_, authority1_.id as id1_0_1_, authority1_.name as name2_0_1_ from user_authority authoritie0_ inner join authority authority1_ on authoritie0_.authority_id=authority1_.id where authoritie0_.user_id=?
Hibernate: select question0_.id as id1_2_0_, question0_.text as text2_2_0_, question0_.title as title3_2_0_ from question question0_ where question0_.id=?
Hibernate: select answer0_.question_id as question1_3_0_, answer0_.answer as answer2_3_0_ from question_answer answer0_ where answer0_.question_id=?
USERNAME
test@google.com
Hibernate: select user0_.id as id1_5_, user0_.email as email2_5_, user0_.password as password3_5_, user0_.username as username4_5_ from user user0_ where user0_.username=?
Hibernate: select authoritie0_.user_id as user_id1_6_0_, authoritie0_.authority_id as authorit2_6_0_, authority1_.id as id1_0_1_, authority1_.name as name2_0_1_ from user_authority authoritie0_ inner join authority authority1_ on authoritie0_.authority_id=authority1_.id where authoritie0_.user_id=?
Hibernate: call next value for hibernate_sequence
Hibernate: insert into complete_question (completed_at, id, userid, primary_id) values (?, ?, ?, ?)
CompleteQuestion(completedAt=2020-07-29 23:48:02.352, primaryId=22, userid=1, id=13)
?[1;31m
Start test 174?[0m
Hibernate: select user0_.id as id1_5_, user0_.email as email2_5_, user0_.password as password3_5_, user0_.username as username4_5_ from user user0_ where user0_.username=?
Hibernate: select authoritie0_.user_id as user_id1_6_0_, authoritie0_.authority_id as authorit2_6_0_, authority1_.id as id1_0_1_, authority1_.name as name2_0_1_ from user_authority authoritie0_ inner join authority authority1_ on authoritie0_.authority_id=authority1_.id where authoritie0_.user_id=?
Hibernate: select question0_.id as id1_2_0_, question0_.text as text2_2_0_, question0_.title as title3_2_0_ from question question0_ where question0_.id=?
Hibernate: select answer0_.question_id as question1_3_0_, answer0_.answer as answer2_3_0_ from question_answer answer0_ where answer0_.question_id=?
USERNAME
test@google.com
Hibernate: select user0_.id as id1_5_, user0_.email as email2_5_, user0_.password as password3_5_, user0_.username as username4_5_ from user user0_ where user0_.username=?
Hibernate: select authoritie0_.user_id as user_id1_6_0_, authoritie0_.authority_id as authorit2_6_0_, authority1_.id as id1_0_1_, authority1_.name as name2_0_1_ from user_authority authoritie0_ inner join authority authority1_ on authoritie0_.authority_id=authority1_.id where authoritie0_.user_id=?
Hibernate: call next value for hibernate_sequence
Hibernate: insert into complete_question (completed_at, id, userid, primary_id) values (?, ?, ?, ?)
CompleteQuestion(completedAt=2020-07-29 23:48:02.421, primaryId=23, userid=1, id=13)
?[1;31m
Start test 175?[0m
Hibernate: select user0_.id as id1_5_, user0_.email as email2_5_, user0_.password as password3_5_, user0_.username as username4_5_ from user user0_ where user0_.username=?
Hibernate: select authoritie0_.user_id as user_id1_6_0_, authoritie0_.authority_id as authorit2_6_0_, authority1_.id as id1_0_1_, authority1_.name as name2_0_1_ from user_authority authoritie0_ inner join authority authority1_ on authoritie0_.authority_id=authority1_.id where authoritie0_.user_id=?
Hibernate: select question0_.id as id1_2_0_, question0_.text as text2_2_0_, question0_.title as title3_2_0_ from question question0_ where question0_.id=?
Hibernate: select answer0_.question_id as question1_3_0_, answer0_.answer as answer2_3_0_ from question_answer answer0_ where answer0_.question_id=?
USERNAME
test@google.com
Hibernate: select user0_.id as id1_5_, user0_.email as email2_5_, user0_.password as password3_5_, user0_.username as username4_5_ from user user0_ where user0_.username=?
Hibernate: select authoritie0_.user_id as user_id1_6_0_, authoritie0_.authority_id as authorit2_6_0_, authority1_.id as id1_0_1_, authority1_.name as name2_0_1_ from user_authority authoritie0_ inner join authority authority1_ on authoritie0_.authority_id=authority1_.id where authoritie0_.user_id=?
Hibernate: call next value for hibernate_sequence
Hibernate: insert into complete_question (completed_at, id, userid, primary_id) values (?, ?, ?, ?)
CompleteQuestion(completedAt=2020-07-29 23:48:02.489, primaryId=24, userid=1, id=13)
?[1;31m
Start test 176?[0m
Hibernate: select user0_.id as id1_5_, user0_.email as email2_5_, user0_.password as password3_5_, user0_.username as username4_5_ from user user0_ where user0_.username=?
Hibernate: select authoritie0_.user_id as user_id1_6_0_, authoritie0_.authority_id as authorit2_6_0_, authority1_.id as id1_0_1_, authority1_.name as name2_0_1_ from user_authority authoritie0_ inner join authority authority1_ on authoritie0_.authority_id=authority1_.id where authoritie0_.user_id=?
Hibernate: select question0_.id as id1_2_0_, question0_.text as text2_2_0_, question0_.title as title3_2_0_ from question question0_ where question0_.id=?
Hibernate: select answer0_.question_id as question1_3_0_, answer0_.answer as answer2_3_0_ from question_answer answer0_ where answer0_.question_id=?
USERNAME
test@google.com
Hibernate: select user0_.id as id1_5_, user0_.email as email2_5_, user0_.password as password3_5_, user0_.username as username4_5_ from user user0_ where user0_.username=?
Hibernate: select authoritie0_.user_id as user_id1_6_0_, authoritie0_.authority_id as authorit2_6_0_, authority1_.id as id1_0_1_, authority1_.name as name2_0_1_ from user_authority authoritie0_ inner join authority authority1_ on authoritie0_.authority_id=authority1_.id where authoritie0_.user_id=?
Hibernate: call next value for hibernate_sequence
Hibernate: insert into complete_question (completed_at, id, userid, primary_id) values (?, ?, ?, ?)
CompleteQuestion(completedAt=2020-07-29 23:48:02.559, primaryId=25, userid=1, id=13)
?[1;31m
Start test 177?[0m
Hibernate: select user0_.id as id1_5_, user0_.email as email2_5_, user0_.password as password3_5_, user0_.username as username4_5_ from user user0_ where user0_.username=?
Hibernate: select authoritie0_.user_id as user_id1_6_0_, authoritie0_.authority_id as authorit2_6_0_, authority1_.id as id1_0_1_, authority1_.name as name2_0_1_ from user_authority authoritie0_ inner join authority authority1_ on authoritie0_.authority_id=authority1_.id where authoritie0_.user_id=?
Hibernate: select question0_.id as id1_2_0_, question0_.text as text2_2_0_, question0_.title as title3_2_0_ from question question0_ where question0_.id=?
Hibernate: select answer0_.question_id as question1_3_0_, answer0_.answer as answer2_3_0_ from question_answer answer0_ where answer0_.question_id=?
USERNAME
test@google.com
Hibernate: select user0_.id as id1_5_, user0_.email as email2_5_, user0_.password as password3_5_, user0_.username as username4_5_ from user user0_ where user0_.username=?
Hibernate: select authoritie0_.user_id as user_id1_6_0_, authoritie0_.authority_id as authorit2_6_0_, authority1_.id as id1_0_1_, authority1_.name as name2_0_1_ from user_authority authoritie0_ inner join authority authority1_ on authoritie0_.authority_id=authority1_.id where authoritie0_.user_id=?
Hibernate: call next value for hibernate_sequence
Hibernate: insert into complete_question (completed_at, id, userid, primary_id) values (?, ?, ?, ?)
CompleteQuestion(completedAt=2020-07-29 23:48:02.635, primaryId=26, userid=1, id=17)
?[1;31m
Start test 178?[0m
Hibernate: select user0_.id as id1_5_, user0_.email as email2_5_, user0_.password as password3_5_, user0_.username as username4_5_ from user user0_ where user0_.username=?
Hibernate: select authoritie0_.user_id as user_id1_6_0_, authoritie0_.authority_id as authorit2_6_0_, authority1_.id as id1_0_1_, authority1_.name as name2_0_1_ from user_authority authoritie0_ inner join authority authority1_ on authoritie0_.authority_id=authority1_.id where authoritie0_.user_id=?
Hibernate: select question0_.id as id1_2_0_, question0_.text as text2_2_0_, question0_.title as title3_2_0_ from question question0_ where question0_.id=?
Hibernate: select answer0_.question_id as question1_3_0_, answer0_.answer as answer2_3_0_ from question_answer answer0_ where answer0_.question_id=?
USERNAME
user@google.com
Hibernate: select user0_.id as id1_5_, user0_.email as email2_5_, user0_.password as password3_5_, user0_.username as username4_5_ from user user0_ where user0_.username=?
Hibernate: select authoritie0_.user_id as user_id1_6_0_, authoritie0_.authority_id as authorit2_6_0_, authority1_.id as id1_0_1_, authority1_.name as name2_0_1_ from user_authority authoritie0_ inner join authority authority1_ on authoritie0_.authority_id=authority1_.id where authoritie0_.user_id=?
Hibernate: call next value for hibernate_sequence
Hibernate: insert into complete_question (completed_at, id, userid, primary_id) values (?, ?, ?, ?)
CompleteQuestion(completedAt=2020-07-29 23:48:02.707, primaryId=27, userid=2, id=11)
?[1;31m
Start test 179?[0m
Hibernate: select user0_.id as id1_5_, user0_.email as email2_5_, user0_.password as password3_5_, user0_.username as username4_5_ from user user0_ where user0_.username=?
Hibernate: select authoritie0_.user_id as user_id1_6_0_, authoritie0_.authority_id as authorit2_6_0_, authority1_.id as id1_0_1_, authority1_.name as name2_0_1_ from user_authority authoritie0_ inner join authority authority1_ on authoritie0_.authority_id=authority1_.id where authoritie0_.user_id=?
Hibernate: select question0_.id as id1_2_0_, question0_.text as text2_2_0_, question0_.title as title3_2_0_ from question question0_ where question0_.id=?
Hibernate: select answer0_.question_id as question1_3_0_, answer0_.answer as answer2_3_0_ from question_answer answer0_ where answer0_.question_id=?
USERNAME
user@google.com
Hibernate: select user0_.id as id1_5_, user0_.email as email2_5_, user0_.password as password3_5_, user0_.username as username4_5_ from user user0_ where user0_.username=?
Hibernate: select authoritie0_.user_id as user_id1_6_0_, authoritie0_.authority_id as authorit2_6_0_, authority1_.id as id1_0_1_, authority1_.name as name2_0_1_ from user_authority authoritie0_ inner join authority authority1_ on authoritie0_.authority_id=authority1_.id where authoritie0_.user_id=?
Hibernate: call next value for hibernate_sequence
Hibernate: insert into complete_question (completed_at, id, userid, primary_id) values (?, ?, ?, ?)
CompleteQuestion(completedAt=2020-07-29 23:48:02.782, primaryId=28, userid=2, id=11)
?[1;31m
Start test 180?[0m
Hibernate: select user0_.id as id1_5_, user0_.email as email2_5_, user0_.password as password3_5_, user0_.username as username4_5_ from user user0_ where user0_.username=?
Hibernate: select authoritie0_.user_id as user_id1_6_0_, authoritie0_.authority_id as authorit2_6_0_, authority1_.id as id1_0_1_, authority1_.name as name2_0_1_ from user_authority authoritie0_ inner join authority authority1_ on authoritie0_.authority_id=authority1_.id where authoritie0_.user_id=?
Hibernate: select question0_.id as id1_2_0_, question0_.text as text2_2_0_, question0_.title as title3_2_0_ from question question0_ where question0_.id=?
Hibernate: select answer0_.question_id as question1_3_0_, answer0_.answer as answer2_3_0_ from question_answer answer0_ where answer0_.question_id=?
USERNAME
user@google.com
Hibernate: select user0_.id as id1_5_, user0_.email as email2_5_, user0_.password as password3_5_, user0_.username as username4_5_ from user user0_ where user0_.username=?
Hibernate: select authoritie0_.user_id as user_id1_6_0_, authoritie0_.authority_id as authorit2_6_0_, authority1_.id as id1_0_1_, authority1_.name as name2_0_1_ from user_authority authoritie0_ inner join authority authority1_ on authoritie0_.authority_id=authority1_.id where authoritie0_.user_id=?
Hibernate: call next value for hibernate_sequence
Hibernate: insert into complete_question (completed_at, id, userid, primary_id) values (?, ?, ?, ?)
CompleteQuestion(completedAt=2020-07-29 23:48:02.867, primaryId=29, userid=2, id=11)
?[1;31m
Start test 181?[0m
Hibernate: select user0_.id as id1_5_, user0_.email as email2_5_, user0_.password as password3_5_, user0_.username as username4_5_ from user user0_ where user0_.username=?
Hibernate: select authoritie0_.user_id as user_id1_6_0_, authoritie0_.authority_id as authorit2_6_0_, authority1_.id as id1_0_1_, authority1_.name as name2_0_1_ from user_authority authoritie0_ inner join authority authority1_ on authoritie0_.authority_id=authority1_.id where authoritie0_.user_id=?
Hibernate: select question0_.id as id1_2_0_, question0_.text as text2_2_0_, question0_.title as title3_2_0_ from question question0_ where question0_.id=?
Hibernate: select answer0_.question_id as question1_3_0_, answer0_.answer as answer2_3_0_ from question_answer answer0_ where answer0_.question_id=?
USERNAME
user@google.com
Hibernate: select user0_.id as id1_5_, user0_.email as email2_5_, user0_.password as password3_5_, user0_.username as username4_5_ from user user0_ where user0_.username=?
Hibernate: select authoritie0_.user_id as user_id1_6_0_, authoritie0_.authority_id as authorit2_6_0_, authority1_.id as id1_0_1_, authority1_.name as name2_0_1_ from user_authority authoritie0_ inner join authority authority1_ on authoritie0_.authority_id=authority1_.id where authoritie0_.user_id=?
Hibernate: call next value for hibernate_sequence
Hibernate: insert into complete_question (completed_at, id, userid, primary_id) values (?, ?, ?, ?)
CompleteQuestion(completedAt=2020-07-29 23:48:02.939, primaryId=30, userid=2, id=11)
?[1;31m
Start test 182?[0m
Hibernate: select user0_.id as id1_5_, user0_.email as email2_5_, user0_.password as password3_5_, user0_.username as username4_5_ from user user0_ where user0_.username=?
Hibernate: select authoritie0_.user_id as user_id1_6_0_, authoritie0_.authority_id as authorit2_6_0_, authority1_.id as id1_0_1_, authority1_.name as name2_0_1_ from user_authority authoritie0_ inner join authority authority1_ on authoritie0_.authority_id=authority1_.id where authoritie0_.user_id=?
Hibernate: select question0_.id as id1_2_0_, question0_.text as text2_2_0_, question0_.title as title3_2_0_ from question question0_ where question0_.id=?
Hibernate: select answer0_.question_id as question1_3_0_, answer0_.answer as answer2_3_0_ from question_answer answer0_ where answer0_.question_id=?
USERNAME
user@google.com
Hibernate: select user0_.id as id1_5_, user0_.email as email2_5_, user0_.password as password3_5_, user0_.username as username4_5_ from user user0_ where user0_.username=?
Hibernate: select authoritie0_.user_id as user_id1_6_0_, authoritie0_.authority_id as authorit2_6_0_, authority1_.id as id1_0_1_, authority1_.name as name2_0_1_ from user_authority authoritie0_ inner join authority authority1_ on authoritie0_.authority_id=authority1_.id where authoritie0_.user_id=?
Hibernate: call next value for hibernate_sequence
Hibernate: insert into complete_question (completed_at, id, userid, primary_id) values (?, ?, ?, ?)
CompleteQuestion(completedAt=2020-07-29 23:48:03.032, primaryId=31, userid=2, id=11)
?[1;31m
Start test 183?[0m
Hibernate: select user0_.id as id1_5_, user0_.email as email2_5_, user0_.password as password3_5_, user0_.username as username4_5_ from user user0_ where user0_.username=?
Hibernate: select authoritie0_.user_id as user_id1_6_0_, authoritie0_.authority_id as authorit2_6_0_, authority1_.id as id1_0_1_, authority1_.name as name2_0_1_ from user_authority authoritie0_ inner join authority authority1_ on authoritie0_.authority_id=authority1_.id where authoritie0_.user_id=?
Hibernate: select question0_.id as id1_2_0_, question0_.text as text2_2_0_, question0_.title as title3_2_0_ from question question0_ where question0_.id=?
Hibernate: select answer0_.question_id as question1_3_0_, answer0_.answer as answer2_3_0_ from question_answer answer0_ where answer0_.question_id=?
USERNAME
user@google.com
Hibernate: select user0_.id as id1_5_, user0_.email as email2_5_, user0_.password as password3_5_, user0_.username as username4_5_ from user user0_ where user0_.username=?
Hibernate: select authoritie0_.user_id as user_id1_6_0_, authoritie0_.authority_id as authorit2_6_0_, authority1_.id as id1_0_1_, authority1_.name as name2_0_1_ from user_authority authoritie0_ inner join authority authority1_ on authoritie0_.authority_id=authority1_.id where authoritie0_.user_id=?
Hibernate: call next value for hibernate_sequence
Hibernate: insert into complete_question (completed_at, id, userid, primary_id) values (?, ?, ?, ?)
CompleteQuestion(completedAt=2020-07-29 23:48:03.105, primaryId=32, userid=2, id=15)
?[1;31m
Start test 184?[0m
Hibernate: select user0_.id as id1_5_, user0_.email as email2_5_, user0_.password as password3_5_, user0_.username as username4_5_ from user user0_ where user0_.username=?
Hibernate: select authoritie0_.user_id as user_id1_6_0_, authoritie0_.authority_id as authorit2_6_0_, authority1_.id as id1_0_1_, authority1_.name as name2_0_1_ from user_authority authoritie0_ inner join authority authority1_ on authoritie0_.authority_id=authority1_.id where authoritie0_.user_id=?
USERNAME
test@google.com
Hibernate: select user0_.id as id1_5_, user0_.email as email2_5_, user0_.password as password3_5_, user0_.username as username4_5_ from user user0_ where user0_.username=?
Hibernate: select authoritie0_.user_id as user_id1_6_0_, authoritie0_.authority_id as authorit2_6_0_, authority1_.id as id1_0_1_, authority1_.name as name2_0_1_ from user_authority authoritie0_ inner join authority authority1_ on authoritie0_.authority_id=authority1_.id where authoritie0_.user_id=?
Hibernate: select completequ0_.primary_id as primary_1_1_, completequ0_.completed_at as complete2_1_, completequ0_.id as id3_1_, completequ0_.userid as userid4_1_ from complete_question completequ0_ where completequ0_.userid=? order by completequ0_.completed_at desc limit ?
Hibernate: select count(completequ0_.primary_id) as col_0_0_ from complete_question completequ0_ where completequ0_.userid=?
Page 1 of 2 containing engine.model.CompleteQuestion instances
?[1;31m
Start test 185?[0m
Hibernate: select user0_.id as id1_5_, user0_.email as email2_5_, user0_.password as password3_5_, user0_.username as username4_5_ from user user0_ where user0_.username=?
Hibernate: select authoritie0_.user_id as user_id1_6_0_, authoritie0_.authority_id as authorit2_6_0_, authority1_.id as id1_0_1_, authority1_.name as name2_0_1_ from user_authority authoritie0_ inner join authority authority1_ on authoritie0_.authority_id=authority1_.id where authoritie0_.user_id=?
USERNAME
test@google.com
Hibernate: select user0_.id as id1_5_, user0_.email as email2_5_, user0_.password as password3_5_, user0_.username as username4_5_ from user user0_ where user0_.username=?
Hibernate: select authoritie0_.user_id as user_id1_6_0_, authoritie0_.authority_id as authorit2_6_0_, authority1_.id as id1_0_1_, authority1_.name as name2_0_1_ from user_authority authoritie0_ inner join authority authority1_ on authoritie0_.authority_id=authority1_.id where authoritie0_.user_id=?
Hibernate: select completequ0_.primary_id as primary_1_1_, completequ0_.completed_at as complete2_1_, completequ0_.id as id3_1_, completequ0_.userid as userid4_1_ from complete_question completequ0_ where completequ0_.userid=? order by completequ0_.completed_at desc limit ?
Hibernate: select count(completequ0_.primary_id) as col_0_0_ from complete_question completequ0_ where completequ0_.userid=?
Page 1 of 2 containing engine.model.CompleteQuestion instances
?[1;31m
Start test 186?[0m
Hibernate: select user0_.id as id1_5_, user0_.email as email2_5_, user0_.password as password3_5_, user0_.username as username4_5_ from user user0_ where user0_.username=?
Hibernate: select authoritie0_.user_id as user_id1_6_0_, authoritie0_.authority_id as authorit2_6_0_, authority1_.id as id1_0_1_, authority1_.name as name2_0_1_ from user_authority authoritie0_ inner join authority authority1_ on authoritie0_.authority_id=authority1_.id where authoritie0_.user_id=?
USERNAME
test@google.com
Hibernate: select user0_.id as id1_5_, user0_.email as email2_5_, user0_.password as password3_5_, user0_.username as username4_5_ from user user0_ where user0_.username=?
Hibernate: select authoritie0_.user_id as user_id1_6_0_, authoritie0_.authority_id as authorit2_6_0_, authority1_.id as id1_0_1_, authority1_.name as name2_0_1_ from user_authority authoritie0_ inner join authority authority1_ on authoritie0_.authority_id=authority1_.id where authoritie0_.user_id=?
Hibernate: select completequ0_.primary_id as primary_1_1_, completequ0_.completed_at as complete2_1_, completequ0_.id as id3_1_, completequ0_.userid as userid4_1_ from complete_question completequ0_ where completequ0_.userid=? order by completequ0_.completed_at desc limit ?
Hibernate: select count(completequ0_.primary_id) as col_0_0_ from complete_question completequ0_ where completequ0_.userid=?
Page 1 of 2 containing engine.model.CompleteQuestion instances
?[1;31m
Start test 187?[0m
Hibernate: select user0_.id as id1_5_, user0_.email as email2_5_, user0_.password as password3_5_, user0_.username as username4_5_ from user user0_ where user0_.username=?
Hibernate: select authoritie0_.user_id as user_id1_6_0_, authoritie0_.authority_id as authorit2_6_0_, authority1_.id as id1_0_1_, authority1_.name as name2_0_1_ from user_authority authoritie0_ inner join authority authority1_ on authoritie0_.authority_id=authority1_.id where authoritie0_.user_id=?
USERNAME
test@google.com
Hibernate: select user0_.id as id1_5_, user0_.email as email2_5_, user0_.password as password3_5_, user0_.username as username4_5_ from user user0_ where user0_.username=?
Hibernate: select authoritie0_.user_id as user_id1_6_0_, authoritie0_.authority_id as authorit2_6_0_, authority1_.id as id1_0_1_, authority1_.name as name2_0_1_ from user_authority authoritie0_ inner join authority authority1_ on authoritie0_.authority_id=authority1_.id where authoritie0_.user_id=?
Hibernate: select completequ0_.primary_id as primary_1_1_, completequ0_.completed_at as complete2_1_, completequ0_.id as id3_1_, completequ0_.userid as userid4_1_ from complete_question completequ0_ where completequ0_.userid=? order by completequ0_.completed_at desc limit ?
Hibernate: select count(completequ0_.primary_id) as col_0_0_ from complete_question completequ0_ where completequ0_.userid=?
Page 1 of 2 containing engine.model.CompleteQuestion instances
?[1;31m
Start test 188?[0m
Hibernate: select user0_.id as id1_5_, user0_.email as email2_5_, user0_.password as password3_5_, user0_.username as username4_5_ from user user0_ where user0_.username=?
Hibernate: select authoritie0_.user_id as user_id1_6_0_, authoritie0_.authority_id as authorit2_6_0_, authority1_.id as id1_0_1_, authority1_.name as name2_0_1_ from user_authority authoritie0_ inner join authority authority1_ on authoritie0_.authority_id=authority1_.id where authoritie0_.user_id=?
USERNAME
test@google.com
Hibernate: select user0_.id as id1_5_, user0_.email as email2_5_, user0_.password as password3_5_, user0_.username as username4_5_ from user user0_ where user0_.username=?
Hibernate: select authoritie0_.user_id as user_id1_6_0_, authoritie0_.authority_id as authorit2_6_0_, authority1_.id as id1_0_1_, authority1_.name as name2_0_1_ from user_authority authoritie0_ inner join authority authority1_ on authoritie0_.authority_id=authority1_.id where authoritie0_.user_id=?
Hibernate: select completequ0_.primary_id as primary_1_1_, completequ0_.completed_at as complete2_1_, completequ0_.id as id3_1_, completequ0_.userid as userid4_1_ from complete_question completequ0_ where completequ0_.userid=? order by completequ0_.completed_at desc limit ?
Hibernate: select count(completequ0_.primary_id) as col_0_0_ from complete_question completequ0_ where completequ0_.userid=?
Page 1 of 2 containing engine.model.CompleteQuestion instances
?[1;31m
Start test 189?[0m
Hibernate: select user0_.id as id1_5_, user0_.email as email2_5_, user0_.password as password3_5_, user0_.username as username4_5_ from user user0_ where user0_.username=?
Hibernate: select authoritie0_.user_id as user_id1_6_0_, authoritie0_.authority_id as authorit2_6_0_, authority1_.id as id1_0_1_, authority1_.name as name2_0_1_ from user_authority authoritie0_ inner join authority authority1_ on authoritie0_.authority_id=authority1_.id where authoritie0_.user_id=?
USERNAME
test@google.com
Hibernate: select user0_.id as id1_5_, user0_.email as email2_5_, user0_.password as password3_5_, user0_.username as username4_5_ from user user0_ where user0_.username=?
Hibernate: select authoritie0_.user_id as user_id1_6_0_, authoritie0_.authority_id as authorit2_6_0_, authority1_.id as id1_0_1_, authority1_.name as name2_0_1_ from user_authority authoritie0_ inner join authority authority1_ on authoritie0_.authority_id=authority1_.id where authoritie0_.user_id=?
Hibernate: select completequ0_.primary_id as primary_1_1_, completequ0_.completed_at as complete2_1_, completequ0_.id as id3_1_, completequ0_.userid as userid4_1_ from complete_question completequ0_ where completequ0_.userid=? order by completequ0_.completed_at desc limit ?
Hibernate: select count(completequ0_.primary_id) as col_0_0_ from complete_question completequ0_ where completequ0_.userid=?
Page 1 of 2 containing engine.model.CompleteQuestion instances
?[1;31m
Start test 190?[0m
Hibernate: select user0_.id as id1_5_, user0_.email as email2_5_, user0_.password as password3_5_, user0_.username as username4_5_ from user user0_ where user0_.username=?
Hibernate: select authoritie0_.user_id as user_id1_6_0_, authoritie0_.authority_id as authorit2_6_0_, authority1_.id as id1_0_1_, authority1_.name as name2_0_1_ from user_authority authoritie0_ inner join authority authority1_ on authoritie0_.authority_id=authority1_.id where authoritie0_.user_id=?
USERNAME
test@google.com
Hibernate: select user0_.id as id1_5_, user0_.email as email2_5_, user0_.password as password3_5_, user0_.username as username4_5_ from user user0_ where user0_.username=?
Hibernate: select authoritie0_.user_id as user_id1_6_0_, authoritie0_.authority_id as authorit2_6_0_, authority1_.id as id1_0_1_, authority1_.name as name2_0_1_ from user_authority authoritie0_ inner join authority authority1_ on authoritie0_.authority_id=authority1_.id where authoritie0_.user_id=?
Hibernate: select completequ0_.primary_id as primary_1_1_, completequ0_.completed_at as complete2_1_, completequ0_.id as id3_1_, completequ0_.userid as userid4_1_ from complete_question completequ0_ where completequ0_.userid=? order by completequ0_.completed_at desc limit ? offset ?
Page 2 of 2 containing engine.model.CompleteQuestion instances
?[1;31m
Start test 191?[0m
Hibernate: select user0_.id as id1_5_, user0_.email as email2_5_, user0_.password as password3_5_, user0_.username as username4_5_ from user user0_ where user0_.username=?
Hibernate: select authoritie0_.user_id as user_id1_6_0_, authoritie0_.authority_id as authorit2_6_0_, authority1_.id as id1_0_1_, authority1_.name as name2_0_1_ from user_authority authoritie0_ inner join authority authority1_ on authoritie0_.authority_id=authority1_.id where authoritie0_.user_id=?
USERNAME
user@google.com
Hibernate: select user0_.id as id1_5_, user0_.email as email2_5_, user0_.password as password3_5_, user0_.username as username4_5_ from user user0_ where user0_.username=?
Hibernate: select authoritie0_.user_id as user_id1_6_0_, authoritie0_.authority_id as authorit2_6_0_, authority1_.id as id1_0_1_, authority1_.name as name2_0_1_ from user_authority authoritie0_ inner join authority authority1_ on authoritie0_.authority_id=authority1_.id where authoritie0_.user_id=?
Hibernate: select completequ0_.primary_id as primary_1_1_, completequ0_.completed_at as complete2_1_, completequ0_.id as id3_1_, completequ0_.userid as userid4_1_ from complete_question completequ0_ where completequ0_.userid=? order by completequ0_.completed_at desc limit ?
Hibernate: select count(completequ0_.primary_id) as col_0_0_ from complete_question completequ0_ where completequ0_.userid=?
Page 1 of 2 containing engine.model.CompleteQuestion instances
?[1;31m
Start test 192?[0m
Hibernate: select user0_.id as id1_5_, user0_.email as email2_5_, user0_.password as password3_5_, user0_.username as username4_5_ from user user0_ where user0_.username=?
Hibernate: select authoritie0_.user_id as user_id1_6_0_, authoritie0_.authority_id as authorit2_6_0_, authority1_.id as id1_0_1_, authority1_.name as name2_0_1_ from user_authority authoritie0_ inner join authority authority1_ on authoritie0_.authority_id=authority1_.id where authoritie0_.user_id=?
USERNAME
user@google.com
Hibernate: select user0_.id as id1_5_, user0_.email as email2_5_, user0_.password as password3_5_, user0_.username as username4_5_ from user user0_ where user0_.username=?
Hibernate: select authoritie0_.user_id as user_id1_6_0_, authoritie0_.authority_id as authorit2_6_0_, authority1_.id as id1_0_1_, authority1_.name as name2_0_1_ from user_authority authoritie0_ inner join authority authority1_ on authoritie0_.authority_id=authority1_.id where authoritie0_.user_id=?
Hibernate: select completequ0_.primary_id as primary_1_1_, completequ0_.completed_at as complete2_1_, completequ0_.id as id3_1_, completequ0_.userid as userid4_1_ from complete_question completequ0_ where completequ0_.userid=? order by completequ0_.completed_at desc limit ?
Hibernate: select count(completequ0_.primary_id) as col_0_0_ from complete_question completequ0_ where completequ0_.userid=?
Page 1 of 2 containing engine.model.CompleteQuestion instances
?[1;31m
Start test 193?[0m
Hibernate: select user0_.id as id1_5_, user0_.email as email2_5_, user0_.password as password3_5_, user0_.username as username4_5_ from user user0_ where user0_.username=?
Hibernate: select authoritie0_.user_id as user_id1_6_0_, authoritie0_.authority_id as authorit2_6_0_, authority1_.id as id1_0_1_, authority1_.name as name2_0_1_ from user_authority authoritie0_ inner join authority authority1_ on authoritie0_.authority_id=authority1_.id where authoritie0_.user_id=?
USERNAME
user@google.com
Hibernate: select user0_.id as id1_5_, user0_.email as email2_5_, user0_.password as password3_5_, user0_.username as username4_5_ from user user0_ where user0_.username=?
Hibernate: select authoritie0_.user_id as user_id1_6_0_, authoritie0_.authority_id as authorit2_6_0_, authority1_.id as id1_0_1_, authority1_.name as name2_0_1_ from user_authority authoritie0_ inner join authority authority1_ on authoritie0_.authority_id=authority1_.id where authoritie0_.user_id=?
Hibernate: select completequ0_.primary_id as primary_1_1_, completequ0_.completed_at as complete2_1_, completequ0_.id as id3_1_, completequ0_.userid as userid4_1_ from complete_question completequ0_ where completequ0_.userid=? order by completequ0_.completed_at desc limit ?
Hibernate: select count(completequ0_.primary_id) as col_0_0_ from complete_question completequ0_ where completequ0_.userid=?
Page 1 of 2 containing engine.model.CompleteQuestion instances
?[1;31m
Start test 194?[0m
Hibernate: select user0_.id as id1_5_, user0_.email as email2_5_, user0_.password as password3_5_, user0_.username as username4_5_ from user user0_ where user0_.username=?
Hibernate: select authoritie0_.user_id as user_id1_6_0_, authoritie0_.authority_id as authorit2_6_0_, authority1_.id as id1_0_1_, authority1_.name as name2_0_1_ from user_authority authoritie0_ inner join authority authority1_ on authoritie0_.authority_id=authority1_.id where authoritie0_.user_id=?
USERNAME
user@google.com
Hibernate: select user0_.id as id1_5_, user0_.email as email2_5_, user0_.password as password3_5_, user0_.username as username4_5_ from user user0_ where user0_.username=?
Hibernate: select authoritie0_.user_id as user_id1_6_0_, authoritie0_.authority_id as authorit2_6_0_, authority1_.id as id1_0_1_, authority1_.name as name2_0_1_ from user_authority authoritie0_ inner join authority authority1_ on authoritie0_.authority_id=authority1_.id where authoritie0_.user_id=?
Hibernate: select completequ0_.primary_id as primary_1_1_, completequ0_.completed_at as complete2_1_, completequ0_.id as id3_1_, completequ0_.userid as userid4_1_ from complete_question completequ0_ where completequ0_.userid=? order by completequ0_.completed_at desc limit ?
Hibernate: select count(completequ0_.primary_id) as col_0_0_ from complete_question completequ0_ where completequ0_.userid=?
Page 1 of 2 containing engine.model.CompleteQuestion instances
?[1;31m
Start test 195?[0m
Hibernate: select user0_.id as id1_5_, user0_.email as email2_5_, user0_.password as password3_5_, user0_.username as username4_5_ from user user0_ where user0_.username=?
Hibernate: select authoritie0_.user_id as user_id1_6_0_, authoritie0_.authority_id as authorit2_6_0_, authority1_.id as id1_0_1_, authority1_.name as name2_0_1_ from user_authority authoritie0_ inner join authority authority1_ on authoritie0_.authority_id=authority1_.id where authoritie0_.user_id=?
USERNAME
user@google.com
Hibernate: select user0_.id as id1_5_, user0_.email as email2_5_, user0_.password as password3_5_, user0_.username as username4_5_ from user user0_ where user0_.username=?
Hibernate: select authoritie0_.user_id as user_id1_6_0_, authoritie0_.authority_id as authorit2_6_0_, authority1_.id as id1_0_1_, authority1_.name as name2_0_1_ from user_authority authoritie0_ inner join authority authority1_ on authoritie0_.authority_id=authority1_.id where authoritie0_.user_id=?
Hibernate: select completequ0_.primary_id as primary_1_1_, completequ0_.completed_at as complete2_1_, completequ0_.id as id3_1_, completequ0_.userid as userid4_1_ from complete_question completequ0_ where completequ0_.userid=? order by completequ0_.completed_at desc limit ?
Hibernate: select count(completequ0_.primary_id) as col_0_0_ from complete_question completequ0_ where completequ0_.userid=?
Page 1 of 2 containing engine.model.CompleteQuestion instances
?[1;31m
Start test 196?[0m
Hibernate: select user0_.id as id1_5_, user0_.email as email2_5_, user0_.password as password3_5_, user0_.username as username4_5_ from user user0_ where user0_.username=?
Hibernate: select authoritie0_.user_id as user_id1_6_0_, authoritie0_.authority_id as authorit2_6_0_, authority1_.id as id1_0_1_, authority1_.name as name2_0_1_ from user_authority authoritie0_ inner join authority authority1_ on authoritie0_.authority_id=authority1_.id where authoritie0_.user_id=?
USERNAME
user@google.com
Hibernate: select user0_.id as id1_5_, user0_.email as email2_5_, user0_.password as password3_5_, user0_.username as username4_5_ from user user0_ where user0_.username=?
Hibernate: select authoritie0_.user_id as user_id1_6_0_, authoritie0_.authority_id as authorit2_6_0_, authority1_.id as id1_0_1_, authority1_.name as name2_0_1_ from user_authority authoritie0_ inner join authority authority1_ on authoritie0_.authority_id=authority1_.id where authoritie0_.user_id=?
Hibernate: select completequ0_.primary_id as primary_1_1_, completequ0_.completed_at as complete2_1_, completequ0_.id as id3_1_, completequ0_.userid as userid4_1_ from complete_question completequ0_ where completequ0_.userid=? order by completequ0_.completed_at desc limit ?
Hibernate: select count(completequ0_.primary_id) as col_0_0_ from complete_question completequ0_ where completequ0_.userid=?
Page 1 of 2 containing engine.model.CompleteQuestion instances
?[1;31m
Start test 197?[0m
Hibernate: select user0_.id as id1_5_, user0_.email as email2_5_, user0_.password as password3_5_, user0_.username as username4_5_ from user user0_ where user0_.username=?
Hibernate: select authoritie0_.user_id as user_id1_6_0_, authoritie0_.authority_id as authorit2_6_0_, authority1_.id as id1_0_1_, authority1_.name as name2_0_1_ from user_authority authoritie0_ inner join authority authority1_ on authoritie0_.authority_id=authority1_.id where authoritie0_.user_id=?
USERNAME
user@google.com
Hibernate: select user0_.id as id1_5_, user0_.email as email2_5_, user0_.password as password3_5_, user0_.username as username4_5_ from user user0_ where user0_.username=?
Hibernate: select authoritie0_.user_id as user_id1_6_0_, authoritie0_.authority_id as authorit2_6_0_, authority1_.id as id1_0_1_, authority1_.name as name2_0_1_ from user_authority authoritie0_ inner join authority authority1_ on authoritie0_.authority_id=authority1_.id where authoritie0_.user_id=?
Hibernate: select completequ0_.primary_id as primary_1_1_, completequ0_.completed_at as complete2_1_, completequ0_.id as id3_1_, completequ0_.userid as userid4_1_ from complete_question completequ0_ where completequ0_.userid=? order by completequ0_.completed_at desc limit ? offset ?
Page 2 of 2 containing engine.model.CompleteQuestion instances
?[1;31m
Start test 198?[0m
Hibernate: select user0_.id as id1_5_, user0_.email as email2_5_, user0_.password as password3_5_, user0_.username as username4_5_ from user user0_ where user0_.username=?
Hibernate: select authoritie0_.user_id as user_id1_6_0_, authoritie0_.authority_id as authorit2_6_0_, authority1_.id as id1_0_1_, authority1_.name as name2_0_1_ from user_authority authoritie0_ inner join authority authority1_ on authoritie0_.authority_id=authority1_.id where authoritie0_.user_id=?
USERNAME
user@google.com
Hibernate: select user0_.id as id1_5_, user0_.email as email2_5_, user0_.password as password3_5_, user0_.username as username4_5_ from user user0_ where user0_.username=?
Hibernate: select authoritie0_.user_id as user_id1_6_0_, authoritie0_.authority_id as authorit2_6_0_, authority1_.id as id1_0_1_, authority1_.name as name2_0_1_ from user_authority authoritie0_ inner join authority authority1_ on authoritie0_.authority_id=authority1_.id where authoritie0_.user_id=?
Hibernate: select completequ0_.primary_id as primary_1_1_, completequ0_.completed_at as complete2_1_, completequ0_.id as id3_1_, completequ0_.userid as userid4_1_ from complete_question completequ0_ where completequ0_.userid=? order by completequ0_.completed_at desc limit ? offset ?
Page 2 of 2 containing engine.model.CompleteQuestion instances
?[1;31m
Start test 199?[0m
Hibernate: select user0_.id as id1_5_, user0_.email as email2_5_, user0_.password as password3_5_, user0_.username as username4_5_ from user user0_ where user0_.username=?
Hibernate: select authoritie0_.user_id as user_id1_6_0_, authoritie0_.authority_id as authorit2_6_0_, authority1_.id as id1_0_1_, authority1_.name as name2_0_1_ from user_authority authoritie0_ inner join authority authority1_ on authoritie0_.authority_id=authority1_.id where authoritie0_.user_id=?
Delete question ID:3
Hibernate: select count(*) as col_0_0_ from question question0_ where question0_.id=?
USERNAME
test@google.com
Hibernate: select user0_.id as id1_5_, user0_.email as email2_5_, user0_.password as password3_5_, user0_.username as username4_5_ from user user0_ where user0_.username=?
Hibernate: select authoritie0_.user_id as user_id1_6_0_, authoritie0_.authority_id as authorit2_6_0_, authority1_.id as id1_0_1_, authority1_.name as name2_0_1_ from user_authority authoritie0_ inner join authority authority1_ on authoritie0_.authority_id=authority1_.id where authoritie0_.user_id=?
Hibernate: select questionli0_.question_list_id as question4_2_0_, questionli0_.id as id1_2_0_, questionli0_.id as id1_2_1_, questionli0_.text as text2_2_1_, questionli0_.title as title3_2_1_ from question questionli0_ where questionli0_.question_list_id=?
Hibernate: select answer0_.question_id as question1_3_0_, answer0_.answer as answer2_3_0_ from question_answer answer0_ where answer0_.question_id=?
Hibernate: delete from question_answer where question_id=?
Hibernate: delete from question_options where question_id=?
Hibernate: delete from question where id=?
?[1;31m
Start test 200?[0m
Hibernate: select user0_.id as id1_5_, user0_.email as email2_5_, user0_.password as password3_5_, user0_.username as username4_5_ from user user0_ where user0_.username=?
Hibernate: select authoritie0_.user_id as user_id1_6_0_, authoritie0_.authority_id as authorit2_6_0_, authority1_.id as id1_0_1_, authority1_.name as name2_0_1_ from user_authority authoritie0_ inner join authority authority1_ on authoritie0_.authority_id=authority1_.id where authoritie0_.user_id=?
Delete question ID:3
Hibernate: select count(*) as col_0_0_ from question question0_ where question0_.id=?
?[1;31m
Start test 201?[0m
Hibernate: select user0_.id as id1_5_, user0_.email as email2_5_, user0_.password as password3_5_, user0_.username as username4_5_ from user user0_ where user0_.username=?
Hibernate: select authoritie0_.user_id as user_id1_6_0_, authoritie0_.authority_id as authorit2_6_0_, authority1_.id as id1_0_1_, authority1_.name as name2_0_1_ from user_authority authoritie0_ inner join authority authority1_ on authoritie0_.authority_id=authority1_.id where authoritie0_.user_id=?
Hibernate: select question0_.id as id1_2_0_, question0_.text as text2_2_0_, question0_.title as title3_2_0_ from question question0_ where question0_.id=?
?[1;31m
Start test 202?[0m
Hibernate: select user0_.id as id1_5_, user0_.email as email2_5_, user0_.password as password3_5_, user0_.username as username4_5_ from user user0_ where user0_.username=?
Hibernate: select authoritie0_.user_id as user_id1_6_0_, authoritie0_.authority_id as authorit2_6_0_, authority1_.id as id1_0_1_, authority1_.name as name2_0_1_ from user_authority authoritie0_ inner join authority authority1_ on authoritie0_.authority_id=authority1_.id where authoritie0_.user_id=?
Hibernate: select question0_.id as id1_2_0_, question0_.text as text2_2_0_, question0_.title as title3_2_0_ from question question0_ where question0_.id=?
?[1;31m
Start test 203?[0m
Hibernate: select user0_.id as id1_5_, user0_.email as email2_5_, user0_.password as password3_5_, user0_.username as username4_5_ from user user0_ where user0_.username=?
Hibernate: select authoritie0_.user_id as user_id1_6_0_, authoritie0_.authority_id as authorit2_6_0_, authority1_.id as id1_0_1_, authority1_.name as name2_0_1_ from user_authority authoritie0_ inner join authority authority1_ on authoritie0_.authority_id=authority1_.id where authoritie0_.user_id=?
Hibernate: select question0_.id as id1_2_0_, question0_.text as text2_2_0_, question0_.title as title3_2_0_ from question question0_ where question0_.id=?
Hibernate: select options0_.question_id as question1_4_0_, options0_.options as options2_4_0_ from question_options options0_ where options0_.question_id=?
?[1;31m
Start test 204?[0m
Hibernate: select user0_.id as id1_5_, user0_.email as email2_5_, user0_.password as password3_5_, user0_.username as username4_5_ from user user0_ where user0_.username=?
Hibernate: select authoritie0_.user_id as user_id1_6_0_, authoritie0_.authority_id as authorit2_6_0_, authority1_.id as id1_0_1_, authority1_.name as name2_0_1_ from user_authority authoritie0_ inner join authority authority1_ on authoritie0_.authority_id=authority1_.id where authoritie0_.user_id=?
Hibernate: select question0_.id as id1_2_0_, question0_.text as text2_2_0_, question0_.title as title3_2_0_ from question question0_ where question0_.id=?
Hibernate: select options0_.question_id as question1_4_0_, options0_.options as options2_4_0_ from question_options options0_ where options0_.question_id=?
?[1;31m
Start test 205?[0m
Hibernate: select user0_.id as id1_5_, user0_.email as email2_5_, user0_.password as password3_5_, user0_.username as username4_5_ from user user0_ where user0_.username=?
Hibernate: select authoritie0_.user_id as user_id1_6_0_, authoritie0_.authority_id as authorit2_6_0_, authority1_.id as id1_0_1_, authority1_.name as name2_0_1_ from user_authority authoritie0_ inner join authority authority1_ on authoritie0_.authority_id=authority1_.id where authoritie0_.user_id=?
Delete question ID:4
Hibernate: select count(*) as col_0_0_ from question question0_ where question0_.id=?
USERNAME
test@google.com
Hibernate: select user0_.id as id1_5_, user0_.email as email2_5_, user0_.password as password3_5_, user0_.username as username4_5_ from user user0_ where user0_.username=?
Hibernate: select authoritie0_.user_id as user_id1_6_0_, authoritie0_.authority_id as authorit2_6_0_, authority1_.id as id1_0_1_, authority1_.name as name2_0_1_ from user_authority authoritie0_ inner join authority authority1_ on authoritie0_.authority_id=authority1_.id where authoritie0_.user_id=?
Hibernate: select questionli0_.question_list_id as question4_2_0_, questionli0_.id as id1_2_0_, questionli0_.id as id1_2_1_, questionli0_.text as text2_2_1_, questionli0_.title as title3_2_1_ from question questionli0_ where questionli0_.question_list_id=?
Hibernate: select question0_.id as id1_2_0_, question0_.text as text2_2_0_, question0_.title as title3_2_0_ from question question0_ where question0_.id=?
?[1;31m
Start test 206?[0m
Hibernate: select user0_.id as id1_5_, user0_.email as email2_5_, user0_.password as password3_5_, user0_.username as username4_5_ from user user0_ where user0_.username=?
Hibernate: select authoritie0_.user_id as user_id1_6_0_, authoritie0_.authority_id as authorit2_6_0_, authority1_.id as id1_0_1_, authority1_.name as name2_0_1_ from user_authority authoritie0_ inner join authority authority1_ on authoritie0_.authority_id=authority1_.id where authoritie0_.user_id=?
Delete question ID:4
Hibernate: select count(*) as col_0_0_ from question question0_ where question0_.id=?
USERNAME
test@google.com
Hibernate: select user0_.id as id1_5_, user0_.email as email2_5_, user0_.password as password3_5_, user0_.username as username4_5_ from user user0_ where user0_.username=?
Hibernate: select authoritie0_.user_id as user_id1_6_0_, authoritie0_.authority_id as authorit2_6_0_, authority1_.id as id1_0_1_, authority1_.name as name2_0_1_ from user_authority authoritie0_ inner join authority authority1_ on authoritie0_.authority_id=authority1_.id where authoritie0_.user_id=?
Hibernate: select questionli0_.question_list_id as question4_2_0_, questionli0_.id as id1_2_0_, questionli0_.id as id1_2_1_, questionli0_.text as text2_2_1_, questionli0_.title as title3_2_1_ from question questionli0_ where questionli0_.question_list_id=?
Hibernate: select question0_.id as id1_2_0_, question0_.text as text2_2_0_, question0_.title as title3_2_0_ from question question0_ where question0_.id=?
?[1;31m
Start test 207?[0m
Hibernate: select user0_.id as id1_5_, user0_.email as email2_5_, user0_.password as password3_5_, user0_.username as username4_5_ from user user0_ where user0_.username=?
Hibernate: select authoritie0_.user_id as user_id1_6_0_, authoritie0_.authority_id as authorit2_6_0_, authority1_.id as id1_0_1_, authority1_.name as name2_0_1_ from user_authority authoritie0_ inner join authority authority1_ on authoritie0_.authority_id=authority1_.id where authoritie0_.user_id=?
Delete question ID:4
Hibernate: select count(*) as col_0_0_ from question question0_ where question0_.id=?
USERNAME
user@google.com
Hibernate: select user0_.id as id1_5_, user0_.email as email2_5_, user0_.password as password3_5_, user0_.username as username4_5_ from user user0_ where user0_.username=?
Hibernate: select authoritie0_.user_id as user_id1_6_0_, authoritie0_.authority_id as authorit2_6_0_, authority1_.id as id1_0_1_, authority1_.name as name2_0_1_ from user_authority authoritie0_ inner join authority authority1_ on authoritie0_.authority_id=authority1_.id where authoritie0_.user_id=?
Hibernate: select questionli0_.question_list_id as question4_2_0_, questionli0_.id as id1_2_0_, questionli0_.id as id1_2_1_, questionli0_.text as text2_2_1_, questionli0_.title as title3_2_1_ from question questionli0_ where questionli0_.question_list_id=?
Hibernate: select answer0_.question_id as question1_3_0_, answer0_.answer as answer2_3_0_ from question_answer answer0_ where answer0_.question_id=?
Hibernate: delete from question_answer where question_id=?
Hibernate: delete from question_options where question_id=?
Hibernate: delete from question where id=?
?[1;31m
Start test 208?[0m
Hibernate: select user0_.id as id1_5_, user0_.email as email2_5_, user0_.password as password3_5_, user0_.username as username4_5_ from user user0_ where user0_.username=?
Hibernate: select authoritie0_.user_id as user_id1_6_0_, authoritie0_.authority_id as authorit2_6_0_, authority1_.id as id1_0_1_, authority1_.name as name2_0_1_ from user_authority authoritie0_ inner join authority authority1_ on authoritie0_.authority_id=authority1_.id where authoritie0_.user_id=?
Delete question ID:4
Hibernate: select count(*) as col_0_0_ from question question0_ where question0_.id=?
?[1;31m
Start test 209?[0m
Hibernate: select user0_.id as id1_5_, user0_.email as email2_5_, user0_.password as password3_5_, user0_.username as username4_5_ from user user0_ where user0_.username=?
Hibernate: select authoritie0_.user_id as user_id1_6_0_, authoritie0_.authority_id as authorit2_6_0_, authority1_.id as id1_0_1_, authority1_.name as name2_0_1_ from user_authority authoritie0_ inner join authority authority1_ on authoritie0_.authority_id=authority1_.id where authoritie0_.user_id=?
Delete question ID:4
Hibernate: select count(*) as col_0_0_ from question question0_ where question0_.id=?
?[1;31m
Start test 210?[0m
Hibernate: select user0_.id as id1_5_, user0_.email as email2_5_, user0_.password as password3_5_, user0_.username as username4_5_ from user user0_ where user0_.username=?
Hibernate: select authoritie0_.user_id as user_id1_6_0_, authoritie0_.authority_id as authorit2_6_0_, authority1_.id as id1_0_1_, authority1_.name as name2_0_1_ from user_authority authoritie0_ inner join authority authority1_ on authoritie0_.authority_id=authority1_.id where authoritie0_.user_id=?
Hibernate: select question0_.id as id1_2_0_, question0_.text as text2_2_0_, question0_.title as title3_2_0_ from question question0_ where question0_.id=?
?[1;31m
Start test 211?[0m
Hibernate: select user0_.id as id1_5_, user0_.email as email2_5_, user0_.password as password3_5_, user0_.username as username4_5_ from user user0_ where user0_.username=?
Hibernate: select authoritie0_.user_id as user_id1_6_0_, authoritie0_.authority_id as authorit2_6_0_, authority1_.id as id1_0_1_, authority1_.name as name2_0_1_ from user_authority authoritie0_ inner join authority authority1_ on authoritie0_.authority_id=authority1_.id where authoritie0_.user_id=?
Hibernate: select question0_.id as id1_2_0_, question0_.text as text2_2_0_, question0_.title as title3_2_0_ from question question0_ where question0_.id=?
?[1;31m
Start test 212?[0m
Hibernate: select user0_.id as id1_5_, user0_.email as email2_5_, user0_.password as password3_5_, user0_.username as username4_5_ from user user0_ where user0_.username=?
Hibernate: select authoritie0_.user_id as user_id1_6_0_, authoritie0_.authority_id as authorit2_6_0_, authority1_.id as id1_0_1_, authority1_.name as name2_0_1_ from user_authority authoritie0_ inner join authority authority1_ on authoritie0_.authority_id=authority1_.id where authoritie0_.user_id=?
Hibernate: select question0_.id as id1_2_0_, question0_.text as text2_2_0_, question0_.title as title3_2_0_ from question question0_ where question0_.id=?
?[1;31m
Start test 213?[0m
Hibernate: select user0_.id as id1_5_, user0_.email as email2_5_, user0_.password as password3_5_, user0_.username as username4_5_ from user user0_ where user0_.username=?
Hibernate: select authoritie0_.user_id as user_id1_6_0_, authoritie0_.authority_id as authorit2_6_0_, authority1_.id as id1_0_1_, authority1_.name as name2_0_1_ from user_authority authoritie0_ inner join authority authority1_ on authoritie0_.authority_id=authority1_.id where authoritie0_.user_id=?
Hibernate: select question0_.id as id1_2_0_, question0_.text as text2_2_0_, question0_.title as title3_2_0_ from question question0_ where question0_.id=?
?[1;31m
Start test 214?[0m
Hibernate: select user0_.id as id1_5_, user0_.email as email2_5_, user0_.password as password3_5_, user0_.username as username4_5_ from user user0_ where user0_.username=?
Hibernate: select authoritie0_.user_id as user_id1_6_0_, authoritie0_.authority_id as authorit2_6_0_, authority1_.id as id1_0_1_, authority1_.name as name2_0_1_ from user_authority authoritie0_ inner join authority authority1_ on authoritie0_.authority_id=authority1_.id where authoritie0_.user_id=?
Hibernate: select question0_.id as id1_2_, question0_.text as text2_2_, question0_.title as title3_2_ from question question0_ order by question0_.id asc limit ?
Hibernate: select options0_.question_id as question1_4_0_, options0_.options as options2_4_0_ from question_options options0_ where options0_.question_id=?
Hibernate: select options0_.question_id as question1_4_0_, options0_.options as options2_4_0_ from question_options options0_ where options0_.question_id=?
Hibernate: select options0_.question_id as question1_4_0_, options0_.options as options2_4_0_ from question_options options0_ where options0_.question_id=?
Hibernate: select options0_.question_id as question1_4_0_, options0_.options as options2_4_0_ from question_options options0_ where options0_.question_id=?
Hibernate: select options0_.question_id as question1_4_0_, options0_.options as options2_4_0_ from question_options options0_ where options0_.question_id=?
?[1;31m
Start test 215?[0m
2020-07-29 23:48:06.179  INFO 16968 --- [      Thread-12] o.s.s.concurrent.ThreadPoolTaskExecutor  : Shutting down ExecutorService 'applicationTaskExecutor'
2020-07-29 23:48:06.180  INFO 16968 --- [      Thread-12] j.LocalContainerEntityManagerFactoryBean : Closing JPA EntityManagerFactory for persistence unit 'default'
2020-07-29 23:48:06.182  INFO 16968 --- [      Thread-12] com.zaxxer.hikari.HikariDataSource       : HikariPool-3 - Shutdown initiated...
2020-07-29 23:48:06.227  INFO 16968 --- [      Thread-12] com.zaxxer.hikari.HikariDataSource       : HikariPool-3 - Shutdown completed.

  .   ____          _            __ _ _
 /\\ / ___'_ __ _ _(_)_ __  __ _ \ \ \ \
( ( )\___ | '_ | '_| | '_ \/ _` | \ \ \ \
 \\/  ___)| |_)| | | | | || (_| |  ) ) ) )
  '  |____| .__|_| |_|_| |_\__, | / / / /
 =========|_|==============|___/=/_/_/_/
 :: Spring Boot ::        (v2.2.2.RELEASE)

2020-07-29 23:48:06.338  INFO 16968 --- [    Test worker] engine.WebQuizEngine                     : Starting WebQuizEngine on ChaoX1Carbon with PID 16968 (started by fc200 in C:\Users\fc200\IdeaProjects\Web Quiz Engine\Web Quiz Engine\task)
2020-07-29 23:48:06.338  INFO 16968 --- [    Test worker] engine.WebQuizEngine                     : No active profile set, falling back to default profiles: default
2020-07-29 23:48:06.348  INFO 16968 --- [      Thread-12] o.apache.catalina.core.StandardService   : Stopping service [Tomcat]
2020-07-29 23:48:06.351  INFO 16968 --- [      Thread-12] o.a.c.c.C.[Tomcat].[localhost].[/]       : Destroying Spring FrameworkServlet 'dispatcherServlet'
2020-07-29 23:48:06.617  INFO 16968 --- [    Test worker] .s.d.r.c.RepositoryConfigurationDelegate : Bootstrapping Spring Data JPA repositories in DEFAULT mode.
2020-07-29 23:48:06.634  INFO 16968 --- [    Test worker] .s.d.r.c.RepositoryConfigurationDelegate : Finished Spring Data repository scanning in 16ms. Found 3 JPA repository interfaces.
2020-07-29 23:48:06.690  INFO 16968 --- [    Test worker] trationDelegate$BeanPostProcessorChecker : Bean 'org.springframework.transaction.annotation.ProxyTransactionManagementConfiguration' of type [org.springframework.transaction.annotation.ProxyTransactionManagementConfiguration] is not eligible for getting processed by all BeanPostProcessors (for example: not eligible for auto-proxying)
2020-07-29 23:48:06.722  WARN 16968 --- [    Test worker] org.apache.tomcat.util.modeler.Registry  : The MBean registry cannot be disabled because it has already been initialised
2020-07-29 23:48:06.729  INFO 16968 --- [    Test worker] o.s.b.w.embedded.tomcat.TomcatWebServer  : Tomcat initialized with port(s): 8889 (http)
2020-07-29 23:48:06.730  INFO 16968 --- [    Test worker] o.apache.catalina.core.StandardService   : Starting service [Tomcat]
2020-07-29 23:48:06.730  INFO 16968 --- [    Test worker] org.apache.catalina.core.StandardEngine  : Starting Servlet engine: [Apache Tomcat/9.0.29]
2020-07-29 23:48:06.761  INFO 16968 --- [    Test worker] o.a.c.c.C.[Tomcat].[localhost].[/]       : Initializing Spring embedded WebApplicationContext
2020-07-29 23:48:06.762  INFO 16968 --- [    Test worker] o.s.web.context.ContextLoader            : Root WebApplicationContext: initialization completed in 422 ms
2020-07-29 23:48:06.800  INFO 16968 --- [    Test worker] com.zaxxer.hikari.HikariDataSource       : HikariPool-4 - Starting...
2020-07-29 23:48:06.811  INFO 16968 --- [    Test worker] com.zaxxer.hikari.HikariDataSource       : HikariPool-4 - Start completed.
2020-07-29 23:48:06.811  INFO 16968 --- [    Test worker] o.s.b.a.h2.H2ConsoleAutoConfiguration    : H2 console available at '/h2-console'. Database available at 'jdbc:h2:file:../quizdb'
2020-07-29 23:48:06.891  INFO 16968 --- [    Test worker] o.hibernate.jpa.internal.util.LogHelper  : HHH000204: Processing PersistenceUnitInfo [name: default]
2020-07-29 23:48:06.899  INFO 16968 --- [    Test worker] org.hibernate.dialect.Dialect            : HHH000400: Using dialect: org.hibernate.dialect.H2Dialect
2020-07-29 23:48:07.012  INFO 16968 --- [    Test worker] o.h.e.t.j.p.i.JtaPlatformInitiator       : HHH000490: Using JtaPlatform implementation: [org.hibernate.engine.transaction.jta.platform.internal.NoJtaPlatform]
2020-07-29 23:48:07.012  INFO 16968 --- [    Test worker] j.LocalContainerEntityManagerFactoryBean : Initialized JPA EntityManagerFactory for persistence unit 'default'
2020-07-29 23:48:07.114  WARN 16968 --- [    Test worker] JpaBaseConfiguration$JpaWebConfiguration : spring.jpa.open-in-view is enabled by default. Therefore, database queries may be performed during view rendering. Explicitly configure spring.jpa.open-in-view to disable this warning
2020-07-29 23:48:07.144  INFO 16968 --- [    Test worker] o.s.s.web.DefaultSecurityFilterChain     : Creating filter chain: any request, [org.springframework.security.web.context.request.async.WebAsyncManagerIntegrationFilter@107068b8, org.springframework.security.web.context.SecurityContextPersistenceFilter@79c8fbd1, org.springframework.security.web.header.HeaderWriterFilter@5de45d5f, org.springframework.security.web.authentication.logout.LogoutFilter@68a1d585, org.springframework.security.web.authentication.www.BasicAuthenticationFilter@1b69b999, org.springframework.security.web.savedrequest.RequestCacheAwareFilter@3d69ca52, org.springframework.security.web.servletapi.SecurityContextHolderAwareRequestFilter@42187605, org.springframework.security.web.authentication.AnonymousAuthenticationFilter@4c2f7a73, org.springframework.security.web.session.SessionManagementFilter@624ec961, org.springframework.security.web.access.ExceptionTranslationFilter@36fe4371, org.springframework.security.web.access.intercept.FilterSecurityInterceptor@4d43b12]
2020-07-29 23:48:07.197  INFO 16968 --- [    Test worker] o.s.s.concurrent.ThreadPoolTaskExecutor  : Initializing ExecutorService 'applicationTaskExecutor'
2020-07-29 23:48:07.276  INFO 16968 --- [    Test worker] o.s.b.a.e.web.EndpointLinksResolver      : Exposing 14 endpoint(s) beneath base path '/actuator'
2020-07-29 23:48:07.294  INFO 16968 --- [    Test worker] o.s.b.w.embedded.tomcat.TomcatWebServer  : Tomcat started on port(s): 8889 (http) with context path ''
2020-07-29 23:48:07.294  INFO 16968 --- [    Test worker] engine.WebQuizEngine                     : Started WebQuizEngine in 0.976 seconds (JVM running for 29.901)
?[1;31m
Start test 216?[0m
2020-07-29 23:48:07.299  INFO 16968 --- [nio-8889-exec-1] o.a.c.c.C.[Tomcat].[localhost].[/]       : Initializing Spring DispatcherServlet 'dispatcherServlet'
2020-07-29 23:48:07.300  INFO 16968 --- [nio-8889-exec-1] o.s.web.servlet.DispatcherServlet        : Initializing Servlet 'dispatcherServlet'
2020-07-29 23:48:07.303  INFO 16968 --- [nio-8889-exec-1] o.s.web.servlet.DispatcherServlet        : Completed initialization in 3 ms
Hibernate: select user0_.id as id1_5_, user0_.email as email2_5_, user0_.password as password3_5_, user0_.username as username4_5_ from user user0_ where user0_.username=?
Hibernate: select authoritie0_.user_id as user_id1_6_0_, authoritie0_.authority_id as authorit2_6_0_, authority1_.id as id1_0_1_, authority1_.name as name2_0_1_ from user_authority authoritie0_ inner join authority authority1_ on authoritie0_.authority_id=authority1_.id where authoritie0_.user_id=?
Hibernate: select question0_.id as id1_2_, question0_.text as text2_2_, question0_.title as title3_2_ from question question0_ order by question0_.id asc limit ?
Hibernate: select options0_.question_id as question1_4_0_, options0_.options as options2_4_0_ from question_options options0_ where options0_.question_id=?
Hibernate: select options0_.question_id as question1_4_0_, options0_.options as options2_4_0_ from question_options options0_ where options0_.question_id=?
Hibernate: select options0_.question_id as question1_4_0_, options0_.options as options2_4_0_ from question_options options0_ where options0_.question_id=?
Hibernate: select options0_.question_id as question1_4_0_, options0_.options as options2_4_0_ from question_options options0_ where options0_.question_id=?
Hibernate: select options0_.question_id as question1_4_0_, options0_.options as options2_4_0_ from question_options options0_ where options0_.question_id=?
?[1;31m
Start test 217?[0m
Hibernate: select user0_.id as id1_5_, user0_.email as email2_5_, user0_.password as password3_5_, user0_.username as username4_5_ from user user0_ where user0_.username=?
Hibernate: select authoritie0_.user_id as user_id1_6_0_, authoritie0_.authority_id as authorit2_6_0_, authority1_.id as id1_0_1_, authority1_.name as name2_0_1_ from user_authority authoritie0_ inner join authority authority1_ on authoritie0_.authority_id=authority1_.id where authoritie0_.user_id=?
Hibernate: select question0_.id as id1_2_0_, question0_.text as text2_2_0_, question0_.title as title3_2_0_ from question question0_ where question0_.id=?
?[1;31m
Start test 218?[0m
Hibernate: select user0_.id as id1_5_, user0_.email as email2_5_, user0_.password as password3_5_, user0_.username as username4_5_ from user user0_ where user0_.username=?
Hibernate: select authoritie0_.user_id as user_id1_6_0_, authoritie0_.authority_id as authorit2_6_0_, authority1_.id as id1_0_1_, authority1_.name as name2_0_1_ from user_authority authoritie0_ inner join authority authority1_ on authoritie0_.authority_id=authority1_.id where authoritie0_.user_id=?
Hibernate: select question0_.id as id1_2_0_, question0_.text as text2_2_0_, question0_.title as title3_2_0_ from question question0_ where question0_.id=?
?[1;31m
Start test 219?[0m
Hibernate: select user0_.id as id1_5_, user0_.email as email2_5_, user0_.password as password3_5_, user0_.username as username4_5_ from user user0_ where user0_.username=?
Hibernate: select authoritie0_.user_id as user_id1_6_0_, authoritie0_.authority_id as authorit2_6_0_, authority1_.id as id1_0_1_, authority1_.name as name2_0_1_ from user_authority authoritie0_ inner join authority authority1_ on authoritie0_.authority_id=authority1_.id where authoritie0_.user_id=?
Hibernate: select question0_.id as id1_2_0_, question0_.text as text2_2_0_, question0_.title as title3_2_0_ from question question0_ where question0_.id=?
?[1;31m
Start test 220?[0m
Hibernate: select user0_.id as id1_5_, user0_.email as email2_5_, user0_.password as password3_5_, user0_.username as username4_5_ from user user0_ where user0_.username=?
Hibernate: select authoritie0_.user_id as user_id1_6_0_, authoritie0_.authority_id as authorit2_6_0_, authority1_.id as id1_0_1_, authority1_.name as name2_0_1_ from user_authority authoritie0_ inner join authority authority1_ on authoritie0_.authority_id=authority1_.id where authoritie0_.user_id=?
Hibernate: select question0_.id as id1_2_0_, question0_.text as text2_2_0_, question0_.title as title3_2_0_ from question question0_ where question0_.id=?
?[1;31m
Start test 221?[0m
Hibernate: select user0_.id as id1_5_, user0_.email as email2_5_, user0_.password as password3_5_, user0_.username as username4_5_ from user user0_ where user0_.username=?
Hibernate: select authoritie0_.user_id as user_id1_6_0_, authoritie0_.authority_id as authorit2_6_0_, authority1_.id as id1_0_1_, authority1_.name as name2_0_1_ from user_authority authoritie0_ inner join authority authority1_ on authoritie0_.authority_id=authority1_.id where authoritie0_.user_id=?
USERNAME
test@google.com
Hibernate: select user0_.id as id1_5_, user0_.email as email2_5_, user0_.password as password3_5_, user0_.username as username4_5_ from user user0_ where user0_.username=?
Hibernate: select authoritie0_.user_id as user_id1_6_0_, authoritie0_.authority_id as authorit2_6_0_, authority1_.id as id1_0_1_, authority1_.name as name2_0_1_ from user_authority authoritie0_ inner join authority authority1_ on authoritie0_.authority_id=authority1_.id where authoritie0_.user_id=?
Hibernate: call next value for hibernate_sequence
Hibernate: insert into question (text, title, id) values (?, ?, ?)
Hibernate: insert into question_answer (question_id, answer) values (?, ?)
Hibernate: insert into question_answer (question_id, answer) values (?, ?)
Hibernate: insert into question_answer (question_id, answer) values (?, ?)
Hibernate: insert into question_options (question_id, options) values (?, ?)
Hibernate: insert into question_options (question_id, options) values (?, ?)
Hibernate: insert into question_options (question_id, options) values (?, ?)
Hibernate: insert into question_options (question_id, options) values (?, ?)
Hibernate: select questionli0_.question_list_id as question4_2_0_, questionli0_.id as id1_2_0_, questionli0_.id as id1_2_1_, questionli0_.text as text2_2_1_, questionli0_.title as title3_2_1_ from question questionli0_ where questionli0_.question_list_id=?
Question(id=33, title=Math5, text=Which of the following is equal to 4?, options=[2^2, 2+2, 2-2, 2*2], answer=[0, 1, 3])
Question(id=33, title=Math5, text=Which of the following is equal to 4?, options=[2^2, 2+2, 2-2, 2*2], answer=null)
Hibernate: update question set question_list_id=? where id=?
?[1;31m
Start test 222?[0m
Hibernate: select user0_.id as id1_5_, user0_.email as email2_5_, user0_.password as password3_5_, user0_.username as username4_5_ from user user0_ where user0_.username=?
Hibernate: select authoritie0_.user_id as user_id1_6_0_, authoritie0_.authority_id as authorit2_6_0_, authority1_.id as id1_0_1_, authority1_.name as name2_0_1_ from user_authority authoritie0_ inner join authority authority1_ on authoritie0_.authority_id=authority1_.id where authoritie0_.user_id=?
USERNAME
user@google.com
Hibernate: select user0_.id as id1_5_, user0_.email as email2_5_, user0_.password as password3_5_, user0_.username as username4_5_ from user user0_ where user0_.username=?
Hibernate: select authoritie0_.user_id as user_id1_6_0_, authoritie0_.authority_id as authorit2_6_0_, authority1_.id as id1_0_1_, authority1_.name as name2_0_1_ from user_authority authoritie0_ inner join authority authority1_ on authoritie0_.authority_id=authority1_.id where authoritie0_.user_id=?
Hibernate: call next value for hibernate_sequence
Hibernate: insert into question (text, title, id) values (?, ?, ?)
Hibernate: insert into question_answer (question_id, answer) values (?, ?)
Hibernate: insert into question_answer (question_id, answer) values (?, ?)
Hibernate: insert into question_answer (question_id, answer) values (?, ?)
Hibernate: insert into question_options (question_id, options) values (?, ?)
Hibernate: insert into question_options (question_id, options) values (?, ?)
Hibernate: insert into question_options (question_id, options) values (?, ?)
Hibernate: insert into question_options (question_id, options) values (?, ?)
Hibernate: select questionli0_.question_list_id as question4_2_0_, questionli0_.id as id1_2_0_, questionli0_.id as id1_2_1_, questionli0_.text as text2_2_1_, questionli0_.title as title3_2_1_ from question questionli0_ where questionli0_.question_list_id=?
Question(id=34, title=Math5, text=Which of the following is equal to 4?, options=[2^2, 2+2, 2-2, 2*2], answer=[0, 1, 3])
Question(id=34, title=Math5, text=Which of the following is equal to 4?, options=[2^2, 2+2, 2-2, 2*2], answer=null)
Hibernate: update question set question_list_id=? where id=?
?[1;31m
Start test 223?[0m
Hibernate: select user0_.id as id1_5_, user0_.email as email2_5_, user0_.password as password3_5_, user0_.username as username4_5_ from user user0_ where user0_.username=?
Hibernate: select authoritie0_.user_id as user_id1_6_0_, authoritie0_.authority_id as authorit2_6_0_, authority1_.id as id1_0_1_, authority1_.name as name2_0_1_ from user_authority authoritie0_ inner join authority authority1_ on authoritie0_.authority_id=authority1_.id where authoritie0_.user_id=?
USERNAME
test@google.com
Hibernate: select user0_.id as id1_5_, user0_.email as email2_5_, user0_.password as password3_5_, user0_.username as username4_5_ from user user0_ where user0_.username=?
Hibernate: select authoritie0_.user_id as user_id1_6_0_, authoritie0_.authority_id as authorit2_6_0_, authority1_.id as id1_0_1_, authority1_.name as name2_0_1_ from user_authority authoritie0_ inner join authority authority1_ on authoritie0_.authority_id=authority1_.id where authoritie0_.user_id=?
Hibernate: call next value for hibernate_sequence
Hibernate: insert into question (text, title, id) values (?, ?, ?)
Hibernate: insert into question_answer (question_id, answer) values (?, ?)
Hibernate: insert into question_answer (question_id, answer) values (?, ?)
Hibernate: insert into question_answer (question_id, answer) values (?, ?)
Hibernate: insert into question_options (question_id, options) values (?, ?)
Hibernate: insert into question_options (question_id, options) values (?, ?)
Hibernate: insert into question_options (question_id, options) values (?, ?)
Hibernate: insert into question_options (question_id, options) values (?, ?)
Hibernate: select questionli0_.question_list_id as question4_2_0_, questionli0_.id as id1_2_0_, questionli0_.id as id1_2_1_, questionli0_.text as text2_2_1_, questionli0_.title as title3_2_1_ from question questionli0_ where questionli0_.question_list_id=?
Question(id=35, title=Math5, text=Which of the following is equal to 4?, options=[2^2, 2+2, 2-2, 2*2], answer=[0, 1, 3])
Question(id=35, title=Math5, text=Which of the following is equal to 4?, options=[2^2, 2+2, 2-2, 2*2], answer=null)
Hibernate: update question set question_list_id=? where id=?
?[1;31m
Start test 224?[0m
Hibernate: select user0_.id as id1_5_, user0_.email as email2_5_, user0_.password as password3_5_, user0_.username as username4_5_ from user user0_ where user0_.username=?
Hibernate: select authoritie0_.user_id as user_id1_6_0_, authoritie0_.authority_id as authorit2_6_0_, authority1_.id as id1_0_1_, authority1_.name as name2_0_1_ from user_authority authoritie0_ inner join authority authority1_ on authoritie0_.authority_id=authority1_.id where authoritie0_.user_id=?
USERNAME
test@google.com
Hibernate: select user0_.id as id1_5_, user0_.email as email2_5_, user0_.password as password3_5_, user0_.username as username4_5_ from user user0_ where user0_.username=?
Hibernate: select authoritie0_.user_id as user_id1_6_0_, authoritie0_.authority_id as authorit2_6_0_, authority1_.id as id1_0_1_, authority1_.name as name2_0_1_ from user_authority authoritie0_ inner join authority authority1_ on authoritie0_.authority_id=authority1_.id where authoritie0_.user_id=?
Hibernate: call next value for hibernate_sequence
Hibernate: insert into question (text, title, id) values (?, ?, ?)
Hibernate: insert into question_answer (question_id, answer) values (?, ?)
Hibernate: insert into question_answer (question_id, answer) values (?, ?)
Hibernate: insert into question_answer (question_id, answer) values (?, ?)
Hibernate: insert into question_options (question_id, options) values (?, ?)
Hibernate: insert into question_options (question_id, options) values (?, ?)
Hibernate: insert into question_options (question_id, options) values (?, ?)
Hibernate: insert into question_options (question_id, options) values (?, ?)
Hibernate: select questionli0_.question_list_id as question4_2_0_, questionli0_.id as id1_2_0_, questionli0_.id as id1_2_1_, questionli0_.text as text2_2_1_, questionli0_.title as title3_2_1_ from question questionli0_ where questionli0_.question_list_id=?
Question(id=36, title=Math5, text=Which of the following is equal to 4?, options=[2^2, 2+2, 2-2, 2*2], answer=[0, 1, 3])
Question(id=36, title=Math5, text=Which of the following is equal to 4?, options=[2^2, 2+2, 2-2, 2*2], answer=null)
Hibernate: update question set question_list_id=? where id=?
?[1;31m
Start test 225?[0m
Hibernate: select user0_.id as id1_5_, user0_.email as email2_5_, user0_.password as password3_5_, user0_.username as username4_5_ from user user0_ where user0_.username=?
Hibernate: select authoritie0_.user_id as user_id1_6_0_, authoritie0_.authority_id as authorit2_6_0_, authority1_.id as id1_0_1_, authority1_.name as name2_0_1_ from user_authority authoritie0_ inner join authority authority1_ on authoritie0_.authority_id=authority1_.id where authoritie0_.user_id=?
USERNAME
test@google.com
Hibernate: select user0_.id as id1_5_, user0_.email as email2_5_, user0_.password as password3_5_, user0_.username as username4_5_ from user user0_ where user0_.username=?
Hibernate: select authoritie0_.user_id as user_id1_6_0_, authoritie0_.authority_id as authorit2_6_0_, authority1_.id as id1_0_1_, authority1_.name as name2_0_1_ from user_authority authoritie0_ inner join authority authority1_ on authoritie0_.authority_id=authority1_.id where authoritie0_.user_id=?
Hibernate: call next value for hibernate_sequence
Hibernate: insert into question (text, title, id) values (?, ?, ?)
Hibernate: insert into question_answer (question_id, answer) values (?, ?)
Hibernate: insert into question_answer (question_id, answer) values (?, ?)
Hibernate: insert into question_answer (question_id, answer) values (?, ?)
Hibernate: insert into question_options (question_id, options) values (?, ?)
Hibernate: insert into question_options (question_id, options) values (?, ?)
Hibernate: insert into question_options (question_id, options) values (?, ?)
Hibernate: insert into question_options (question_id, options) values (?, ?)
Hibernate: select questionli0_.question_list_id as question4_2_0_, questionli0_.id as id1_2_0_, questionli0_.id as id1_2_1_, questionli0_.text as text2_2_1_, questionli0_.title as title3_2_1_ from question questionli0_ where questionli0_.question_list_id=?
Question(id=37, title=Math5, text=Which of the following is equal to 4?, options=[2^2, 2+2, 2-2, 2*2], answer=[0, 1, 3])
Question(id=37, title=Math5, text=Which of the following is equal to 4?, options=[2^2, 2+2, 2-2, 2*2], answer=null)
Hibernate: update question set question_list_id=? where id=?
?[1;31m
Start test 226?[0m
Hibernate: select user0_.id as id1_5_, user0_.email as email2_5_, user0_.password as password3_5_, user0_.username as username4_5_ from user user0_ where user0_.username=?
Hibernate: select authoritie0_.user_id as user_id1_6_0_, authoritie0_.authority_id as authorit2_6_0_, authority1_.id as id1_0_1_, authority1_.name as name2_0_1_ from user_authority authoritie0_ inner join authority authority1_ on authoritie0_.authority_id=authority1_.id where authoritie0_.user_id=?
USERNAME
user@google.com
Hibernate: select user0_.id as id1_5_, user0_.email as email2_5_, user0_.password as password3_5_, user0_.username as username4_5_ from user user0_ where user0_.username=?
Hibernate: select authoritie0_.user_id as user_id1_6_0_, authoritie0_.authority_id as authorit2_6_0_, authority1_.id as id1_0_1_, authority1_.name as name2_0_1_ from user_authority authoritie0_ inner join authority authority1_ on authoritie0_.authority_id=authority1_.id where authoritie0_.user_id=?
Hibernate: call next value for hibernate_sequence
Hibernate: insert into question (text, title, id) values (?, ?, ?)
Hibernate: insert into question_answer (question_id, answer) values (?, ?)
Hibernate: insert into question_answer (question_id, answer) values (?, ?)
Hibernate: insert into question_answer (question_id, answer) values (?, ?)
Hibernate: insert into question_options (question_id, options) values (?, ?)
Hibernate: insert into question_options (question_id, options) values (?, ?)
Hibernate: insert into question_options (question_id, options) values (?, ?)
Hibernate: insert into question_options (question_id, options) values (?, ?)
Hibernate: select questionli0_.question_list_id as question4_2_0_, questionli0_.id as id1_2_0_, questionli0_.id as id1_2_1_, questionli0_.text as text2_2_1_, questionli0_.title as title3_2_1_ from question questionli0_ where questionli0_.question_list_id=?
Question(id=38, title=Math5, text=Which of the following is equal to 4?, options=[2^2, 2+2, 2-2, 2*2], answer=[0, 1, 3])
Question(id=38, title=Math5, text=Which of the following is equal to 4?, options=[2^2, 2+2, 2-2, 2*2], answer=null)
Hibernate: update question set question_list_id=? where id=?
?[1;31m
Start test 227?[0m
Hibernate: select user0_.id as id1_5_, user0_.email as email2_5_, user0_.password as password3_5_, user0_.username as username4_5_ from user user0_ where user0_.username=?
Hibernate: select authoritie0_.user_id as user_id1_6_0_, authoritie0_.authority_id as authorit2_6_0_, authority1_.id as id1_0_1_, authority1_.name as name2_0_1_ from user_authority authoritie0_ inner join authority authority1_ on authoritie0_.authority_id=authority1_.id where authoritie0_.user_id=?
USERNAME
test@google.com
Hibernate: select user0_.id as id1_5_, user0_.email as email2_5_, user0_.password as password3_5_, user0_.username as username4_5_ from user user0_ where user0_.username=?
Hibernate: select authoritie0_.user_id as user_id1_6_0_, authoritie0_.authority_id as authorit2_6_0_, authority1_.id as id1_0_1_, authority1_.name as name2_0_1_ from user_authority authoritie0_ inner join authority authority1_ on authoritie0_.authority_id=authority1_.id where authoritie0_.user_id=?
Hibernate: call next value for hibernate_sequence
Hibernate: insert into question (text, title, id) values (?, ?, ?)
Hibernate: insert into question_answer (question_id, answer) values (?, ?)
Hibernate: insert into question_answer (question_id, answer) values (?, ?)
Hibernate: insert into question_answer (question_id, answer) values (?, ?)
Hibernate: insert into question_options (question_id, options) values (?, ?)
Hibernate: insert into question_options (question_id, options) values (?, ?)
Hibernate: insert into question_options (question_id, options) values (?, ?)
Hibernate: insert into question_options (question_id, options) values (?, ?)
Hibernate: select questionli0_.question_list_id as question4_2_0_, questionli0_.id as id1_2_0_, questionli0_.id as id1_2_1_, questionli0_.text as text2_2_1_, questionli0_.title as title3_2_1_ from question questionli0_ where questionli0_.question_list_id=?
Question(id=39, title=Math5, text=Which of the following is equal to 4?, options=[2^2, 2+2, 2-2, 2*2], answer=[0, 1, 3])
Question(id=39, title=Math5, text=Which of the following is equal to 4?, options=[2^2, 2+2, 2-2, 2*2], answer=null)
Hibernate: update question set question_list_id=? where id=?
?[1;31m
Start test 228?[0m
Hibernate: select user0_.id as id1_5_, user0_.email as email2_5_, user0_.password as password3_5_, user0_.username as username4_5_ from user user0_ where user0_.username=?
Hibernate: select authoritie0_.user_id as user_id1_6_0_, authoritie0_.authority_id as authorit2_6_0_, authority1_.id as id1_0_1_, authority1_.name as name2_0_1_ from user_authority authoritie0_ inner join authority authority1_ on authoritie0_.authority_id=authority1_.id where authoritie0_.user_id=?
USERNAME
user@google.com
Hibernate: select user0_.id as id1_5_, user0_.email as email2_5_, user0_.password as password3_5_, user0_.username as username4_5_ from user user0_ where user0_.username=?
Hibernate: select authoritie0_.user_id as user_id1_6_0_, authoritie0_.authority_id as authorit2_6_0_, authority1_.id as id1_0_1_, authority1_.name as name2_0_1_ from user_authority authoritie0_ inner join authority authority1_ on authoritie0_.authority_id=authority1_.id where authoritie0_.user_id=?
Hibernate: call next value for hibernate_sequence
Hibernate: insert into question (text, title, id) values (?, ?, ?)
Hibernate: insert into question_answer (question_id, answer) values (?, ?)
Hibernate: insert into question_answer (question_id, answer) values (?, ?)
Hibernate: insert into question_answer (question_id, answer) values (?, ?)
Hibernate: insert into question_options (question_id, options) values (?, ?)
Hibernate: insert into question_options (question_id, options) values (?, ?)
Hibernate: insert into question_options (question_id, options) values (?, ?)
Hibernate: insert into question_options (question_id, options) values (?, ?)
Hibernate: select questionli0_.question_list_id as question4_2_0_, questionli0_.id as id1_2_0_, questionli0_.id as id1_2_1_, questionli0_.text as text2_2_1_, questionli0_.title as title3_2_1_ from question questionli0_ where questionli0_.question_list_id=?
Question(id=40, title=Math5, text=Which of the following is equal to 4?, options=[2^2, 2+2, 2-2, 2*2], answer=[0, 1, 3])
Question(id=40, title=Math5, text=Which of the following is equal to 4?, options=[2^2, 2+2, 2-2, 2*2], answer=null)
Hibernate: update question set question_list_id=? where id=?
?[1;31m
Start test 229?[0m
Hibernate: select user0_.id as id1_5_, user0_.email as email2_5_, user0_.password as password3_5_, user0_.username as username4_5_ from user user0_ where user0_.username=?
Hibernate: select authoritie0_.user_id as user_id1_6_0_, authoritie0_.authority_id as authorit2_6_0_, authority1_.id as id1_0_1_, authority1_.name as name2_0_1_ from user_authority authoritie0_ inner join authority authority1_ on authoritie0_.authority_id=authority1_.id where authoritie0_.user_id=?
USERNAME
test@google.com
Hibernate: select user0_.id as id1_5_, user0_.email as email2_5_, user0_.password as password3_5_, user0_.username as username4_5_ from user user0_ where user0_.username=?
Hibernate: select authoritie0_.user_id as user_id1_6_0_, authoritie0_.authority_id as authorit2_6_0_, authority1_.id as id1_0_1_, authority1_.name as name2_0_1_ from user_authority authoritie0_ inner join authority authority1_ on authoritie0_.authority_id=authority1_.id where authoritie0_.user_id=?
Hibernate: call next value for hibernate_sequence
Hibernate: insert into question (text, title, id) values (?, ?, ?)
Hibernate: insert into question_answer (question_id, answer) values (?, ?)
Hibernate: insert into question_answer (question_id, answer) values (?, ?)
Hibernate: insert into question_answer (question_id, answer) values (?, ?)
Hibernate: insert into question_options (question_id, options) values (?, ?)
Hibernate: insert into question_options (question_id, options) values (?, ?)
Hibernate: insert into question_options (question_id, options) values (?, ?)
Hibernate: insert into question_options (question_id, options) values (?, ?)
Hibernate: select questionli0_.question_list_id as question4_2_0_, questionli0_.id as id1_2_0_, questionli0_.id as id1_2_1_, questionli0_.text as text2_2_1_, questionli0_.title as title3_2_1_ from question questionli0_ where questionli0_.question_list_id=?
Question(id=41, title=Math5, text=Which of the following is equal to 4?, options=[2^2, 2+2, 2-2, 2*2], answer=[0, 1, 3])
Question(id=41, title=Math5, text=Which of the following is equal to 4?, options=[2^2, 2+2, 2-2, 2*2], answer=null)
Hibernate: update question set question_list_id=? where id=?
?[1;31m
Start test 230?[0m
Hibernate: select user0_.id as id1_5_, user0_.email as email2_5_, user0_.password as password3_5_, user0_.username as username4_5_ from user user0_ where user0_.username=?
Hibernate: select authoritie0_.user_id as user_id1_6_0_, authoritie0_.authority_id as authorit2_6_0_, authority1_.id as id1_0_1_, authority1_.name as name2_0_1_ from user_authority authoritie0_ inner join authority authority1_ on authoritie0_.authority_id=authority1_.id where authoritie0_.user_id=?
USERNAME
user@google.com
Hibernate: select user0_.id as id1_5_, user0_.email as email2_5_, user0_.password as password3_5_, user0_.username as username4_5_ from user user0_ where user0_.username=?
Hibernate: select authoritie0_.user_id as user_id1_6_0_, authoritie0_.authority_id as authorit2_6_0_, authority1_.id as id1_0_1_, authority1_.name as name2_0_1_ from user_authority authoritie0_ inner join authority authority1_ on authoritie0_.authority_id=authority1_.id where authoritie0_.user_id=?
Hibernate: call next value for hibernate_sequence
Hibernate: insert into question (text, title, id) values (?, ?, ?)
Hibernate: insert into question_answer (question_id, answer) values (?, ?)
Hibernate: insert into question_answer (question_id, answer) values (?, ?)
Hibernate: insert into question_answer (question_id, answer) values (?, ?)
Hibernate: insert into question_options (question_id, options) values (?, ?)
Hibernate: insert into question_options (question_id, options) values (?, ?)
Hibernate: insert into question_options (question_id, options) values (?, ?)
Hibernate: insert into question_options (question_id, options) values (?, ?)
Hibernate: select questionli0_.question_list_id as question4_2_0_, questionli0_.id as id1_2_0_, questionli0_.id as id1_2_1_, questionli0_.text as text2_2_1_, questionli0_.title as title3_2_1_ from question questionli0_ where questionli0_.question_list_id=?
Question(id=42, title=Math5, text=Which of the following is equal to 4?, options=[2^2, 2+2, 2-2, 2*2], answer=[0, 1, 3])
Question(id=42, title=Math5, text=Which of the following is equal to 4?, options=[2^2, 2+2, 2-2, 2*2], answer=null)
Hibernate: update question set question_list_id=? where id=?
?[1;31m
Start test 231?[0m
Hibernate: select user0_.id as id1_5_, user0_.email as email2_5_, user0_.password as password3_5_, user0_.username as username4_5_ from user user0_ where user0_.username=?
Hibernate: select authoritie0_.user_id as user_id1_6_0_, authoritie0_.authority_id as authorit2_6_0_, authority1_.id as id1_0_1_, authority1_.name as name2_0_1_ from user_authority authoritie0_ inner join authority authority1_ on authoritie0_.authority_id=authority1_.id where authoritie0_.user_id=?
Hibernate: select question0_.id as id1_2_, question0_.text as text2_2_, question0_.title as title3_2_ from question question0_ order by question0_.id asc limit ?
Hibernate: select count(question0_.id) as col_0_0_ from question question0_
Hibernate: select options0_.question_id as question1_4_0_, options0_.options as options2_4_0_ from question_options options0_ where options0_.question_id=?
Hibernate: select options0_.question_id as question1_4_0_, options0_.options as options2_4_0_ from question_options options0_ where options0_.question_id=?
Hibernate: select options0_.question_id as question1_4_0_, options0_.options as options2_4_0_ from question_options options0_ where options0_.question_id=?
Hibernate: select options0_.question_id as question1_4_0_, options0_.options as options2_4_0_ from question_options options0_ where options0_.question_id=?
Hibernate: select options0_.question_id as question1_4_0_, options0_.options as options2_4_0_ from question_options options0_ where options0_.question_id=?
Hibernate: select options0_.question_id as question1_4_0_, options0_.options as options2_4_0_ from question_options options0_ where options0_.question_id=?
Hibernate: select options0_.question_id as question1_4_0_, options0_.options as options2_4_0_ from question_options options0_ where options0_.question_id=?
Hibernate: select options0_.question_id as question1_4_0_, options0_.options as options2_4_0_ from question_options options0_ where options0_.question_id=?
Hibernate: select options0_.question_id as question1_4_0_, options0_.options as options2_4_0_ from question_options options0_ where options0_.question_id=?
Hibernate: select options0_.question_id as question1_4_0_, options0_.options as options2_4_0_ from question_options options0_ where options0_.question_id=?
?[1;31m
Start test 232?[0m
Hibernate: select user0_.id as id1_5_, user0_.email as email2_5_, user0_.password as password3_5_, user0_.username as username4_5_ from user user0_ where user0_.username=?
Hibernate: select authoritie0_.user_id as user_id1_6_0_, authoritie0_.authority_id as authorit2_6_0_, authority1_.id as id1_0_1_, authority1_.name as name2_0_1_ from user_authority authoritie0_ inner join authority authority1_ on authoritie0_.authority_id=authority1_.id where authoritie0_.user_id=?
Hibernate: select question0_.id as id1_2_, question0_.text as text2_2_, question0_.title as title3_2_ from question question0_ order by question0_.id asc limit ?
Hibernate: select count(question0_.id) as col_0_0_ from question question0_
Hibernate: select options0_.question_id as question1_4_0_, options0_.options as options2_4_0_ from question_options options0_ where options0_.question_id=?
Hibernate: select options0_.question_id as question1_4_0_, options0_.options as options2_4_0_ from question_options options0_ where options0_.question_id=?
Hibernate: select options0_.question_id as question1_4_0_, options0_.options as options2_4_0_ from question_options options0_ where options0_.question_id=?
Hibernate: select options0_.question_id as question1_4_0_, options0_.options as options2_4_0_ from question_options options0_ where options0_.question_id=?
Hibernate: select options0_.question_id as question1_4_0_, options0_.options as options2_4_0_ from question_options options0_ where options0_.question_id=?
Hibernate: select options0_.question_id as question1_4_0_, options0_.options as options2_4_0_ from question_options options0_ where options0_.question_id=?
Hibernate: select options0_.question_id as question1_4_0_, options0_.options as options2_4_0_ from question_options options0_ where options0_.question_id=?
Hibernate: select options0_.question_id as question1_4_0_, options0_.options as options2_4_0_ from question_options options0_ where options0_.question_id=?
Hibernate: select options0_.question_id as question1_4_0_, options0_.options as options2_4_0_ from question_options options0_ where options0_.question_id=?
Hibernate: select options0_.question_id as question1_4_0_, options0_.options as options2_4_0_ from question_options options0_ where options0_.question_id=?
?[1;31m
Start test 233?[0m
Hibernate: select user0_.id as id1_5_, user0_.email as email2_5_, user0_.password as password3_5_, user0_.username as username4_5_ from user user0_ where user0_.username=?
Hibernate: select authoritie0_.user_id as user_id1_6_0_, authoritie0_.authority_id as authorit2_6_0_, authority1_.id as id1_0_1_, authority1_.name as name2_0_1_ from user_authority authoritie0_ inner join authority authority1_ on authoritie0_.authority_id=authority1_.id where authoritie0_.user_id=?
Hibernate: select question0_.id as id1_2_, question0_.text as text2_2_, question0_.title as title3_2_ from question question0_ order by question0_.id asc limit ? offset ?
Hibernate: select options0_.question_id as question1_4_0_, options0_.options as options2_4_0_ from question_options options0_ where options0_.question_id=?
Hibernate: select options0_.question_id as question1_4_0_, options0_.options as options2_4_0_ from question_options options0_ where options0_.question_id=?
Hibernate: select options0_.question_id as question1_4_0_, options0_.options as options2_4_0_ from question_options options0_ where options0_.question_id=?
Hibernate: select options0_.question_id as question1_4_0_, options0_.options as options2_4_0_ from question_options options0_ where options0_.question_id=?
Hibernate: select options0_.question_id as question1_4_0_, options0_.options as options2_4_0_ from question_options options0_ where options0_.question_id=?
?[1;31m
Start test 234?[0m
Hibernate: select user0_.id as id1_5_, user0_.email as email2_5_, user0_.password as password3_5_, user0_.username as username4_5_ from user user0_ where user0_.username=?
Hibernate: select authoritie0_.user_id as user_id1_6_0_, authoritie0_.authority_id as authorit2_6_0_, authority1_.id as id1_0_1_, authority1_.name as name2_0_1_ from user_authority authoritie0_ inner join authority authority1_ on authoritie0_.authority_id=authority1_.id where authoritie0_.user_id=?
Hibernate: select question0_.id as id1_2_, question0_.text as text2_2_, question0_.title as title3_2_ from question question0_ order by question0_.id asc limit ? offset ?
Hibernate: select options0_.question_id as question1_4_0_, options0_.options as options2_4_0_ from question_options options0_ where options0_.question_id=?
Hibernate: select options0_.question_id as question1_4_0_, options0_.options as options2_4_0_ from question_options options0_ where options0_.question_id=?
Hibernate: select options0_.question_id as question1_4_0_, options0_.options as options2_4_0_ from question_options options0_ where options0_.question_id=?
Hibernate: select options0_.question_id as question1_4_0_, options0_.options as options2_4_0_ from question_options options0_ where options0_.question_id=?
Hibernate: select options0_.question_id as question1_4_0_, options0_.options as options2_4_0_ from question_options options0_ where options0_.question_id=?
]]></system-out>
  <system-err><![CDATA[]]></system-err>
</testsuite>
